#
# There is insufficient memory for the Java Runtime Environment to continue.
# Native memory allocation (malloc) failed to allocate 1634208 bytes for Chunk::new
# Possible reasons:
#   The system is out of physical RAM or swap space
#   In 32 bit mode, the process size limit was hit
# Possible solutions:
#   Reduce memory load on the system
#   Increase physical memory or swap space
#   Check if swap backing store is full
#   Use 64 bit Java on a 64 bit OS
#   Decrease Java heap size (-Xmx/-Xms)
#   Decrease number of Java threads
#   Decrease Java thread stack sizes (-Xss)
#   Set larger code cache with -XX:ReservedCodeCacheSize=
# This output file may be truncated or incomplete.
#
#  Out of Memory Error (allocation.cpp:390), pid=11044, tid=0x00000000000002bc
#
# JRE version: Java(TM) SE Runtime Environment (8.0_131-b11) (build 1.8.0_131-b11)
# Java VM: Java HotSpot(TM) 64-Bit Server VM (25.131-b11 mixed mode windows-amd64 compressed oops)
# Failed to write core dump. Minidumps are not enabled by default on client versions of Windows
#

---------------  T H R E A D  ---------------

Current thread (0x0000000016186800):  JavaThread "C2 CompilerThread1" daemon [_thread_in_native, id=700, stack(0x0000000017900000,0x0000000017a00000)]

Stack: [0x0000000017900000,0x0000000017a00000]
[error occurred during error reporting (printing stack bounds), id 0xc0000005]

Native frames: (J=compiled Java code, j=interpreted, Vv=VM code, C=native code)


Current CompileTask:
C2:   4549 1393       4       java.net.URLClassLoader$1::run (5 bytes)


---------------  P R O C E S S  ---------------

Java Threads: ( => current thread )
  0x00000000191ba000 JavaThread "Cache worker for file hash cache (C:\Users\Client\Documents\TDM2\TP2\EXO2\.gradle\5.4.1\fileHashes)" [_thread_blocked, id=6612, stack(0x000000001d120000,0x000000001d220000)]
  0x00000000191be800 JavaThread "Cache worker for journal cache (C:\Users\Client\.gradle\caches\journal-1)" [_thread_blocked, id=3168, stack(0x000000001ad80000,0x000000001ae80000)]
  0x00000000191bb800 JavaThread "File lock request listener" [_thread_in_native, id=13308, stack(0x000000001ac80000,0x000000001ad80000)]
  0x00000000191b9000 JavaThread "Cache worker for file hash cache (C:\Users\Client\.gradle\caches\5.4.1\fileHashes)" [_thread_blocked, id=17388, stack(0x000000001ab80000,0x000000001ac80000)]
  0x00000000193cb800 JavaThread "Thread-9" [_thread_blocked, id=12812, stack(0x000000001aa80000,0x000000001ab80000)]
  0x000000001946d800 JavaThread "Stdin handler" [_thread_blocked, id=14456, stack(0x000000001a980000,0x000000001aa80000)]
  0x000000001946b800 JavaThread "Asynchronous log dispatcher for DefaultDaemonConnection: socket connection from /127.0.0.1:65169 to /127.0.0.1:65171" [_thread_blocked, id=16592, stack(0x000000001a880000,0x000000001a980000)]
  0x0000000019018800 JavaThread "Daemon worker" [_thread_in_Java, id=13656, stack(0x000000001a780000,0x000000001a880000)]
  0x0000000019018000 JavaThread "Cancel handler" [_thread_blocked, id=15272, stack(0x000000001a680000,0x000000001a780000)]
  0x0000000019009000 JavaThread "Handler for socket connection from /127.0.0.1:65169 to /127.0.0.1:65171" [_thread_in_native, id=6904, stack(0x000000001a380000,0x000000001a480000)]
  0x000000001900b800 JavaThread "Daemon" [_thread_blocked, id=16728, stack(0x000000001a280000,0x000000001a380000)]
  0x0000000018ffd000 JavaThread "Daemon periodic checks" [_thread_blocked, id=13132, stack(0x000000001a180000,0x000000001a280000)]
  0x0000000018ff4000 JavaThread "Incoming local TCP Connector on port 65169" [_thread_in_native, id=6664, stack(0x0000000019f10000,0x000000001a010000)]
  0x00000000190c6800 JavaThread "Daemon health stats" [_thread_blocked, id=13580, stack(0x00000000198d0000,0x00000000199d0000)]
  0x0000000017b28800 JavaThread "Service Thread" daemon [_thread_blocked, id=15580, stack(0x0000000017f00000,0x0000000018000000)]
  0x000000001618a000 JavaThread "C1 CompilerThread2" daemon [_thread_in_native, id=15500, stack(0x0000000017a00000,0x0000000017b00000)]
=>0x0000000016186800 JavaThread "C2 CompilerThread1" daemon [_thread_in_native, id=700, stack(0x0000000017900000,0x0000000017a00000)]
  0x000000001617f800 JavaThread "C2 CompilerThread0" daemon [_thread_in_native, id=14568, stack(0x0000000017800000,0x0000000017900000)]
  0x000000001617d000 JavaThread "Attach Listener" daemon [_thread_blocked, id=7516, stack(0x0000000017700000,0x0000000017800000)]
  0x000000001617b800 JavaThread "Signal Dispatcher" daemon [_thread_blocked, id=10368, stack(0x0000000017600000,0x0000000017700000)]
  0x000000000280c000 JavaThread "Finalizer" daemon [_thread_blocked, id=11864, stack(0x00000000173d0000,0x00000000174d0000)]
  0x0000000002801000 JavaThread "Reference Handler" daemon [_thread_blocked, id=11752, stack(0x00000000172d0000,0x00000000173d0000)]
  0x0000000000cee800 JavaThread "main" [_thread_blocked, id=5016, stack(0x0000000002590000,0x0000000002690000)]

Other Threads:
  0x0000000016148800 VMThread [stack: 0x00000000171d0000,0x00000000172d0000] [id=11280]
  0x0000000017b32000 WatcherThread [stack: 0x0000000018000000,0x0000000018100000] [id=12496]

VM state:not at safepoint (normal execution)

VM Mutex/Monitor currently owned by a thread:  ([mutex/lock_event])
[0x0000000002711dd0] CompiledIC_lock - owner thread: 0x0000000000000000

Heap:
 PSYoungGen      total 37888K, used 20212K [0x00000000e0000000, 0x00000000e2a00000, 0x0000000100000000)
  eden space 32768K, 46% used [0x00000000e0000000,0x00000000e0ebf658,0x00000000e2000000)
  from space 5120K, 99% used [0x00000000e2500000,0x00000000e29fdd00,0x00000000e2a00000)
  to   space 5120K, 0% used [0x00000000e2000000,0x00000000e2000000,0x00000000e2500000)
 ParOldGen       total 86016K, used 4802K [0x00000000a0000000, 0x00000000a5400000, 0x00000000e0000000)
  object space 86016K, 5% used [0x00000000a0000000,0x00000000a04b0910,0x00000000a5400000)
 Metaspace       used 17293K, capacity 17756K, committed 17792K, reserved 1064960K
  class space    used 2555K, capacity 2684K, committed 2688K, reserved 1048576K

Card table byte_map: [0x0000000011bd0000,0x0000000011ee0000] byte_map_base: 0x00000000116d0000

Marking Bits: (ParMarkBitMap*) 0x000000007788c720
 Begin Bits: [0x00000000124e0000, 0x0000000013ce0000)
 End Bits:   [0x0000000013ce0000, 0x00000000154e0000)

Polling page: 0x0000000000cd0000

CodeCache: size=245760Kb used=5251Kb max_used=5251Kb free=240508Kb
 bounds [0x0000000002810000, 0x0000000002d40000, 0x0000000011810000]
 total_blobs=1936 nmethods=1538 adapters=311
 compilation: enabled

Compilation events (10 events):
Event: 4.544 Thread 0x000000001618a000 nmethod 1542 0x0000000002d27610 code [0x0000000002d27780, 0x0000000002d27988]
Event: 4.544 Thread 0x000000001618a000 1540       3       org.objectweb.asm.Symbol::<init> (38 bytes)
Event: 4.544 Thread 0x000000001618a000 nmethod 1540 0x0000000002d27a50 code [0x0000000002d27ba0, 0x0000000002d27db0]
Event: 4.544 Thread 0x000000001618a000 1541       3       org.objectweb.asm.SymbolTable::put (150 bytes)
Event: 4.544 Thread 0x000000001618a000 nmethod 1541 0x0000000002d27e90 code [0x0000000002d28040, 0x0000000002d28770]
Event: 4.544 Thread 0x000000001618a000 1545       3       org.objectweb.asm.ByteVector::putUTF8 (144 bytes)
Event: 4.545 Thread 0x000000001618a000 nmethod 1545 0x0000000002d28b90 code [0x0000000002d28d80, 0x0000000002d295f8]
Event: 4.545 Thread 0x000000001618a000 1544       3       org.objectweb.asm.SymbolTable::addConstantUtf8 (98 bytes)
Event: 4.545 Thread 0x000000001618a000 nmethod 1544 0x0000000002d29a90 code [0x0000000002d29c80, 0x0000000002d2a458]
Event: 4.545 Thread 0x000000001618a000 1543       3       org.objectweb.asm.Frame::execute (2318 bytes)

GC Heap History (8 events):
Event: 0.872 GC heap before
{Heap before GC invocations=1 (full 0):
 PSYoungGen      total 37888K, used 32768K [0x00000000e0000000, 0x00000000e2a00000, 0x0000000100000000)
  eden space 32768K, 100% used [0x00000000e0000000,0x00000000e2000000,0x00000000e2000000)
  from space 5120K, 0% used [0x00000000e2500000,0x00000000e2500000,0x00000000e2a00000)
  to   space 5120K, 0% used [0x00000000e2000000,0x00000000e2000000,0x00000000e2500000)
 ParOldGen       total 86016K, used 0K [0x00000000a0000000, 0x00000000a5400000, 0x00000000e0000000)
  object space 86016K, 0% used [0x00000000a0000000,0x00000000a0000000,0x00000000a5400000)
 Metaspace       used 6923K, capacity 7162K, committed 7424K, reserved 1056768K
  class space    used 873K, capacity 943K, committed 1024K, reserved 1048576K
Event: 0.876 GC heap after
Heap after GC invocations=1 (full 0):
 PSYoungGen      total 37888K, used 4197K [0x00000000e0000000, 0x00000000e2a00000, 0x0000000100000000)
  eden space 32768K, 0% used [0x00000000e0000000,0x00000000e0000000,0x00000000e2000000)
  from space 5120K, 81% used [0x00000000e2000000,0x00000000e2419688,0x00000000e2500000)
  to   space 5120K, 0% used [0x00000000e2500000,0x00000000e2500000,0x00000000e2a00000)
 ParOldGen       total 86016K, used 8K [0x00000000a0000000, 0x00000000a5400000, 0x00000000e0000000)
  object space 86016K, 0% used [0x00000000a0000000,0x00000000a0002000,0x00000000a5400000)
 Metaspace       used 6923K, capacity 7162K, committed 7424K, reserved 1056768K
  class space    used 873K, capacity 943K, committed 1024K, reserved 1048576K
}
Event: 1.230 GC heap before
{Heap before GC invocations=2 (full 0):
 PSYoungGen      total 37888K, used 36965K [0x00000000e0000000, 0x00000000e2a00000, 0x0000000100000000)
  eden space 32768K, 100% used [0x00000000e0000000,0x00000000e2000000,0x00000000e2000000)
  from space 5120K, 81% used [0x00000000e2000000,0x00000000e2419688,0x00000000e2500000)
  to   space 5120K, 0% used [0x00000000e2500000,0x00000000e2500000,0x00000000e2a00000)
 ParOldGen       total 86016K, used 8K [0x00000000a0000000, 0x00000000a5400000, 0x00000000e0000000)
  object space 86016K, 0% used [0x00000000a0000000,0x00000000a0002000,0x00000000a5400000)
 Metaspace       used 8743K, capacity 9018K, committed 9216K, reserved 1056768K
  class space    used 1165K, capacity 1243K, committed 1280K, reserved 1048576K
Event: 1.235 GC heap after
Heap after GC invocations=2 (full 0):
 PSYoungGen      total 37888K, used 4461K [0x00000000e0000000, 0x00000000e2a00000, 0x0000000100000000)
  eden space 32768K, 0% used [0x00000000e0000000,0x00000000e0000000,0x00000000e2000000)
  from space 5120K, 87% used [0x00000000e2500000,0x00000000e295b7a0,0x00000000e2a00000)
  to   space 5120K, 0% used [0x00000000e2000000,0x00000000e2000000,0x00000000e2500000)
 ParOldGen       total 86016K, used 16K [0x00000000a0000000, 0x00000000a5400000, 0x00000000e0000000)
  object space 86016K, 0% used [0x00000000a0000000,0x00000000a0004000,0x00000000a5400000)
 Metaspace       used 8743K, capacity 9018K, committed 9216K, reserved 1056768K
  class space    used 1165K, capacity 1243K, committed 1280K, reserved 1048576K
}
Event: 3.969 GC heap before
{Heap before GC invocations=3 (full 0):
 PSYoungGen      total 37888K, used 37229K [0x00000000e0000000, 0x00000000e2a00000, 0x0000000100000000)
  eden space 32768K, 100% used [0x00000000e0000000,0x00000000e2000000,0x00000000e2000000)
  from space 5120K, 87% used [0x00000000e2500000,0x00000000e295b7a0,0x00000000e2a00000)
  to   space 5120K, 0% used [0x00000000e2000000,0x00000000e2000000,0x00000000e2500000)
 ParOldGen       total 86016K, used 16K [0x00000000a0000000, 0x00000000a5400000, 0x00000000e0000000)
  object space 86016K, 0% used [0x00000000a0000000,0x00000000a0004000,0x00000000a5400000)
 Metaspace       used 13278K, capacity 13772K, committed 13824K, reserved 1060864K
  class space    used 1879K, capacity 2034K, committed 2048K, reserved 1048576K
Event: 3.975 GC heap after
Heap after GC invocations=3 (full 0):
 PSYoungGen      total 37888K, used 5097K [0x00000000e0000000, 0x00000000e2a00000, 0x0000000100000000)
  eden space 32768K, 0% used [0x00000000e0000000,0x00000000e0000000,0x00000000e2000000)
  from space 5120K, 99% used [0x00000000e2000000,0x00000000e24fa610,0x00000000e2500000)
  to   space 5120K, 0% used [0x00000000e2500000,0x00000000e2500000,0x00000000e2a00000)
 ParOldGen       total 86016K, used 1762K [0x00000000a0000000, 0x00000000a5400000, 0x00000000e0000000)
  object space 86016K, 2% used [0x00000000a0000000,0x00000000a01b8938,0x00000000a5400000)
 Metaspace       used 13278K, capacity 13772K, committed 13824K, reserved 1060864K
  class space    used 1879K, capacity 2034K, committed 2048K, reserved 1048576K
}
Event: 4.311 GC heap before
{Heap before GC invocations=4 (full 0):
 PSYoungGen      total 37888K, used 37852K [0x00000000e0000000, 0x00000000e2a00000, 0x0000000100000000)
  eden space 32768K, 99% used [0x00000000e0000000,0x00000000e1ffcd00,0x00000000e2000000)
  from space 5120K, 99% used [0x00000000e2000000,0x00000000e24fa610,0x00000000e2500000)
  to   space 5120K, 0% used [0x00000000e2500000,0x00000000e2500000,0x00000000e2a00000)
 ParOldGen       total 86016K, used 1762K [0x00000000a0000000, 0x00000000a5400000, 0x00000000e0000000)
  object space 86016K, 2% used [0x00000000a0000000,0x00000000a01b8938,0x00000000a5400000)
 Metaspace       used 16000K, capacity 16476K, committed 16640K, reserved 1062912K
  class space    used 2344K, capacity 2492K, committed 2560K, reserved 1048576K
Event: 4.324 GC heap after
Heap after GC invocations=4 (full 0):
 PSYoungGen      total 37888K, used 5111K [0x00000000e0000000, 0x00000000e2a00000, 0x0000000100000000)
  eden space 32768K, 0% used [0x00000000e0000000,0x00000000e0000000,0x00000000e2000000)
  from space 5120K, 99% used [0x00000000e2500000,0x00000000e29fdd00,0x00000000e2a00000)
  to   space 5120K, 0% used [0x00000000e2000000,0x00000000e2000000,0x00000000e2500000)
 ParOldGen       total 86016K, used 4802K [0x00000000a0000000, 0x00000000a5400000, 0x00000000e0000000)
  object space 86016K, 5% used [0x00000000a0000000,0x00000000a04b0910,0x00000000a5400000)
 Metaspace       used 16000K, capacity 16476K, committed 16640K, reserved 1062912K
  class space    used 2344K, capacity 2492K, committed 2560K, reserved 1048576K
}

Deoptimization events (10 events):
Event: 3.741 Thread 0x0000000019009000 Uncommon trap: reason=unstable_if action=reinterpret pc=0x0000000002bac0ec method=java.util.concurrent.ConcurrentHashMap.putVal(Ljava/lang/Object;Ljava/lang/Object;Z)Ljava/lang/Object; @ 206
Event: 3.799 Thread 0x0000000019018800 Uncommon trap: reason=bimorphic action=maybe_recompile pc=0x0000000002a94930 method=java.util.HashMap.putVal(ILjava/lang/Object;Ljava/lang/Object;ZZ)Ljava/lang/Object; @ 253
Event: 3.799 Thread 0x0000000019018800 Uncommon trap: reason=bimorphic action=maybe_recompile pc=0x0000000002a94930 method=java.util.HashMap.putVal(ILjava/lang/Object;Ljava/lang/Object;ZZ)Ljava/lang/Object; @ 253
Event: 3.799 Thread 0x0000000019018800 Uncommon trap: reason=bimorphic action=maybe_recompile pc=0x0000000002a94930 method=java.util.HashMap.putVal(ILjava/lang/Object;Ljava/lang/Object;ZZ)Ljava/lang/Object; @ 253
Event: 3.799 Thread 0x0000000019018800 Uncommon trap: reason=bimorphic action=maybe_recompile pc=0x0000000002a94930 method=java.util.HashMap.putVal(ILjava/lang/Object;Ljava/lang/Object;ZZ)Ljava/lang/Object; @ 253
Event: 3.984 Thread 0x0000000019018800 Uncommon trap: reason=class_check action=maybe_recompile pc=0x0000000002adc6d8 method=java.util.regex.Matcher.match(II)Z @ 86
Event: 3.995 Thread 0x0000000019018800 Uncommon trap: reason=class_check action=maybe_recompile pc=0x0000000002adc6d8 method=java.util.regex.Matcher.match(II)Z @ 86
Event: 3.995 Thread 0x0000000019018800 Uncommon trap: reason=class_check action=maybe_recompile pc=0x0000000002adc6d8 method=java.util.regex.Matcher.match(II)Z @ 86
Event: 3.995 Thread 0x0000000019018800 Uncommon trap: reason=class_check action=maybe_recompile pc=0x0000000002a9ba60 method=java.util.regex.Matcher.match(II)Z @ 86
Event: 4.207 Thread 0x0000000019018800 Uncommon trap: reason=unstable_if action=reinterpret pc=0x0000000002ba74f4 method=java.lang.String.lastIndexOf([CII[CIII)I @ 66

Internal exceptions (10 events):
Event: 3.744 Thread 0x0000000019009000 Exception <a 'java/lang/NoSuchMethodError': <clinit>> (0x00000000e0aee4a8) thrown at [C:\re\workspace\8-2-build-windows-amd64-cygwin\jdk8u131\8869\hotspot\src\share\vm\prims\jni.cpp, line 1613]
Event: 3.746 Thread 0x0000000019009000 Exception <a 'java/lang/NoSuchMethodError': <clinit>> (0x00000000e0b03178) thrown at [C:\re\workspace\8-2-build-windows-amd64-cygwin\jdk8u131\8869\hotspot\src\share\vm\prims\jni.cpp, line 1613]
Event: 3.750 Thread 0x0000000019009000 Exception <a 'java/lang/NoSuchMethodError': <clinit>> (0x00000000e0b161d8) thrown at [C:\re\workspace\8-2-build-windows-amd64-cygwin\jdk8u131\8869\hotspot\src\share\vm\prims\jni.cpp, line 1613]
Event: 3.753 Thread 0x0000000019009000 Exception <a 'java/lang/NoSuchMethodError': <clinit>> (0x00000000e0b3cfc8) thrown at [C:\re\workspace\8-2-build-windows-amd64-cygwin\jdk8u131\8869\hotspot\src\share\vm\prims\jni.cpp, line 1613]
Event: 3.755 Thread 0x0000000019009000 Exception <a 'java/lang/NoSuchMethodError': <clinit>> (0x00000000e0b54bc0) thrown at [C:\re\workspace\8-2-build-windows-amd64-cygwin\jdk8u131\8869\hotspot\src\share\vm\prims\jni.cpp, line 1613]
Event: 3.756 Thread 0x0000000019009000 Exception <a 'java/lang/NoSuchMethodError': <clinit>> (0x00000000e0b5d688) thrown at [C:\re\workspace\8-2-build-windows-amd64-cygwin\jdk8u131\8869\hotspot\src\share\vm\prims\jni.cpp, line 1613]
Event: 3.757 Thread 0x0000000019009000 Exception <a 'java/lang/NoSuchMethodError': <clinit>> (0x00000000e0b73810) thrown at [C:\re\workspace\8-2-build-windows-amd64-cygwin\jdk8u131\8869\hotspot\src\share\vm\prims\jni.cpp, line 1613]
Event: 3.767 Thread 0x0000000019009000 Exception <a 'java/lang/NoSuchMethodError': <clinit>> (0x00000000e0bdab58) thrown at [C:\re\workspace\8-2-build-windows-amd64-cygwin\jdk8u131\8869\hotspot\src\share\vm\prims\jni.cpp, line 1613]
Event: 3.771 Thread 0x0000000019009000 Exception <a 'java/lang/NoSuchMethodError': <clinit>> (0x00000000e0c06ba0) thrown at [C:\re\workspace\8-2-build-windows-amd64-cygwin\jdk8u131\8869\hotspot\src\share\vm\prims\jni.cpp, line 1613]
Event: 3.775 Thread 0x0000000019009000 Exception <a 'java/lang/NoSuchMethodError': <clinit>> (0x00000000e0c23578) thrown at [C:\re\workspace\8-2-build-windows-amd64-cygwin\jdk8u131\8869\hotspot\src\share\vm\prims\jni.cpp, line 1613]

Events (10 events):
Event: 4.533 loading class org/gradle/api/DomainObjectCollection
Event: 4.533 loading class org/gradle/api/DomainObjectCollection done
Event: 4.534 loading class org/gradle/configuration/ConfigurationTargetIdentifier
Event: 4.534 loading class org/gradle/configuration/ConfigurationTargetIdentifier done
Event: 4.538 loading class javax/annotation/Nullable
Event: 4.538 loading class javax/annotation/Nullable done
Event: 4.538 Thread 0x0000000019018800 DEOPT PACKING pc=0x0000000002cb444c sp=0x000000001a87a520
Event: 4.538 Thread 0x0000000019018800 DEOPT UNPACKING pc=0x000000000285787f sp=0x000000001a87a398 mode 0
Event: 4.539 loading class javax/annotation/Nonnull
Event: 4.539 loading class javax/annotation/Nonnull done


Dynamic libraries:
0x00007ff66e050000 - 0x00007ff66e087000 	C:\Program Files\Java\jdk1.8.0_131\bin\java.exe
0x00007ffea5fc0000 - 0x00007ffea61b0000 	C:\WINDOWS\SYSTEM32\ntdll.dll
0x00007ffea53e0000 - 0x00007ffea5492000 	C:\WINDOWS\System32\KERNEL32.DLL
0x00007ffea2f80000 - 0x00007ffea3223000 	C:\WINDOWS\System32\KERNELBASE.dll
0x00007ffea4bc0000 - 0x00007ffea4c63000 	C:\WINDOWS\System32\ADVAPI32.dll
0x00007ffea4b20000 - 0x00007ffea4bbe000 	C:\WINDOWS\System32\msvcrt.dll
0x00007ffea50e0000 - 0x00007ffea5177000 	C:\WINDOWS\System32\sechost.dll
0x00007ffea5cf0000 - 0x00007ffea5e10000 	C:\WINDOWS\System32\RPCRT4.dll
0x00007ffea4c70000 - 0x00007ffea4e04000 	C:\WINDOWS\System32\USER32.dll
0x00007ffea3ba0000 - 0x00007ffea3bc1000 	C:\WINDOWS\System32\win32u.dll
0x00007ffea4550000 - 0x00007ffea4576000 	C:\WINDOWS\System32\GDI32.dll
0x00007ffea3230000 - 0x00007ffea33c4000 	C:\WINDOWS\System32\gdi32full.dll
0x00007ffea3fa0000 - 0x00007ffea403e000 	C:\WINDOWS\System32\msvcp_win.dll
0x00007ffea3ea0000 - 0x00007ffea3f9a000 	C:\WINDOWS\System32\ucrtbase.dll
0x00007ffe8f260000 - 0x00007ffe8f4e5000 	C:\WINDOWS\WinSxS\amd64_microsoft.windows.common-controls_6595b64144ccf1df_6.0.18362.778_none_e6c6b761130d4fb8\COMCTL32.dll
0x00007ffea4710000 - 0x00007ffea4a46000 	C:\WINDOWS\System32\combase.dll
0x00007ffea3bd0000 - 0x00007ffea3c50000 	C:\WINDOWS\System32\bcryptPrimitives.dll
0x00007ffea5180000 - 0x00007ffea51ae000 	C:\WINDOWS\System32\IMM32.DLL
0x0000000050cb0000 - 0x0000000050d82000 	C:\Program Files\Java\jdk1.8.0_131\jre\bin\msvcr100.dll
0x0000000077070000 - 0x000000007790c000 	C:\Program Files\Java\jdk1.8.0_131\jre\bin\server\jvm.dll
0x00007ffea4520000 - 0x00007ffea4528000 	C:\WINDOWS\System32\PSAPI.DLL
0x00007ffe9fbd0000 - 0x00007ffe9fbf4000 	C:\WINDOWS\SYSTEM32\WINMM.dll
0x00007ffe92480000 - 0x00007ffe9248a000 	C:\WINDOWS\SYSTEM32\VERSION.dll
0x00007ffe9fc90000 - 0x00007ffe9fc99000 	C:\WINDOWS\SYSTEM32\WSOCK32.dll
0x00007ffea4ec0000 - 0x00007ffea4f2f000 	C:\WINDOWS\System32\WS2_32.dll
0x00007ffe9fba0000 - 0x00007ffe9fbcd000 	C:\WINDOWS\SYSTEM32\WINMMBASE.dll
0x00007ffea3b50000 - 0x00007ffea3b9a000 	C:\WINDOWS\System32\cfgmgr32.dll
0x0000000050ca0000 - 0x0000000050caf000 	C:\Program Files\Java\jdk1.8.0_131\jre\bin\verify.dll
0x0000000050c70000 - 0x0000000050c99000 	C:\Program Files\Java\jdk1.8.0_131\jre\bin\java.dll
0x0000000050c50000 - 0x0000000050c66000 	C:\Program Files\Java\jdk1.8.0_131\jre\bin\zip.dll
0x00007ffea5600000 - 0x00007ffea5ce5000 	C:\WINDOWS\System32\SHELL32.dll
0x00007ffea4e10000 - 0x00007ffea4eb9000 	C:\WINDOWS\System32\shcore.dll
0x00007ffea33d0000 - 0x00007ffea3b50000 	C:\WINDOWS\System32\windows.storage.dll
0x00007ffea2ef0000 - 0x00007ffea2f13000 	C:\WINDOWS\System32\profapi.dll
0x00007ffea2ea0000 - 0x00007ffea2eea000 	C:\WINDOWS\System32\powrprof.dll
0x00007ffea2e50000 - 0x00007ffea2e60000 	C:\WINDOWS\System32\UMPDC.dll
0x00007ffea4600000 - 0x00007ffea4652000 	C:\WINDOWS\System32\shlwapi.dll
0x00007ffea2e80000 - 0x00007ffea2e91000 	C:\WINDOWS\System32\kernel.appcore.dll
0x00007ffea3e80000 - 0x00007ffea3e97000 	C:\WINDOWS\System32\cryptsp.dll
0x0000000050c30000 - 0x0000000050c4a000 	C:\Program Files\Java\jdk1.8.0_131\jre\bin\net.dll
0x00007ffea26c0000 - 0x00007ffea2727000 	C:\WINDOWS\system32\mswsock.dll
0x0000000050c10000 - 0x0000000050c21000 	C:\Program Files\Java\jdk1.8.0_131\jre\bin\nio.dll
0x00007ffe95620000 - 0x00007ffe95646000 	C:\Users\Client\.gradle\native\29\windows-amd64\native-platform.dll
0x0000000050c00000 - 0x0000000050c0d000 	C:\Program Files\Java\jdk1.8.0_131\jre\bin\management.dll
0x00007ffea2230000 - 0x00007ffea2263000 	C:\WINDOWS\system32\rsaenh.dll
0x00007ffea3e50000 - 0x00007ffea3e76000 	C:\WINDOWS\System32\bcrypt.dll
0x00007ffea2d70000 - 0x00007ffea2d95000 	C:\WINDOWS\SYSTEM32\USERENV.dll
0x00007ffea2890000 - 0x00007ffea289c000 	C:\WINDOWS\SYSTEM32\CRYPTBASE.dll
0x00007ffea23d0000 - 0x00007ffea240a000 	C:\WINDOWS\SYSTEM32\IPHLPAPI.DLL
0x00007ffea4040000 - 0x00007ffea4048000 	C:\WINDOWS\System32\NSI.dll
0x00007ffe9b570000 - 0x00007ffe9b586000 	C:\WINDOWS\SYSTEM32\dhcpcsvc6.DLL
0x00007ffe9b4c0000 - 0x00007ffe9b4dc000 	C:\WINDOWS\SYSTEM32\dhcpcsvc.DLL
0x00007ffea2420000 - 0x00007ffea24ea000 	C:\WINDOWS\SYSTEM32\DNSAPI.dll

VM Arguments:
jvm_args: -Xmx1536m -Dfile.encoding=windows-1252 -Duser.country=FR -Duser.language=fr -Duser.variant 
java_command: org.gradle.launcher.daemon.bootstrap.GradleDaemon 5.4.1
java_class_path (initial): C:\Users\Client\.gradle\wrapper\dists\gradle-5.4.1-all\3221gyojl5jsh0helicew7rwx\gradle-5.4.1\lib\gradle-launcher-5.4.1.jar
Launcher Type: SUN_STANDARD

Environment Variables:
JAVA_HOME=C:\Program Files\Java\jdk1.8.0_131
USERNAME=Client
OS=Windows_NT
PROCESSOR_IDENTIFIER=Intel64 Family 6 Model 58 Stepping 9, GenuineIntel



---------------  S Y S T E M  ---------------

OS: Windows 10.0 , 64 bit Build 18362 (10.0.18362.778)

CPU:total 4 (initial active 4) (2 cores per cpu, 2 threads per core) family 6 model 58 stepping 9, cmov, cx8, fxsr, mmx, sse, sse2, sse3, ssse3, sse4.1, sse4.2, popcnt, avx, aes, clmul, erms, ht, tsc, tscinvbit, tscinv

Memory: 4k page, physical 8248880k(1478012k free), swap 8773168k(8752k free)

vm_info: Java HotSpot(TM) 64-Bit Server VM (25.131-b11) for windows-amd64 JRE (1.8.0_131-b11), built on Mar 15 2017 01:23:53 by "java_re" with MS VC++ 10.0 (VS2010)

time: Tue May 12 00:46:41 2020
elapsed time: 4 seconds (0d 0h 0m 4s)

