#
# There is insufficient memory for the Java Runtime Environment to continue.
# Native memory allocation (malloc) failed to allocate 2167536 bytes for Chunk::new
# Possible reasons:
#   The system is out of physical RAM or swap space
#   In 32 bit mode, the process size limit was hit
# Possible solutions:
#   Reduce memory load on the system
#   Increase physical memory or swap space
#   Check if swap backing store is full
#   Use 64 bit Java on a 64 bit OS
#   Decrease Java heap size (-Xmx/-Xms)
#   Decrease number of Java threads
#   Decrease Java thread stack sizes (-Xss)
#   Set larger code cache with -XX:ReservedCodeCacheSize=
# This output file may be truncated or incomplete.
#
#  Out of Memory Error (allocation.cpp:390), pid=4220, tid=0x0000000000000504
#
# JRE version: Java(TM) SE Runtime Environment (8.0_131-b11) (build 1.8.0_131-b11)
# Java VM: Java HotSpot(TM) 64-Bit Server VM (25.131-b11 mixed mode windows-amd64 compressed oops)
# Failed to write core dump. Minidumps are not enabled by default on client versions of Windows
#

---------------  T H R E A D  ---------------

Current thread (0x0000000015d57000):  JavaThread "C2 CompilerThread1" daemon [_thread_in_native, id=1284, stack(0x00000000174f0000,0x00000000175f0000)]

Stack: [0x00000000174f0000,0x00000000175f0000]
[error occurred during error reporting (printing stack bounds), id 0xc0000005]

Native frames: (J=compiled Java code, j=interpreted, Vv=VM code, C=native code)


Current CompileTask:
C2:   4791 1417   !   4       java.net.URLClassLoader$1::run (63 bytes)


---------------  P R O C E S S  ---------------

Java Threads: ( => current thread )
  0x0000000019047800 JavaThread "Cache worker for file hash cache (C:\Users\Client\Documents\TDM2\TP2\EXO2\.gradle\5.4.1\fileHashes)" [_thread_blocked, id=2952, stack(0x000000001dee0000,0x000000001dfe0000)]
  0x000000001904a000 JavaThread "Cache worker for journal cache (C:\Users\Client\.gradle\caches\journal-1)" [_thread_blocked, id=11524, stack(0x000000001a970000,0x000000001aa70000)]
  0x0000000019049000 JavaThread "File lock request listener" [_thread_in_native, id=14104, stack(0x000000001a870000,0x000000001a970000)]
  0x0000000019048800 JavaThread "Cache worker for file hash cache (C:\Users\Client\.gradle\caches\5.4.1\fileHashes)" [_thread_blocked, id=13492, stack(0x000000001a770000,0x000000001a870000)]
  0x0000000018f0c800 JavaThread "Thread-9" [_thread_blocked, id=17136, stack(0x000000001a670000,0x000000001a770000)]
  0x0000000018f0b800 JavaThread "Stdin handler" [_thread_blocked, id=11216, stack(0x000000001a570000,0x000000001a670000)]
  0x0000000018ef1800 JavaThread "Asynchronous log dispatcher for DefaultDaemonConnection: socket connection from /127.0.0.1:65148 to /127.0.0.1:65149" [_thread_blocked, id=13616, stack(0x000000001a470000,0x000000001a570000)]
  0x0000000018eeb800 JavaThread "Daemon worker" [_thread_in_native, id=5112, stack(0x000000001a370000,0x000000001a470000)]
  0x0000000018f0e800 JavaThread "Cancel handler" [_thread_blocked, id=13896, stack(0x000000001a270000,0x000000001a370000)]
  0x0000000018981800 JavaThread "Handler for socket connection from /127.0.0.1:65148 to /127.0.0.1:65149" [_thread_in_native, id=14152, stack(0x0000000019f70000,0x000000001a070000)]
  0x000000001897e800 JavaThread "Daemon" [_thread_blocked, id=14028, stack(0x0000000019e70000,0x0000000019f70000)]
  0x0000000018997800 JavaThread "Daemon periodic checks" [_thread_blocked, id=11504, stack(0x0000000019d70000,0x0000000019e70000)]
  0x0000000018b27800 JavaThread "Incoming local TCP Connector on port 65148" [_thread_in_native, id=15356, stack(0x0000000019b00000,0x0000000019c00000)]
  0x000000001886e000 JavaThread "Daemon health stats" [_thread_blocked, id=13056, stack(0x00000000194c0000,0x00000000195c0000)]
  0x0000000017718800 JavaThread "Service Thread" daemon [_thread_blocked, id=15868, stack(0x0000000017af0000,0x0000000017bf0000)]
  0x0000000015d5a000 JavaThread "C1 CompilerThread2" daemon [_thread_in_native, id=7440, stack(0x00000000175f0000,0x00000000176f0000)]
=>0x0000000015d57000 JavaThread "C2 CompilerThread1" daemon [_thread_in_native, id=1284, stack(0x00000000174f0000,0x00000000175f0000)]
  0x0000000015d4f800 JavaThread "C2 CompilerThread0" daemon [_thread_in_native, id=14056, stack(0x00000000173f0000,0x00000000174f0000)]
  0x0000000015d4c800 JavaThread "Attach Listener" daemon [_thread_blocked, id=6484, stack(0x00000000172f0000,0x00000000173f0000)]
  0x0000000015d4b000 JavaThread "Signal Dispatcher" daemon [_thread_blocked, id=14860, stack(0x00000000171f0000,0x00000000172f0000)]
  0x0000000015d3a800 JavaThread "Finalizer" daemon [_thread_blocked, id=12236, stack(0x0000000016fc0000,0x00000000170c0000)]
  0x0000000002330000 JavaThread "Reference Handler" daemon [_thread_blocked, id=6544, stack(0x0000000016ec0000,0x0000000016fc0000)]
  0x00000000023de800 JavaThread "main" [_thread_blocked, id=2632, stack(0x0000000002110000,0x0000000002210000)]

Other Threads:
  0x0000000015d17800 VMThread [stack: 0x0000000016dc0000,0x0000000016ec0000] [id=9580]
  0x0000000015dae800 WatcherThread [stack: 0x0000000017bf0000,0x0000000017cf0000] [id=12804]

VM state:not at safepoint (normal execution)

VM Mutex/Monitor currently owned by a thread:  ([mutex/lock_event])
[0x00000000023dd090] SystemDictionary_lock - owner thread: 0x0000000000000000

Heap:
 PSYoungGen      total 37888K, used 16232K [0x00000000e0000000, 0x00000000e2a00000, 0x0000000100000000)
  eden space 32768K, 33% used [0x00000000e0000000,0x00000000e0ade1b0,0x00000000e2000000)
  from space 5120K, 99% used [0x00000000e2500000,0x00000000e29fc030,0x00000000e2a00000)
  to   space 5120K, 0% used [0x00000000e2000000,0x00000000e2000000,0x00000000e2500000)
 ParOldGen       total 86016K, used 4754K [0x00000000a0000000, 0x00000000a5400000, 0x00000000e0000000)
  object space 86016K, 5% used [0x00000000a0000000,0x00000000a04a4a50,0x00000000a5400000)
 Metaspace       used 16914K, capacity 17340K, committed 17536K, reserved 1064960K
  class space    used 2504K, capacity 2652K, committed 2688K, reserved 1048576K

Card table byte_map: [0x00000000117a0000,0x0000000011ab0000] byte_map_base: 0x00000000112a0000

Marking Bits: (ParMarkBitMap*) 0x000000007788c720
 Begin Bits: [0x00000000120b0000, 0x00000000138b0000)
 End Bits:   [0x00000000138b0000, 0x00000000150b0000)

Polling page: 0x0000000000440000

CodeCache: size=245760Kb used=5213Kb max_used=5213Kb free=240546Kb
 bounds [0x00000000023e0000, 0x0000000002900000, 0x00000000113e0000]
 total_blobs=1932 nmethods=1535 adapters=310
 compilation: enabled

Compilation events (10 events):
Event: 4.756 Thread 0x0000000015d5a000 nmethod 1536 0x00000000028f5750 code [0x00000000028f58c0, 0x00000000028f5ae8]
Event: 4.769 Thread 0x0000000015d5a000 1537       3       sun.reflect.MethodAccessorImpl::<init> (5 bytes)
Event: 4.769 Thread 0x0000000015d5a000 nmethod 1537 0x00000000028f5bd0 code [0x00000000028f5d40, 0x00000000028f5f50]
Event: 4.772 Thread 0x0000000015d5a000 1538       3       java.lang.reflect.Method::setMethodAccessor (21 bytes)
Event: 4.772 Thread 0x0000000015d5a000 nmethod 1538 0x00000000028f6010 code [0x00000000028f6180, 0x00000000028f6528]
Event: 4.779 Thread 0x0000000015d5a000 1539       3       sun.reflect.NativeMethodAccessorImpl::invoke (104 bytes)
Event: 4.780 Thread 0x0000000015d5a000 nmethod 1539 0x00000000028f6a50 code [0x00000000028f6cc0, 0x00000000028f8158]
Event: 4.783 Thread 0x0000000015d5a000 1541       3       sun.net.www.protocol.file.Handler::parseURL (18 bytes)
Event: 4.783 Thread 0x0000000015d5a000 nmethod 1541 0x00000000028f8a10 code [0x00000000028f8b80, 0x00000000028f8df8]
Event: 4.783 Thread 0x0000000015d5a000 1542       3       java.net.URLStreamHandler::parseURL (1193 bytes)

GC Heap History (8 events):
Event: 0.935 GC heap before
{Heap before GC invocations=1 (full 0):
 PSYoungGen      total 37888K, used 32768K [0x00000000e0000000, 0x00000000e2a00000, 0x0000000100000000)
  eden space 32768K, 100% used [0x00000000e0000000,0x00000000e2000000,0x00000000e2000000)
  from space 5120K, 0% used [0x00000000e2500000,0x00000000e2500000,0x00000000e2a00000)
  to   space 5120K, 0% used [0x00000000e2000000,0x00000000e2000000,0x00000000e2500000)
 ParOldGen       total 86016K, used 0K [0x00000000a0000000, 0x00000000a5400000, 0x00000000e0000000)
  object space 86016K, 0% used [0x00000000a0000000,0x00000000a0000000,0x00000000a5400000)
 Metaspace       used 6921K, capacity 7162K, committed 7424K, reserved 1056768K
  class space    used 873K, capacity 943K, committed 1024K, reserved 1048576K
Event: 0.940 GC heap after
Heap after GC invocations=1 (full 0):
 PSYoungGen      total 37888K, used 4268K [0x00000000e0000000, 0x00000000e2a00000, 0x0000000100000000)
  eden space 32768K, 0% used [0x00000000e0000000,0x00000000e0000000,0x00000000e2000000)
  from space 5120K, 83% used [0x00000000e2000000,0x00000000e242b3c0,0x00000000e2500000)
  to   space 5120K, 0% used [0x00000000e2500000,0x00000000e2500000,0x00000000e2a00000)
 ParOldGen       total 86016K, used 8K [0x00000000a0000000, 0x00000000a5400000, 0x00000000e0000000)
  object space 86016K, 0% used [0x00000000a0000000,0x00000000a0002000,0x00000000a5400000)
 Metaspace       used 6921K, capacity 7162K, committed 7424K, reserved 1056768K
  class space    used 873K, capacity 943K, committed 1024K, reserved 1048576K
}
Event: 1.432 GC heap before
{Heap before GC invocations=2 (full 0):
 PSYoungGen      total 37888K, used 37036K [0x00000000e0000000, 0x00000000e2a00000, 0x0000000100000000)
  eden space 32768K, 100% used [0x00000000e0000000,0x00000000e2000000,0x00000000e2000000)
  from space 5120K, 83% used [0x00000000e2000000,0x00000000e242b3c0,0x00000000e2500000)
  to   space 5120K, 0% used [0x00000000e2500000,0x00000000e2500000,0x00000000e2a00000)
 ParOldGen       total 86016K, used 8K [0x00000000a0000000, 0x00000000a5400000, 0x00000000e0000000)
  object space 86016K, 0% used [0x00000000a0000000,0x00000000a0002000,0x00000000a5400000)
 Metaspace       used 8744K, capacity 9018K, committed 9216K, reserved 1056768K
  class space    used 1165K, capacity 1243K, committed 1280K, reserved 1048576K
Event: 1.436 GC heap after
Heap after GC invocations=2 (full 0):
 PSYoungGen      total 37888K, used 4420K [0x00000000e0000000, 0x00000000e2a00000, 0x0000000100000000)
  eden space 32768K, 0% used [0x00000000e0000000,0x00000000e0000000,0x00000000e2000000)
  from space 5120K, 86% used [0x00000000e2500000,0x00000000e29513b8,0x00000000e2a00000)
  to   space 5120K, 0% used [0x00000000e2000000,0x00000000e2000000,0x00000000e2500000)
 ParOldGen       total 86016K, used 16K [0x00000000a0000000, 0x00000000a5400000, 0x00000000e0000000)
  object space 86016K, 0% used [0x00000000a0000000,0x00000000a0004000,0x00000000a5400000)
 Metaspace       used 8744K, capacity 9018K, committed 9216K, reserved 1056768K
  class space    used 1165K, capacity 1243K, committed 1280K, reserved 1048576K
}
Event: 4.196 GC heap before
{Heap before GC invocations=3 (full 0):
 PSYoungGen      total 37888K, used 37188K [0x00000000e0000000, 0x00000000e2a00000, 0x0000000100000000)
  eden space 32768K, 100% used [0x00000000e0000000,0x00000000e2000000,0x00000000e2000000)
  from space 5120K, 86% used [0x00000000e2500000,0x00000000e29513b8,0x00000000e2a00000)
  to   space 5120K, 0% used [0x00000000e2000000,0x00000000e2000000,0x00000000e2500000)
 ParOldGen       total 86016K, used 16K [0x00000000a0000000, 0x00000000a5400000, 0x00000000e0000000)
  object space 86016K, 0% used [0x00000000a0000000,0x00000000a0004000,0x00000000a5400000)
 Metaspace       used 13290K, capacity 13772K, committed 13824K, reserved 1060864K
  class space    used 1880K, capacity 2034K, committed 2048K, reserved 1048576K
Event: 4.203 GC heap after
Heap after GC invocations=3 (full 0):
 PSYoungGen      total 37888K, used 5104K [0x00000000e0000000, 0x00000000e2a00000, 0x0000000100000000)
  eden space 32768K, 0% used [0x00000000e0000000,0x00000000e0000000,0x00000000e2000000)
  from space 5120K, 99% used [0x00000000e2000000,0x00000000e24fc030,0x00000000e2500000)
  to   space 5120K, 0% used [0x00000000e2500000,0x00000000e2500000,0x00000000e2a00000)
 ParOldGen       total 86016K, used 1720K [0x00000000a0000000, 0x00000000a5400000, 0x00000000e0000000)
  object space 86016K, 1% used [0x00000000a0000000,0x00000000a01ae068,0x00000000a5400000)
 Metaspace       used 13290K, capacity 13772K, committed 13824K, reserved 1060864K
  class space    used 1880K, capacity 2034K, committed 2048K, reserved 1048576K
}
Event: 4.651 GC heap before
{Heap before GC invocations=4 (full 0):
 PSYoungGen      total 37888K, used 37872K [0x00000000e0000000, 0x00000000e2a00000, 0x0000000100000000)
  eden space 32768K, 100% used [0x00000000e0000000,0x00000000e2000000,0x00000000e2000000)
  from space 5120K, 99% used [0x00000000e2000000,0x00000000e24fc030,0x00000000e2500000)
  to   space 5120K, 0% used [0x00000000e2500000,0x00000000e2500000,0x00000000e2a00000)
 ParOldGen       total 86016K, used 1720K [0x00000000a0000000, 0x00000000a5400000, 0x00000000e0000000)
  object space 86016K, 1% used [0x00000000a0000000,0x00000000a01ae068,0x00000000a5400000)
 Metaspace       used 16057K, capacity 16540K, committed 16640K, reserved 1062912K
  class space    used 2347K, capacity 2492K, committed 2560K, reserved 1048576K
Event: 4.660 GC heap after
Heap after GC invocations=4 (full 0):
 PSYoungGen      total 37888K, used 5104K [0x00000000e0000000, 0x00000000e2a00000, 0x0000000100000000)
  eden space 32768K, 0% used [0x00000000e0000000,0x00000000e0000000,0x00000000e2000000)
  from space 5120K, 99% used [0x00000000e2500000,0x00000000e29fc030,0x00000000e2a00000)
  to   space 5120K, 0% used [0x00000000e2000000,0x00000000e2000000,0x00000000e2500000)
 ParOldGen       total 86016K, used 4754K [0x00000000a0000000, 0x00000000a5400000, 0x00000000e0000000)
  object space 86016K, 5% used [0x00000000a0000000,0x00000000a04a4a50,0x00000000a5400000)
 Metaspace       used 16057K, capacity 16540K, committed 16640K, reserved 1062912K
  class space    used 2347K, capacity 2492K, committed 2560K, reserved 1048576K
}

Deoptimization events (10 events):
Event: 4.014 Thread 0x0000000018eeb800 Uncommon trap: reason=bimorphic action=maybe_recompile pc=0x0000000002670ae4 method=java.util.HashMap.putVal(ILjava/lang/Object;Ljava/lang/Object;ZZ)Ljava/lang/Object; @ 253
Event: 4.014 Thread 0x0000000018eeb800 Uncommon trap: reason=bimorphic action=maybe_recompile pc=0x0000000002670ae4 method=java.util.HashMap.putVal(ILjava/lang/Object;Ljava/lang/Object;ZZ)Ljava/lang/Object; @ 253
Event: 4.014 Thread 0x0000000018eeb800 Uncommon trap: reason=bimorphic action=maybe_recompile pc=0x0000000002670ae4 method=java.util.HashMap.putVal(ILjava/lang/Object;Ljava/lang/Object;ZZ)Ljava/lang/Object; @ 253
Event: 4.014 Thread 0x0000000018eeb800 Uncommon trap: reason=bimorphic action=maybe_recompile pc=0x0000000002670ae4 method=java.util.HashMap.putVal(ILjava/lang/Object;Ljava/lang/Object;ZZ)Ljava/lang/Object; @ 253
Event: 4.014 Thread 0x0000000018eeb800 Uncommon trap: reason=bimorphic action=maybe_recompile pc=0x00000000026683f4 method=java.util.HashMap.putVal(ILjava/lang/Object;Ljava/lang/Object;ZZ)Ljava/lang/Object; @ 253
Event: 4.212 Thread 0x0000000018eeb800 Uncommon trap: reason=class_check action=maybe_recompile pc=0x00000000026b2598 method=java.util.regex.Matcher.match(II)Z @ 86
Event: 4.226 Thread 0x0000000018eeb800 Uncommon trap: reason=class_check action=maybe_recompile pc=0x00000000026b2598 method=java.util.regex.Matcher.match(II)Z @ 86
Event: 4.227 Thread 0x0000000018eeb800 Uncommon trap: reason=class_check action=maybe_recompile pc=0x00000000026b2598 method=java.util.regex.Matcher.match(II)Z @ 86
Event: 4.227 Thread 0x0000000018eeb800 Uncommon trap: reason=class_check action=maybe_recompile pc=0x000000000266359c method=java.util.regex.Matcher.match(II)Z @ 86
Event: 4.526 Thread 0x0000000018eeb800 Uncommon trap: reason=unstable_if action=reinterpret pc=0x0000000002780074 method=java.lang.String.lastIndexOf([CII[CIII)I @ 66

Internal exceptions (10 events):
Event: 3.955 Thread 0x0000000018981800 Exception <a 'java/lang/NoSuchMethodError': <clinit>> (0x00000000e0afe058) thrown at [C:\re\workspace\8-2-build-windows-amd64-cygwin\jdk8u131\8869\hotspot\src\share\vm\prims\jni.cpp, line 1613]
Event: 3.957 Thread 0x0000000018981800 Exception <a 'java/lang/NoSuchMethodError': <clinit>> (0x00000000e0b12d28) thrown at [C:\re\workspace\8-2-build-windows-amd64-cygwin\jdk8u131\8869\hotspot\src\share\vm\prims\jni.cpp, line 1613]
Event: 3.960 Thread 0x0000000018981800 Exception <a 'java/lang/NoSuchMethodError': <clinit>> (0x00000000e0b25d88) thrown at [C:\re\workspace\8-2-build-windows-amd64-cygwin\jdk8u131\8869\hotspot\src\share\vm\prims\jni.cpp, line 1613]
Event: 3.964 Thread 0x0000000018981800 Exception <a 'java/lang/NoSuchMethodError': <clinit>> (0x00000000e0b4cb28) thrown at [C:\re\workspace\8-2-build-windows-amd64-cygwin\jdk8u131\8869\hotspot\src\share\vm\prims\jni.cpp, line 1613]
Event: 3.966 Thread 0x0000000018981800 Exception <a 'java/lang/NoSuchMethodError': <clinit>> (0x00000000e0b64720) thrown at [C:\re\workspace\8-2-build-windows-amd64-cygwin\jdk8u131\8869\hotspot\src\share\vm\prims\jni.cpp, line 1613]
Event: 3.967 Thread 0x0000000018981800 Exception <a 'java/lang/NoSuchMethodError': <clinit>> (0x00000000e0b6d1e8) thrown at [C:\re\workspace\8-2-build-windows-amd64-cygwin\jdk8u131\8869\hotspot\src\share\vm\prims\jni.cpp, line 1613]
Event: 3.968 Thread 0x0000000018981800 Exception <a 'java/lang/NoSuchMethodError': <clinit>> (0x00000000e0b83360) thrown at [C:\re\workspace\8-2-build-windows-amd64-cygwin\jdk8u131\8869\hotspot\src\share\vm\prims\jni.cpp, line 1613]
Event: 3.979 Thread 0x0000000018981800 Exception <a 'java/lang/NoSuchMethodError': <clinit>> (0x00000000e0bea6c8) thrown at [C:\re\workspace\8-2-build-windows-amd64-cygwin\jdk8u131\8869\hotspot\src\share\vm\prims\jni.cpp, line 1613]
Event: 3.984 Thread 0x0000000018981800 Exception <a 'java/lang/NoSuchMethodError': <clinit>> (0x00000000e0c166d0) thrown at [C:\re\workspace\8-2-build-windows-amd64-cygwin\jdk8u131\8869\hotspot\src\share\vm\prims\jni.cpp, line 1613]
Event: 3.987 Thread 0x0000000018981800 Exception <a 'java/lang/NoSuchMethodError': <clinit>> (0x00000000e0c33088) thrown at [C:\re\workspace\8-2-build-windows-amd64-cygwin\jdk8u131\8869\hotspot\src\share\vm\prims\jni.cpp, line 1613]

Events (10 events):
Event: 4.788 loading class kotlin/jvm/internal/PropertyReference
Event: 4.788 loading class kotlin/jvm/internal/PropertyReference done
Event: 4.788 loading class kotlin/jvm/internal/CallableReference
Event: 4.788 loading class kotlin/jvm/internal/CallableReference done
Event: 4.789 loading class kotlin/jvm/internal/PropertyReference0Impl
Event: 4.789 loading class kotlin/jvm/internal/PropertyReference0Impl done
Event: 4.789 loading class java/lang/AbstractMethodError
Event: 4.789 loading class java/lang/AbstractMethodError done
Event: 4.789 loading class kotlin/jvm/KotlinReflectionNotSupportedError
Event: 4.789 loading class kotlin/jvm/KotlinReflectionNotSupportedError done


Dynamic libraries:
0x00007ff66e050000 - 0x00007ff66e087000 	C:\Program Files\Java\jdk1.8.0_131\bin\java.exe
0x00007ffea5fc0000 - 0x00007ffea61b0000 	C:\WINDOWS\SYSTEM32\ntdll.dll
0x00007ffea53e0000 - 0x00007ffea5492000 	C:\WINDOWS\System32\KERNEL32.DLL
0x00007ffea2f80000 - 0x00007ffea3223000 	C:\WINDOWS\System32\KERNELBASE.dll
0x00007ffea4bc0000 - 0x00007ffea4c63000 	C:\WINDOWS\System32\ADVAPI32.dll
0x00007ffea4b20000 - 0x00007ffea4bbe000 	C:\WINDOWS\System32\msvcrt.dll
0x00007ffea50e0000 - 0x00007ffea5177000 	C:\WINDOWS\System32\sechost.dll
0x00007ffea5cf0000 - 0x00007ffea5e10000 	C:\WINDOWS\System32\RPCRT4.dll
0x00007ffea4c70000 - 0x00007ffea4e04000 	C:\WINDOWS\System32\USER32.dll
0x00007ffea3ba0000 - 0x00007ffea3bc1000 	C:\WINDOWS\System32\win32u.dll
0x00007ffea4550000 - 0x00007ffea4576000 	C:\WINDOWS\System32\GDI32.dll
0x00007ffea3230000 - 0x00007ffea33c4000 	C:\WINDOWS\System32\gdi32full.dll
0x00007ffea3fa0000 - 0x00007ffea403e000 	C:\WINDOWS\System32\msvcp_win.dll
0x00007ffea3ea0000 - 0x00007ffea3f9a000 	C:\WINDOWS\System32\ucrtbase.dll
0x00007ffe8f260000 - 0x00007ffe8f4e5000 	C:\WINDOWS\WinSxS\amd64_microsoft.windows.common-controls_6595b64144ccf1df_6.0.18362.778_none_e6c6b761130d4fb8\COMCTL32.dll
0x00007ffea4710000 - 0x00007ffea4a46000 	C:\WINDOWS\System32\combase.dll
0x00007ffea3bd0000 - 0x00007ffea3c50000 	C:\WINDOWS\System32\bcryptPrimitives.dll
0x00007ffea5180000 - 0x00007ffea51ae000 	C:\WINDOWS\System32\IMM32.DLL
0x0000000050cb0000 - 0x0000000050d82000 	C:\Program Files\Java\jdk1.8.0_131\jre\bin\msvcr100.dll
0x0000000077070000 - 0x000000007790c000 	C:\Program Files\Java\jdk1.8.0_131\jre\bin\server\jvm.dll
0x00007ffea4520000 - 0x00007ffea4528000 	C:\WINDOWS\System32\PSAPI.DLL
0x00007ffe9fbd0000 - 0x00007ffe9fbf4000 	C:\WINDOWS\SYSTEM32\WINMM.dll
0x00007ffe92480000 - 0x00007ffe9248a000 	C:\WINDOWS\SYSTEM32\VERSION.dll
0x00007ffe9fc90000 - 0x00007ffe9fc99000 	C:\WINDOWS\SYSTEM32\WSOCK32.dll
0x00007ffea4ec0000 - 0x00007ffea4f2f000 	C:\WINDOWS\System32\WS2_32.dll
0x00007ffe9fba0000 - 0x00007ffe9fbcd000 	C:\WINDOWS\SYSTEM32\winmmbase.dll
0x00007ffea3b50000 - 0x00007ffea3b9a000 	C:\WINDOWS\System32\cfgmgr32.dll
0x0000000050ca0000 - 0x0000000050caf000 	C:\Program Files\Java\jdk1.8.0_131\jre\bin\verify.dll
0x0000000050c70000 - 0x0000000050c99000 	C:\Program Files\Java\jdk1.8.0_131\jre\bin\java.dll
0x0000000050c50000 - 0x0000000050c66000 	C:\Program Files\Java\jdk1.8.0_131\jre\bin\zip.dll
0x00007ffea5600000 - 0x00007ffea5ce5000 	C:\WINDOWS\System32\SHELL32.dll
0x00007ffea4e10000 - 0x00007ffea4eb9000 	C:\WINDOWS\System32\shcore.dll
0x00007ffea33d0000 - 0x00007ffea3b50000 	C:\WINDOWS\System32\windows.storage.dll
0x00007ffea2ef0000 - 0x00007ffea2f13000 	C:\WINDOWS\System32\profapi.dll
0x00007ffea2ea0000 - 0x00007ffea2eea000 	C:\WINDOWS\System32\powrprof.dll
0x00007ffea2e50000 - 0x00007ffea2e60000 	C:\WINDOWS\System32\UMPDC.dll
0x00007ffea4600000 - 0x00007ffea4652000 	C:\WINDOWS\System32\shlwapi.dll
0x00007ffea2e80000 - 0x00007ffea2e91000 	C:\WINDOWS\System32\kernel.appcore.dll
0x00007ffea3e80000 - 0x00007ffea3e97000 	C:\WINDOWS\System32\cryptsp.dll
0x0000000050c30000 - 0x0000000050c4a000 	C:\Program Files\Java\jdk1.8.0_131\jre\bin\net.dll
0x00007ffea26c0000 - 0x00007ffea2727000 	C:\WINDOWS\system32\mswsock.dll
0x0000000050c10000 - 0x0000000050c21000 	C:\Program Files\Java\jdk1.8.0_131\jre\bin\nio.dll
0x00007ffe95620000 - 0x00007ffe95646000 	C:\Users\Client\.gradle\native\29\windows-amd64\native-platform.dll
0x0000000050c00000 - 0x0000000050c0d000 	C:\Program Files\Java\jdk1.8.0_131\jre\bin\management.dll
0x00007ffea2230000 - 0x00007ffea2263000 	C:\WINDOWS\system32\rsaenh.dll
0x00007ffea3e50000 - 0x00007ffea3e76000 	C:\WINDOWS\System32\bcrypt.dll
0x00007ffea2d70000 - 0x00007ffea2d95000 	C:\WINDOWS\SYSTEM32\USERENV.dll
0x00007ffea2890000 - 0x00007ffea289c000 	C:\WINDOWS\SYSTEM32\CRYPTBASE.dll
0x00007ffea23d0000 - 0x00007ffea240a000 	C:\WINDOWS\SYSTEM32\IPHLPAPI.DLL
0x00007ffea4040000 - 0x00007ffea4048000 	C:\WINDOWS\System32\NSI.dll
0x00007ffe9b570000 - 0x00007ffe9b586000 	C:\WINDOWS\SYSTEM32\dhcpcsvc6.DLL
0x00007ffe9b4c0000 - 0x00007ffe9b4dc000 	C:\WINDOWS\SYSTEM32\dhcpcsvc.DLL
0x00007ffea2420000 - 0x00007ffea24ea000 	C:\WINDOWS\SYSTEM32\DNSAPI.dll

VM Arguments:
jvm_args: -Xmx1536m -Dfile.encoding=windows-1252 -Duser.country=FR -Duser.language=fr -Duser.variant 
java_command: org.gradle.launcher.daemon.bootstrap.GradleDaemon 5.4.1
java_class_path (initial): C:\Users\Client\.gradle\wrapper\dists\gradle-5.4.1-all\3221gyojl5jsh0helicew7rwx\gradle-5.4.1\lib\gradle-launcher-5.4.1.jar
Launcher Type: SUN_STANDARD

Environment Variables:
JAVA_HOME=C:\Program Files\Java\jdk1.8.0_131
USERNAME=Client
OS=Windows_NT
PROCESSOR_IDENTIFIER=Intel64 Family 6 Model 58 Stepping 9, GenuineIntel



---------------  S Y S T E M  ---------------

OS: Windows 10.0 , 64 bit Build 18362 (10.0.18362.778)

CPU:total 4 (initial active 4) (2 cores per cpu, 2 threads per core) family 6 model 58 stepping 9, cmov, cx8, fxsr, mmx, sse, sse2, sse3, ssse3, sse4.1, sse4.2, popcnt, avx, aes, clmul, erms, ht, tsc, tscinvbit, tscinv

Memory: 4k page, physical 8248880k(1478944k free), swap 8773168k(5160k free)

vm_info: Java HotSpot(TM) 64-Bit Server VM (25.131-b11) for windows-amd64 JRE (1.8.0_131-b11), built on Mar 15 2017 01:23:53 by "java_re" with MS VC++ 10.0 (VS2010)

time: Tue May 12 00:46:21 2020
elapsed time: 4 seconds (0d 0h 0m 4s)

