#
# There is insufficient memory for the Java Runtime Environment to continue.
# Native memory allocation (malloc) failed to allocate 886160 bytes for Chunk::new
# Possible reasons:
#   The system is out of physical RAM or swap space
#   In 32 bit mode, the process size limit was hit
# Possible solutions:
#   Reduce memory load on the system
#   Increase physical memory or swap space
#   Check if swap backing store is full
#   Use 64 bit Java on a 64 bit OS
#   Decrease Java heap size (-Xmx/-Xms)
#   Decrease number of Java threads
#   Decrease Java thread stack sizes (-Xss)
#   Set larger code cache with -XX:ReservedCodeCacheSize=
# This output file may be truncated or incomplete.
#
#  Out of Memory Error (allocation.cpp:390), pid=13592, tid=0x0000000000004020
#
# JRE version: Java(TM) SE Runtime Environment (8.0_131-b11) (build 1.8.0_131-b11)
# Java VM: Java HotSpot(TM) 64-Bit Server VM (25.131-b11 mixed mode windows-amd64 compressed oops)
# Failed to write core dump. Minidumps are not enabled by default on client versions of Windows
#

---------------  T H R E A D  ---------------

Current thread (0x000000001618f800):  JavaThread "C2 CompilerThread0" daemon [_thread_in_native, id=16416, stack(0x0000000017810000,0x0000000017910000)]

Stack: [0x0000000017810000,0x0000000017910000]
[error occurred during error reporting (printing stack bounds), id 0xc0000005]

Native frames: (J=compiled Java code, j=interpreted, Vv=VM code, C=native code)


Current CompileTask:
C2:  21978 9232       4       java.lang.Class::privateGetMethodRecursive (130 bytes)


---------------  P R O C E S S  ---------------

Java Threads: ( => current thread )
  0x000000001df34800 JavaThread "pool-1-thread-1" [_thread_in_native, id=10688, stack(0x000000001fa20000,0x000000001fb20000)]
  0x000000001cfab000 JavaThread "Memory manager" [_thread_blocked, id=15940, stack(0x0000000022bb0000,0x0000000022cb0000)]
  0x0000000019343800 JavaThread "Cache worker for execution history cache (C:\Users\Client\.gradle\caches\5.4.1\executionHistory)" [_thread_blocked, id=14028, stack(0x000000001fb20000,0x000000001fc20000)]
  0x0000000019340800 JavaThread "Cache worker for journal cache (C:\Users\Client\.gradle\caches\journal-1)" [_thread_blocked, id=16968, stack(0x000000001af90000,0x000000001b090000)]
  0x0000000019340000 JavaThread "File lock request listener" [_thread_in_native, id=188, stack(0x000000001ac90000,0x000000001ad90000)]
  0x0000000019341800 JavaThread "Cache worker for file hash cache (C:\Users\Client\.gradle\caches\5.4.1\fileHashes)" [_thread_blocked, id=14620, stack(0x000000001ab90000,0x000000001ac90000)]
  0x0000000019064000 JavaThread "Asynchronous log dispatcher for DefaultDaemonConnection: socket connection from /127.0.0.1:64370 to /127.0.0.1:64371" [_thread_blocked, id=16368, stack(0x000000001a890000,0x000000001a990000)]
  0x00000000192e1000 JavaThread "Daemon worker" [_thread_in_native, id=10196, stack(0x000000001a790000,0x000000001a890000)]
  0x00000000192e0000 JavaThread "Cancel handler" [_thread_blocked, id=3836, stack(0x000000001a690000,0x000000001a790000)]
  0x000000001922a800 JavaThread "Handler for socket connection from /127.0.0.1:64370 to /127.0.0.1:64371" [_thread_in_native, id=6712, stack(0x000000001a390000,0x000000001a490000)]
  0x0000000019226800 JavaThread "Daemon" [_thread_blocked, id=15556, stack(0x000000001a290000,0x000000001a390000)]
  0x0000000019218000 JavaThread "Daemon periodic checks" [_thread_blocked, id=14540, stack(0x000000001a190000,0x000000001a290000)]
  0x0000000019214800 JavaThread "Incoming local TCP Connector on port 64370" [_thread_in_native, id=9828, stack(0x0000000019f20000,0x000000001a020000)]
  0x0000000019408000 JavaThread "Daemon health stats" [_thread_blocked, id=2388, stack(0x00000000198e0000,0x00000000199e0000)]
  0x0000000017b40800 JavaThread "Service Thread" daemon [_thread_blocked, id=14704, stack(0x0000000017f10000,0x0000000018010000)]
  0x00000000161a2800 JavaThread "C1 CompilerThread2" daemon [_thread_in_vm, id=16556, stack(0x0000000017a10000,0x0000000017b10000)]
  0x0000000016193800 JavaThread "C2 CompilerThread1" daemon [_thread_in_native, id=5200, stack(0x0000000017910000,0x0000000017a10000)]
=>0x000000001618f800 JavaThread "C2 CompilerThread0" daemon [_thread_in_native, id=16416, stack(0x0000000017810000,0x0000000017910000)]
  0x000000001618d000 JavaThread "Attach Listener" daemon [_thread_blocked, id=10824, stack(0x0000000017710000,0x0000000017810000)]
  0x000000001618c000 JavaThread "Signal Dispatcher" daemon [_thread_blocked, id=6752, stack(0x0000000017610000,0x0000000017710000)]
  0x000000001617a800 JavaThread "Finalizer" daemon [_thread_blocked, id=13656, stack(0x00000000173e0000,0x00000000174e0000)]
  0x0000000016159000 JavaThread "Reference Handler" daemon [_thread_blocked, id=8956, stack(0x00000000172e0000,0x00000000173e0000)]
  0x00000000005de800 JavaThread "main" [_thread_in_Java, id=9768, stack(0x0000000002580000,0x0000000002680000)]

Other Threads:
  0x0000000016157800 VMThread [stack: 0x00000000171e0000,0x00000000172e0000] [id=16012]
  0x0000000017b42000 WatcherThread [stack: 0x0000000018010000,0x0000000018110000] [id=6724]

VM state:synchronizing (normal execution)

VM Mutex/Monitor currently owned by a thread:  ([mutex/lock_event])
[0x00000000005dd910] Threads_lock - owner thread: 0x0000000016157800

Heap:
 PSYoungGen      total 214016K, used 111899K [0x00000000e0000000, 0x00000000ef700000, 0x0000000100000000)
  eden space 193024K, 47% used [0x00000000e0000000,0x00000000e58ca790,0x00000000ebc80000)
  from space 20992K, 99% used [0x00000000ed680000,0x00000000eeafc4c0,0x00000000eeb00000)
  to   space 26624K, 0% used [0x00000000ebc80000,0x00000000ebc80000,0x00000000ed680000)
 ParOldGen       total 87552K, used 38752K [0x00000000a0000000, 0x00000000a5580000, 0x00000000e0000000)
  object space 87552K, 44% used [0x00000000a0000000,0x00000000a25d81d8,0x00000000a5580000)
 Metaspace       used 70393K, capacity 73380K, committed 73600K, reserved 1112064K
  class space    used 9725K, capacity 10289K, committed 10368K, reserved 1048576K

Card table byte_map: [0x0000000011be0000,0x0000000011ef0000] byte_map_base: 0x00000000116e0000

Marking Bits: (ParMarkBitMap*) 0x000000007788c720
 Begin Bits: [0x00000000124f0000, 0x0000000013cf0000)
 End Bits:   [0x0000000013cf0000, 0x00000000154f0000)

Polling page: 0x0000000000d10000

CodeCache: size=245760Kb used=26018Kb max_used=26285Kb free=219741Kb
 bounds [0x0000000002820000, 0x00000000041f0000, 0x0000000011820000]
 total_blobs=9142 nmethods=8334 adapters=719
 compilation: enabled

Compilation events (10 events):
Event: 21.933 Thread 0x00000000161a2800 9342   !   2       org.slf4j.LoggerFactory::getILoggerFactory (103 bytes)
Event: 21.934 Thread 0x00000000161a2800 nmethod 9342 0x0000000002a0b490 code [0x0000000002a0b640, 0x0000000002a0bb78]
Event: 21.938 Thread 0x00000000161a2800 9343       2       java.util.concurrent.ConcurrentLinkedQueue::iterator (9 bytes)
Event: 21.938 Thread 0x00000000161a2800 nmethod 9343 0x0000000002ab01d0 code [0x0000000002ab0340, 0x0000000002ab0528]
Event: 21.939 Thread 0x00000000161a2800 9344       2       org.gradle.internal.concurrent.CompositeStoppable$1::stop (1 bytes)
Event: 21.939 Thread 0x00000000161a2800 nmethod 9344 0x0000000002c2c750 code [0x0000000002c2c8a0, 0x0000000002c2c9f0]
Event: 21.965 Thread 0x00000000161a2800 9345       2       org.gradle.internal.logging.text.AbstractLineChoppingStyledTextOutput$3::execute (9 bytes)
Event: 21.966 Thread 0x00000000161a2800 nmethod 9345 0x0000000002d79cd0 code [0x0000000002d79e40, 0x0000000002d79fe8]
Event: 21.966 Thread 0x00000000161a2800 9346       2       org.gradle.internal.logging.text.AbstractLineChoppingStyledTextOutput$3::execute (72 bytes)
Event: 21.967 Thread 0x00000000161a2800 nmethod 9346 0x0000000002cc2750 code [0x0000000002cc28e0, 0x0000000002cc2b98]

GC Heap History (10 events):
Event: 13.634 GC heap before
{Heap before GC invocations=13 (full 2):
 PSYoungGen      total 148480K, used 148474K [0x00000000e0000000, 0x00000000eb280000, 0x0000000100000000)
  eden space 136704K, 100% used [0x00000000e0000000,0x00000000e8580000,0x00000000e8580000)
  from space 11776K, 99% used [0x00000000ea700000,0x00000000eb27eaa0,0x00000000eb280000)
  to   space 13824K, 0% used [0x00000000e9780000,0x00000000e9780000,0x00000000ea500000)
 ParOldGen       total 87552K, used 19513K [0x00000000a0000000, 0x00000000a5580000, 0x00000000e0000000)
  object space 87552K, 22% used [0x00000000a0000000,0x00000000a130e5b8,0x00000000a5580000)
 Metaspace       used 55881K, capacity 57628K, committed 57856K, reserved 1099776K
  class space    used 7691K, capacity 8079K, committed 8192K, reserved 1048576K
Event: 13.660 GC heap after
Heap after GC invocations=13 (full 2):
 PSYoungGen      total 168960K, used 13809K [0x00000000e0000000, 0x00000000ec880000, 0x0000000100000000)
  eden space 155136K, 0% used [0x00000000e0000000,0x00000000e0000000,0x00000000e9780000)
  from space 13824K, 99% used [0x00000000e9780000,0x00000000ea4fc7e0,0x00000000ea500000)
  to   space 18944K, 0% used [0x00000000eb600000,0x00000000eb600000,0x00000000ec880000)
 ParOldGen       total 87552K, used 29504K [0x00000000a0000000, 0x00000000a5580000, 0x00000000e0000000)
  object space 87552K, 33% used [0x00000000a0000000,0x00000000a1cd03b0,0x00000000a5580000)
 Metaspace       used 55881K, capacity 57628K, committed 57856K, reserved 1099776K
  class space    used 7691K, capacity 8079K, committed 8192K, reserved 1048576K
}
Event: 14.104 GC heap before
{Heap before GC invocations=14 (full 2):
 PSYoungGen      total 168960K, used 46841K [0x00000000e0000000, 0x00000000ec880000, 0x0000000100000000)
  eden space 155136K, 21% used [0x00000000e0000000,0x00000000e2041fd0,0x00000000e9780000)
  from space 13824K, 99% used [0x00000000e9780000,0x00000000ea4fc7e0,0x00000000ea500000)
  to   space 18944K, 0% used [0x00000000eb600000,0x00000000eb600000,0x00000000ec880000)
 ParOldGen       total 87552K, used 29504K [0x00000000a0000000, 0x00000000a5580000, 0x00000000e0000000)
  object space 87552K, 33% used [0x00000000a0000000,0x00000000a1cd03b0,0x00000000a5580000)
 Metaspace       used 57225K, capacity 58928K, committed 59008K, reserved 1099776K
  class space    used 7897K, capacity 8290K, committed 8320K, reserved 1048576K
Event: 14.116 GC heap after
Heap after GC invocations=14 (full 2):
 PSYoungGen      total 185856K, used 2374K [0x00000000e0000000, 0x00000000ee300000, 0x0000000100000000)
  eden space 166912K, 0% used [0x00000000e0000000,0x00000000e0000000,0x00000000ea300000)
  from space 18944K, 12% used [0x00000000eb600000,0x00000000eb851a08,0x00000000ec880000)
  to   space 19456K, 0% used [0x00000000ea300000,0x00000000ea300000,0x00000000eb600000)
 ParOldGen       total 87552K, used 36516K [0x00000000a0000000, 0x00000000a5580000, 0x00000000e0000000)
  object space 87552K, 41% used [0x00000000a0000000,0x00000000a23a93b8,0x00000000a5580000)
 Metaspace       used 57225K, capacity 58928K, committed 59008K, reserved 1099776K
  class space    used 7897K, capacity 8290K, committed 8320K, reserved 1048576K
}
Event: 14.116 GC heap before
{Heap before GC invocations=15 (full 3):
 PSYoungGen      total 185856K, used 2374K [0x00000000e0000000, 0x00000000ee300000, 0x0000000100000000)
  eden space 166912K, 0% used [0x00000000e0000000,0x00000000e0000000,0x00000000ea300000)
  from space 18944K, 12% used [0x00000000eb600000,0x00000000eb851a08,0x00000000ec880000)
  to   space 19456K, 0% used [0x00000000ea300000,0x00000000ea300000,0x00000000eb600000)
 ParOldGen       total 87552K, used 36516K [0x00000000a0000000, 0x00000000a5580000, 0x00000000e0000000)
  object space 87552K, 41% used [0x00000000a0000000,0x00000000a23a93b8,0x00000000a5580000)
 Metaspace       used 57225K, capacity 58928K, committed 59008K, reserved 1099776K
  class space    used 7897K, capacity 8290K, committed 8320K, reserved 1048576K
Event: 14.400 GC heap after
Heap after GC invocations=15 (full 3):
 PSYoungGen      total 185856K, used 0K [0x00000000e0000000, 0x00000000ee300000, 0x0000000100000000)
  eden space 166912K, 0% used [0x00000000e0000000,0x00000000e0000000,0x00000000ea300000)
  from space 18944K, 0% used [0x00000000eb600000,0x00000000eb600000,0x00000000ec880000)
  to   space 19456K, 0% used [0x00000000ea300000,0x00000000ea300000,0x00000000eb600000)
 ParOldGen       total 87552K, used 30812K [0x00000000a0000000, 0x00000000a5580000, 0x00000000e0000000)
  object space 87552K, 35% used [0x00000000a0000000,0x00000000a1e170f0,0x00000000a5580000)
 Metaspace       used 57224K, capacity 58922K, committed 59008K, reserved 1099776K
  class space    used 7896K, capacity 8289K, committed 8320K, reserved 1048576K
}
Event: 16.306 GC heap before
{Heap before GC invocations=16 (full 3):
 PSYoungGen      total 185856K, used 166912K [0x00000000e0000000, 0x00000000ee300000, 0x0000000100000000)
  eden space 166912K, 100% used [0x00000000e0000000,0x00000000ea300000,0x00000000ea300000)
  from space 18944K, 0% used [0x00000000eb600000,0x00000000eb600000,0x00000000ec880000)
  to   space 19456K, 0% used [0x00000000ea300000,0x00000000ea300000,0x00000000eb600000)
 ParOldGen       total 87552K, used 30812K [0x00000000a0000000, 0x00000000a5580000, 0x00000000e0000000)
  object space 87552K, 35% used [0x00000000a0000000,0x00000000a1e170f0,0x00000000a5580000)
 Metaspace       used 60590K, capacity 62698K, committed 62976K, reserved 1103872K
  class space    used 8405K, capacity 8847K, committed 8960K, reserved 1048576K
Event: 16.332 GC heap after
Heap after GC invocations=16 (full 3):
 PSYoungGen      total 186368K, used 15238K [0x00000000e0000000, 0x00000000eeb00000, 0x0000000100000000)
  eden space 166912K, 0% used [0x00000000e0000000,0x00000000e0000000,0x00000000ea300000)
  from space 19456K, 78% used [0x00000000ea300000,0x00000000eb1e1bd0,0x00000000eb600000)
  to   space 20992K, 0% used [0x00000000ed680000,0x00000000ed680000,0x00000000eeb00000)
 ParOldGen       total 87552K, used 30820K [0x00000000a0000000, 0x00000000a5580000, 0x00000000e0000000)
  object space 87552K, 35% used [0x00000000a0000000,0x00000000a1e190f0,0x00000000a5580000)
 Metaspace       used 60590K, capacity 62698K, committed 62976K, reserved 1103872K
  class space    used 8405K, capacity 8847K, committed 8960K, reserved 1048576K
}
Event: 18.845 GC heap before
{Heap before GC invocations=17 (full 3):
 PSYoungGen      total 186368K, used 182150K [0x00000000e0000000, 0x00000000eeb00000, 0x0000000100000000)
  eden space 166912K, 100% used [0x00000000e0000000,0x00000000ea300000,0x00000000ea300000)
  from space 19456K, 78% used [0x00000000ea300000,0x00000000eb1e1bd0,0x00000000eb600000)
  to   space 20992K, 0% used [0x00000000ed680000,0x00000000ed680000,0x00000000eeb00000)
 ParOldGen       total 87552K, used 30820K [0x00000000a0000000, 0x00000000a5580000, 0x00000000e0000000)
  object space 87552K, 35% used [0x00000000a0000000,0x00000000a1e190f0,0x00000000a5580000)
 Metaspace       used 66959K, capacity 69204K, committed 69504K, reserved 1110016K
  class space    used 9308K, capacity 9788K, committed 9856K, reserved 1048576K
Event: 18.898 GC heap after
Heap after GC invocations=17 (full 3):
 PSYoungGen      total 214016K, used 20977K [0x00000000e0000000, 0x00000000ef700000, 0x0000000100000000)
  eden space 193024K, 0% used [0x00000000e0000000,0x00000000e0000000,0x00000000ebc80000)
  from space 20992K, 99% used [0x00000000ed680000,0x00000000eeafc4c0,0x00000000eeb00000)
  to   space 26624K, 0% used [0x00000000ebc80000,0x00000000ebc80000,0x00000000ed680000)
 ParOldGen       total 87552K, used 38752K [0x00000000a0000000, 0x00000000a5580000, 0x00000000e0000000)
  object space 87552K, 44% used [0x00000000a0000000,0x00000000a25d81d8,0x00000000a5580000)
 Metaspace       used 66959K, capacity 69204K, committed 69504K, reserved 1110016K
  class space    used 9308K, capacity 9788K, committed 9856K, reserved 1048576K
}

Deoptimization events (10 events):
Event: 21.909 Thread 0x00000000192e1000 Uncommon trap: reason=class_check action=maybe_recompile pc=0x0000000004132bc8 method=java.util.HashMap.removeNode(ILjava/lang/Object;Ljava/lang/Object;ZZ)Ljava/util/HashMap$Node; @ 68
Event: 21.909 Thread 0x0000000019342000 Uncommon trap: reason=class_check action=maybe_recompile pc=0x0000000003ab24a8 method=java.util.concurrent.locks.ReentrantLock.lock()V @ 4
Event: 21.910 Thread 0x00000000192e1000 Uncommon trap: reason=class_check action=maybe_recompile pc=0x0000000004132c40 method=java.util.HashMap.removeNode(ILjava/lang/Object;Ljava/lang/Object;ZZ)Ljava/util/HashMap$Node; @ 143
Event: 21.911 Thread 0x000000001933f000 Uncommon trap: reason=class_check action=maybe_recompile pc=0x0000000003ab24a8 method=java.util.concurrent.locks.ReentrantLock.lock()V @ 4
Event: 21.911 Thread 0x00000000192e1000 Uncommon trap: reason=class_check action=maybe_recompile pc=0x0000000004132bc8 method=java.util.HashMap.removeNode(ILjava/lang/Object;Ljava/lang/Object;ZZ)Ljava/util/HashMap$Node; @ 68
Event: 21.920 Thread 0x00000000192e1000 Uncommon trap: reason=unstable_if action=reinterpret pc=0x0000000003779efc method=java.util.HashMap$HashIterator.<init>(Ljava/util/HashMap;)V @ 45
Event: 21.920 Thread 0x00000000192e1000 Uncommon trap: reason=bimorphic action=maybe_recompile pc=0x000000000404ce10 method=java.util.AbstractList.hashCode()I @ 3
Event: 21.920 Thread 0x00000000192e1000 Uncommon trap: reason=bimorphic action=maybe_recompile pc=0x000000000404ce10 method=java.util.AbstractList.hashCode()I @ 3
Event: 21.921 Thread 0x000000001933d800 Uncommon trap: reason=class_check action=maybe_recompile pc=0x0000000003ab24a8 method=java.util.concurrent.locks.ReentrantLock.lock()V @ 4
Event: 21.965 Thread 0x00000000192e1000 Uncommon trap: reason=unstable_if action=reinterpret pc=0x000000000383b318 method=org.gradle.internal.logging.slf4j.OutputEventListenerBackedLogger.isLevelAtMost(Lorg/gradle/api/logging/LogLevel;)Z @ 11

Internal exceptions (10 events):
Event: 21.651 Thread 0x00000000192e1000 Exception <a 'java/lang/ClassNotFoundException': java/util/LinkedHashMap$LinkedEntrySetCustomizer> (0x00000000e44731f0) thrown at [C:\re\workspace\8-2-build-windows-amd64-cygwin\jdk8u131\8869\hotspot\src\share\vm\classfile\systemDictionary.cpp, line 210]
Event: 21.653 Thread 0x00000000192e1000 Exception <a 'java/lang/ClassNotFoundException': java/util/LinkedHashMap$EntryBeanInfo> (0x00000000e4497340) thrown at [C:\re\workspace\8-2-build-windows-amd64-cygwin\jdk8u131\8869\hotspot\src\share\vm\classfile\systemDictionary.cpp, line 210]
Event: 21.653 Thread 0x00000000192e1000 Exception <a 'java/lang/ClassNotFoundException': java/util/HashMap$NodeBeanInfo> (0x00000000e449fce8) thrown at [C:\re\workspace\8-2-build-windows-amd64-cygwin\jdk8u131\8869\hotspot\src\share\vm\classfile\systemDictionary.cpp, line 210]
Event: 21.653 Thread 0x00000000192e1000 Exception <a 'java/lang/ClassNotFoundException': java/util/HashMap$NodeCustomizer> (0x00000000e44a8b00) thrown at [C:\re\workspace\8-2-build-windows-amd64-cygwin\jdk8u131\8869\hotspot\src\share\vm\classfile\systemDictionary.cpp, line 210]
Event: 21.654 Thread 0x00000000192e1000 Exception <a 'java/lang/ClassNotFoundException': java/util/LinkedHashMap$EntryCustomizer> (0x00000000e44baf80) thrown at [C:\re\workspace\8-2-build-windows-amd64-cygwin\jdk8u131\8869\hotspot\src\share\vm\classfile\systemDictionary.cpp, line 210]
Event: 21.658 Thread 0x00000000192e1000 Exception <a 'java/lang/ClassNotFoundException': org/jetbrains/plugins/gradle/model/tests/DefaultExternalTestSourceMappingBeanInfo> (0x00000000e44f98f0) thrown at [C:\re\workspace\8-2-build-windows-amd64-cygwin\jdk8u131\8869\hotspot\src\share\vm\classfile
Event: 21.659 Thread 0x00000000192e1000 Exception <a 'java/lang/ClassNotFoundException': org/jetbrains/plugins/gradle/model/tests/DefaultExternalTestSourceMappingCustomizer> (0x00000000e450e120) thrown at [C:\re\workspace\8-2-build-windows-amd64-cygwin\jdk8u131\8869\hotspot\src\share\vm\classfi
Event: 21.690 Thread 0x00000000192e1000 Exception <a 'sun/nio/fs/WindowsException'> (0x00000000e46083d0) thrown at [C:\re\workspace\8-2-build-windows-amd64-cygwin\jdk8u131\8869\hotspot\src\share\vm\prims\jni.cpp, line 709]
Event: 21.713 Thread 0x0000000019070800 Implicit null exception at 0x00000000034aff94 to 0x00000000034b51d9
Event: 21.716 Thread 0x00000000192e1000 Implicit null exception at 0x0000000004033730 to 0x00000000040337c9

Events (10 events):
Event: 21.975 loading class com/google/wireless/android/sdk/stats/LintSessionOrBuilder done
Event: 21.975 loading class com/google/wireless/android/sdk/stats/DialogStatsOrBuilder
Event: 21.975 loading class com/google/wireless/android/sdk/stats/DialogStatsOrBuilder done
Event: 21.975 loading class com/google/wireless/android/sdk/stats/ResourceManagerEventOrBuilder
Event: 21.975 loading class com/google/wireless/android/sdk/stats/ResourceManagerEventOrBuilder done
Event: 21.975 loading class com/google/wireless/android/sdk/stats/IdePluginInfoOrBuilder
Event: 21.975 loading class com/google/wireless/android/sdk/stats/IdePluginInfoOrBuilder done
Event: 21.976 loading class com/google/wireless/android/sdk/stats/MemorySettingsEventOrBuilder
Event: 21.976 loading class com/google/wireless/android/sdk/stats/MemorySettingsEventOrBuilder done
Event: 21.977 Executing VM operation: RevokeBias


Dynamic libraries:
0x00007ff66e050000 - 0x00007ff66e087000 	C:\Program Files\Java\jdk1.8.0_131\bin\java.exe
0x00007ffea5fc0000 - 0x00007ffea61b0000 	C:\WINDOWS\SYSTEM32\ntdll.dll
0x00007ffea53e0000 - 0x00007ffea5492000 	C:\WINDOWS\System32\KERNEL32.DLL
0x00007ffea2f80000 - 0x00007ffea3223000 	C:\WINDOWS\System32\KERNELBASE.dll
0x00007ffea4bc0000 - 0x00007ffea4c63000 	C:\WINDOWS\System32\ADVAPI32.dll
0x00007ffea4b20000 - 0x00007ffea4bbe000 	C:\WINDOWS\System32\msvcrt.dll
0x00007ffea50e0000 - 0x00007ffea5177000 	C:\WINDOWS\System32\sechost.dll
0x00007ffea5cf0000 - 0x00007ffea5e10000 	C:\WINDOWS\System32\RPCRT4.dll
0x00007ffea4c70000 - 0x00007ffea4e04000 	C:\WINDOWS\System32\USER32.dll
0x00007ffea3ba0000 - 0x00007ffea3bc1000 	C:\WINDOWS\System32\win32u.dll
0x00007ffea4550000 - 0x00007ffea4576000 	C:\WINDOWS\System32\GDI32.dll
0x00007ffea3230000 - 0x00007ffea33c4000 	C:\WINDOWS\System32\gdi32full.dll
0x00007ffea3fa0000 - 0x00007ffea403e000 	C:\WINDOWS\System32\msvcp_win.dll
0x00007ffea3ea0000 - 0x00007ffea3f9a000 	C:\WINDOWS\System32\ucrtbase.dll
0x00007ffe8f260000 - 0x00007ffe8f4e5000 	C:\WINDOWS\WinSxS\amd64_microsoft.windows.common-controls_6595b64144ccf1df_6.0.18362.778_none_e6c6b761130d4fb8\COMCTL32.dll
0x00007ffea4710000 - 0x00007ffea4a46000 	C:\WINDOWS\System32\combase.dll
0x00007ffea3bd0000 - 0x00007ffea3c50000 	C:\WINDOWS\System32\bcryptPrimitives.dll
0x00007ffea5180000 - 0x00007ffea51ae000 	C:\WINDOWS\System32\IMM32.DLL
0x0000000050bd0000 - 0x0000000050ca2000 	C:\Program Files\Java\jdk1.8.0_131\jre\bin\msvcr100.dll
0x0000000077070000 - 0x000000007790c000 	C:\Program Files\Java\jdk1.8.0_131\jre\bin\server\jvm.dll
0x00007ffea4520000 - 0x00007ffea4528000 	C:\WINDOWS\System32\PSAPI.DLL
0x00007ffe9fbd0000 - 0x00007ffe9fbf4000 	C:\WINDOWS\SYSTEM32\WINMM.dll
0x00007ffe9f960000 - 0x00007ffe9f969000 	C:\WINDOWS\SYSTEM32\WSOCK32.dll
0x00007ffe92480000 - 0x00007ffe9248a000 	C:\WINDOWS\SYSTEM32\VERSION.dll
0x00007ffea4ec0000 - 0x00007ffea4f2f000 	C:\WINDOWS\System32\WS2_32.dll
0x00007ffe9fba0000 - 0x00007ffe9fbcd000 	C:\WINDOWS\SYSTEM32\winmmbase.dll
0x00007ffea3b50000 - 0x00007ffea3b9a000 	C:\WINDOWS\System32\cfgmgr32.dll
0x0000000050bc0000 - 0x0000000050bcf000 	C:\Program Files\Java\jdk1.8.0_131\jre\bin\verify.dll
0x0000000050b90000 - 0x0000000050bb9000 	C:\Program Files\Java\jdk1.8.0_131\jre\bin\java.dll
0x0000000050b70000 - 0x0000000050b86000 	C:\Program Files\Java\jdk1.8.0_131\jre\bin\zip.dll
0x00007ffea5600000 - 0x00007ffea5ce5000 	C:\WINDOWS\System32\SHELL32.dll
0x00007ffea4e10000 - 0x00007ffea4eb9000 	C:\WINDOWS\System32\shcore.dll
0x00007ffea33d0000 - 0x00007ffea3b50000 	C:\WINDOWS\System32\windows.storage.dll
0x00007ffea2ef0000 - 0x00007ffea2f13000 	C:\WINDOWS\System32\profapi.dll
0x00007ffea2ea0000 - 0x00007ffea2eea000 	C:\WINDOWS\System32\powrprof.dll
0x00007ffea2e50000 - 0x00007ffea2e60000 	C:\WINDOWS\System32\UMPDC.dll
0x00007ffea4600000 - 0x00007ffea4652000 	C:\WINDOWS\System32\shlwapi.dll
0x00007ffea2e80000 - 0x00007ffea2e91000 	C:\WINDOWS\System32\kernel.appcore.dll
0x00007ffea3e80000 - 0x00007ffea3e97000 	C:\WINDOWS\System32\cryptsp.dll
0x0000000050b50000 - 0x0000000050b6a000 	C:\Program Files\Java\jdk1.8.0_131\jre\bin\net.dll
0x00007ffea26c0000 - 0x00007ffea2727000 	C:\WINDOWS\system32\mswsock.dll
0x0000000050b30000 - 0x0000000050b41000 	C:\Program Files\Java\jdk1.8.0_131\jre\bin\nio.dll
0x00007ffe75860000 - 0x00007ffe75886000 	C:\Users\Client\.gradle\native\29\windows-amd64\native-platform.dll
0x0000000050b20000 - 0x0000000050b2d000 	C:\Program Files\Java\jdk1.8.0_131\jre\bin\management.dll
0x00007ffea2230000 - 0x00007ffea2263000 	C:\WINDOWS\system32\rsaenh.dll
0x00007ffea3e50000 - 0x00007ffea3e76000 	C:\WINDOWS\System32\bcrypt.dll
0x00007ffea2d70000 - 0x00007ffea2d95000 	C:\WINDOWS\SYSTEM32\USERENV.dll
0x00007ffea2890000 - 0x00007ffea289c000 	C:\WINDOWS\SYSTEM32\CRYPTBASE.dll
0x00007ffea23d0000 - 0x00007ffea240a000 	C:\WINDOWS\SYSTEM32\IPHLPAPI.DLL
0x00007ffea4040000 - 0x00007ffea4048000 	C:\WINDOWS\System32\NSI.dll
0x00007ffe9b570000 - 0x00007ffe9b586000 	C:\WINDOWS\SYSTEM32\dhcpcsvc6.DLL
0x00007ffe9b4c0000 - 0x00007ffe9b4dc000 	C:\WINDOWS\SYSTEM32\dhcpcsvc.DLL
0x00007ffea2420000 - 0x00007ffea24ea000 	C:\WINDOWS\SYSTEM32\DNSAPI.dll

VM Arguments:
jvm_args: -Xmx1536m -Dfile.encoding=windows-1252 -Duser.country=FR -Duser.language=fr -Duser.variant 
java_command: org.gradle.launcher.daemon.bootstrap.GradleDaemon 5.4.1
java_class_path (initial): C:\Users\Client\.gradle\wrapper\dists\gradle-5.4.1-all\3221gyojl5jsh0helicew7rwx\gradle-5.4.1\lib\gradle-launcher-5.4.1.jar
Launcher Type: SUN_STANDARD

Environment Variables:
JAVA_HOME=C:\Program Files\Java\jdk1.8.0_131
USERNAME=Client
OS=Windows_NT
PROCESSOR_IDENTIFIER=Intel64 Family 6 Model 58 Stepping 9, GenuineIntel



---------------  S Y S T E M  ---------------

OS: Windows 10.0 , 64 bit Build 18362 (10.0.18362.778)

CPU:total 4 (initial active 4) (2 cores per cpu, 2 threads per core) family 6 model 58 stepping 9, cmov, cx8, fxsr, mmx, sse, sse2, sse3, ssse3, sse4.1, sse4.2, popcnt, avx, aes, clmul, erms, ht, tsc, tscinvbit, tscinv

Memory: 4k page, physical 8248880k(1069888k free), swap 8773168k(6008k free)

vm_info: Java HotSpot(TM) 64-Bit Server VM (25.131-b11) for windows-amd64 JRE (1.8.0_131-b11), built on Mar 15 2017 01:23:53 by "java_re" with MS VC++ 10.0 (VS2010)

time: Tue May 12 00:03:34 2020
elapsed time: 21 seconds (0d 0h 0m 21s)

