#
# There is insufficient memory for the Java Runtime Environment to continue.
# Native memory allocation (malloc) failed to allocate 1285616 bytes for Chunk::new
# Possible reasons:
#   The system is out of physical RAM or swap space
#   In 32 bit mode, the process size limit was hit
# Possible solutions:
#   Reduce memory load on the system
#   Increase physical memory or swap space
#   Check if swap backing store is full
#   Use 64 bit Java on a 64 bit OS
#   Decrease Java heap size (-Xmx/-Xms)
#   Decrease number of Java threads
#   Decrease Java thread stack sizes (-Xss)
#   Set larger code cache with -XX:ReservedCodeCacheSize=
# This output file may be truncated or incomplete.
#
#  Out of Memory Error (allocation.cpp:390), pid=216, tid=0x0000000000001104
#
# JRE version: Java(TM) SE Runtime Environment (8.0_131-b11) (build 1.8.0_131-b11)
# Java VM: Java HotSpot(TM) 64-Bit Server VM (25.131-b11 mixed mode windows-amd64 compressed oops)
# Failed to write core dump. Minidumps are not enabled by default on client versions of Windows
#

---------------  T H R E A D  ---------------

Current thread (0x00000000160d7800):  JavaThread "C2 CompilerThread1" daemon [_thread_in_native, id=4356, stack(0x0000000017870000,0x0000000017970000)]

Stack: [0x0000000017870000,0x0000000017970000]
[error occurred during error reporting (printing stack bounds), id 0xc0000005]

Native frames: (J=compiled Java code, j=interpreted, Vv=VM code, C=native code)


Current CompileTask:
C2:   4430 1438   !   4       java.net.URLClassLoader$1::run (63 bytes)


---------------  P R O C E S S  ---------------

Java Threads: ( => current thread )
  0x00000000192d9800 JavaThread "Cache worker for journal cache (C:\Users\Client\.gradle\caches\journal-1)" [_thread_blocked, id=16428, stack(0x000000001aef0000,0x000000001aff0000)]
  0x00000000192df800 JavaThread "File lock request listener" [_thread_in_native, id=8616, stack(0x000000001adf0000,0x000000001aef0000)]
  0x00000000192dc000 JavaThread "Cache worker for file hash cache (C:\Users\Client\.gradle\caches\5.4.1\fileHashes)" [_thread_blocked, id=9984, stack(0x000000001aaf0000,0x000000001abf0000)]
  0x0000000018f6c800 JavaThread "Thread-9" [_thread_blocked, id=5968, stack(0x000000001a9f0000,0x000000001aaf0000)]
  0x0000000018f6b800 JavaThread "Stdin handler" [_thread_blocked, id=5928, stack(0x000000001a8f0000,0x000000001a9f0000)]
  0x0000000018f72800 JavaThread "Asynchronous log dispatcher for DefaultDaemonConnection: socket connection from /127.0.0.1:65203 to /127.0.0.1:65204" [_thread_blocked, id=7716, stack(0x000000001a7f0000,0x000000001a8f0000)]
  0x0000000018f71800 JavaThread "Daemon worker" [_thread_in_vm, id=7248, stack(0x000000001a6f0000,0x000000001a7f0000)]
  0x0000000018f6e800 JavaThread "Cancel handler" [_thread_blocked, id=17088, stack(0x000000001a5f0000,0x000000001a6f0000)]
  0x0000000018f71000 JavaThread "Handler for socket connection from /127.0.0.1:65203 to /127.0.0.1:65204" [_thread_in_native, id=9680, stack(0x000000001a2f0000,0x000000001a3f0000)]
  0x0000000018f70000 JavaThread "Daemon" [_thread_blocked, id=9532, stack(0x000000001a1f0000,0x000000001a2f0000)]
  0x0000000018f6e000 JavaThread "Daemon periodic checks" [_thread_blocked, id=10132, stack(0x000000001a0f0000,0x000000001a1f0000)]
  0x0000000018f6f800 JavaThread "Incoming local TCP Connector on port 65203" [_thread_in_native, id=16892, stack(0x0000000019e80000,0x0000000019f80000)]
  0x0000000018f6d000 JavaThread "Daemon health stats" [_thread_blocked, id=11636, stack(0x0000000019840000,0x0000000019940000)]
  0x000000001612d800 JavaThread "Service Thread" daemon [_thread_blocked, id=17148, stack(0x0000000017e70000,0x0000000017f70000)]
  0x00000000160db000 JavaThread "C1 CompilerThread2" daemon [_thread_blocked, id=11604, stack(0x0000000017970000,0x0000000017a70000)]
=>0x00000000160d7800 JavaThread "C2 CompilerThread1" daemon [_thread_in_native, id=4356, stack(0x0000000017870000,0x0000000017970000)]
  0x00000000160d0000 JavaThread "C2 CompilerThread0" daemon [_thread_in_native, id=16108, stack(0x0000000017770000,0x0000000017870000)]
  0x00000000160cd000 JavaThread "Attach Listener" daemon [_thread_blocked, id=16748, stack(0x0000000017670000,0x0000000017770000)]
  0x00000000160cb800 JavaThread "Signal Dispatcher" daemon [_thread_blocked, id=4232, stack(0x0000000017570000,0x0000000017670000)]
  0x00000000160ba800 JavaThread "Finalizer" daemon [_thread_blocked, id=16396, stack(0x0000000017340000,0x0000000017440000)]
  0x0000000002750000 JavaThread "Reference Handler" daemon [_thread_blocked, id=15684, stack(0x0000000017240000,0x0000000017340000)]
  0x000000000255e800 JavaThread "main" [_thread_blocked, id=6860, stack(0x0000000002560000,0x0000000002660000)]

Other Threads:
  0x0000000016097800 VMThread [stack: 0x0000000017140000,0x0000000017240000] [id=13100]
  0x000000001612e800 WatcherThread [stack: 0x0000000017f70000,0x0000000018070000] [id=11456]

VM state:not at safepoint (normal execution)

VM Mutex/Monitor currently owned by a thread: None

Heap:
 PSYoungGen      total 37888K, used 9206K [0x00000000e0000000, 0x00000000e4a00000, 0x0000000100000000)
  eden space 32768K, 12% used [0x00000000e0000000,0x00000000e0401850,0x00000000e2000000)
  from space 5120K, 99% used [0x00000000e2500000,0x00000000e29fc050,0x00000000e2a00000)
  to   space 5120K, 0% used [0x00000000e2000000,0x00000000e2000000,0x00000000e2500000)
 ParOldGen       total 86016K, used 4796K [0x00000000a0000000, 0x00000000a5400000, 0x00000000e0000000)
  object space 86016K, 5% used [0x00000000a0000000,0x00000000a04af3c8,0x00000000a5400000)
 Metaspace       used 16481K, capacity 16988K, committed 17152K, reserved 1064960K
  class space    used 2412K, capacity 2556K, committed 2560K, reserved 1048576K

Card table byte_map: [0x0000000011b20000,0x0000000011e30000] byte_map_base: 0x0000000011620000

Marking Bits: (ParMarkBitMap*) 0x000000007788c720
 Begin Bits: [0x0000000012430000, 0x0000000013c30000)
 End Bits:   [0x0000000013c30000, 0x0000000015430000)

Polling page: 0x0000000000ce0000

CodeCache: size=245760Kb used=5159Kb max_used=5159Kb free=240600Kb
 bounds [0x0000000002760000, 0x0000000002c70000, 0x0000000011760000]
 total_blobs=1903 nmethods=1506 adapters=310
 compilation: enabled

Compilation events (10 events):
Event: 4.333 Thread 0x00000000160db000 1507       3       sun.misc.ProxyGenerator::access$900 (5 bytes)
Event: 4.333 Thread 0x00000000160db000 nmethod 1507 0x0000000002c68710 code [0x0000000002c68880, 0x0000000002c68ae8]
Event: 4.334 Thread 0x00000000160db000 1508       3       java.io.ByteArrayOutputStream::<init> (43 bytes)
Event: 4.334 Thread 0x00000000160db000 nmethod 1508 0x0000000002c68bd0 code [0x0000000002c68dc0, 0x0000000002c69738]
Event: 4.334 Thread 0x00000000160db000 1509       1       com.google.common.collect.RegularImmutableList::size (5 bytes)
Event: 4.334 Thread 0x00000000160db000 nmethod 1509 0x0000000002c69b50 code [0x0000000002c69ca0, 0x0000000002c69db0]
Event: 4.391 Thread 0x00000000160db000 1510       3       org.objectweb.asm.SymbolTable::get (13 bytes)
Event: 4.391 Thread 0x00000000160db000 nmethod 1510 0x0000000002c6b190 code [0x0000000002c6b2e0, 0x0000000002c6b470]
Event: 4.406 Thread 0x00000000160db000 1511       3       java.util.concurrent.locks.AbstractQueuedSynchronizer::release (33 bytes)
Event: 4.407 Thread 0x00000000160db000 nmethod 1511 0x0000000002c6b550 code [0x0000000002c6b6c0, 0x0000000002c6b9d8]

GC Heap History (8 events):
Event: 0.815 GC heap before
{Heap before GC invocations=1 (full 0):
 PSYoungGen      total 37888K, used 32768K [0x00000000e0000000, 0x00000000e2a00000, 0x0000000100000000)
  eden space 32768K, 100% used [0x00000000e0000000,0x00000000e2000000,0x00000000e2000000)
  from space 5120K, 0% used [0x00000000e2500000,0x00000000e2500000,0x00000000e2a00000)
  to   space 5120K, 0% used [0x00000000e2000000,0x00000000e2000000,0x00000000e2500000)
 ParOldGen       total 86016K, used 0K [0x00000000a0000000, 0x00000000a5400000, 0x00000000e0000000)
  object space 86016K, 0% used [0x00000000a0000000,0x00000000a0000000,0x00000000a5400000)
 Metaspace       used 6923K, capacity 7162K, committed 7424K, reserved 1056768K
  class space    used 873K, capacity 943K, committed 1024K, reserved 1048576K
Event: 0.820 GC heap after
Heap after GC invocations=1 (full 0):
 PSYoungGen      total 37888K, used 4226K [0x00000000e0000000, 0x00000000e2a00000, 0x0000000100000000)
  eden space 32768K, 0% used [0x00000000e0000000,0x00000000e0000000,0x00000000e2000000)
  from space 5120K, 82% used [0x00000000e2000000,0x00000000e24209c8,0x00000000e2500000)
  to   space 5120K, 0% used [0x00000000e2500000,0x00000000e2500000,0x00000000e2a00000)
 ParOldGen       total 86016K, used 8K [0x00000000a0000000, 0x00000000a5400000, 0x00000000e0000000)
  object space 86016K, 0% used [0x00000000a0000000,0x00000000a0002000,0x00000000a5400000)
 Metaspace       used 6923K, capacity 7162K, committed 7424K, reserved 1056768K
  class space    used 873K, capacity 943K, committed 1024K, reserved 1048576K
}
Event: 1.218 GC heap before
{Heap before GC invocations=2 (full 0):
 PSYoungGen      total 37888K, used 36994K [0x00000000e0000000, 0x00000000e2a00000, 0x0000000100000000)
  eden space 32768K, 100% used [0x00000000e0000000,0x00000000e2000000,0x00000000e2000000)
  from space 5120K, 82% used [0x00000000e2000000,0x00000000e24209c8,0x00000000e2500000)
  to   space 5120K, 0% used [0x00000000e2500000,0x00000000e2500000,0x00000000e2a00000)
 ParOldGen       total 86016K, used 8K [0x00000000a0000000, 0x00000000a5400000, 0x00000000e0000000)
  object space 86016K, 0% used [0x00000000a0000000,0x00000000a0002000,0x00000000a5400000)
 Metaspace       used 8754K, capacity 9018K, committed 9216K, reserved 1056768K
  class space    used 1166K, capacity 1243K, committed 1280K, reserved 1048576K
Event: 1.223 GC heap after
Heap after GC invocations=2 (full 0):
 PSYoungGen      total 37888K, used 4429K [0x00000000e0000000, 0x00000000e2a00000, 0x0000000100000000)
  eden space 32768K, 0% used [0x00000000e0000000,0x00000000e0000000,0x00000000e2000000)
  from space 5120K, 86% used [0x00000000e2500000,0x00000000e29537a0,0x00000000e2a00000)
  to   space 5120K, 0% used [0x00000000e2000000,0x00000000e2000000,0x00000000e2500000)
 ParOldGen       total 86016K, used 16K [0x00000000a0000000, 0x00000000a5400000, 0x00000000e0000000)
  object space 86016K, 0% used [0x00000000a0000000,0x00000000a0004000,0x00000000a5400000)
 Metaspace       used 8754K, capacity 9018K, committed 9216K, reserved 1056768K
  class space    used 1166K, capacity 1243K, committed 1280K, reserved 1048576K
}
Event: 3.990 GC heap before
{Heap before GC invocations=3 (full 0):
 PSYoungGen      total 37888K, used 37197K [0x00000000e0000000, 0x00000000e2a00000, 0x0000000100000000)
  eden space 32768K, 100% used [0x00000000e0000000,0x00000000e2000000,0x00000000e2000000)
  from space 5120K, 86% used [0x00000000e2500000,0x00000000e29537a0,0x00000000e2a00000)
  to   space 5120K, 0% used [0x00000000e2000000,0x00000000e2000000,0x00000000e2500000)
 ParOldGen       total 86016K, used 16K [0x00000000a0000000, 0x00000000a5400000, 0x00000000e0000000)
  object space 86016K, 0% used [0x00000000a0000000,0x00000000a0004000,0x00000000a5400000)
 Metaspace       used 13314K, capacity 13772K, committed 13824K, reserved 1060864K
  class space    used 1882K, capacity 2034K, committed 2048K, reserved 1048576K
Event: 3.996 GC heap after
Heap after GC invocations=3 (full 0):
 PSYoungGen      total 37888K, used 5094K [0x00000000e0000000, 0x00000000e2a00000, 0x0000000100000000)
  eden space 32768K, 0% used [0x00000000e0000000,0x00000000e0000000,0x00000000e2000000)
  from space 5120K, 99% used [0x00000000e2000000,0x00000000e24f9bb0,0x00000000e2500000)
  to   space 5120K, 0% used [0x00000000e2500000,0x00000000e2500000,0x00000000e2a00000)
 ParOldGen       total 86016K, used 1774K [0x00000000a0000000, 0x00000000a5400000, 0x00000000e0000000)
  object space 86016K, 2% used [0x00000000a0000000,0x00000000a01bbb80,0x00000000a5400000)
 Metaspace       used 13314K, capacity 13772K, committed 13824K, reserved 1060864K
  class space    used 1882K, capacity 2034K, committed 2048K, reserved 1048576K
}
Event: 4.342 GC heap before
{Heap before GC invocations=4 (full 0):
 PSYoungGen      total 37888K, used 37862K [0x00000000e0000000, 0x00000000e2a00000, 0x0000000100000000)
  eden space 32768K, 100% used [0x00000000e0000000,0x00000000e2000000,0x00000000e2000000)
  from space 5120K, 99% used [0x00000000e2000000,0x00000000e24f9bb0,0x00000000e2500000)
  to   space 5120K, 0% used [0x00000000e2500000,0x00000000e2500000,0x00000000e2a00000)
 ParOldGen       total 86016K, used 1774K [0x00000000a0000000, 0x00000000a5400000, 0x00000000e0000000)
  object space 86016K, 2% used [0x00000000a0000000,0x00000000a01bbb80,0x00000000a5400000)
 Metaspace       used 16067K, capacity 16540K, committed 16640K, reserved 1062912K
  class space    used 2350K, capacity 2492K, committed 2560K, reserved 1048576K
Event: 4.350 GC heap after
Heap after GC invocations=4 (full 0):
 PSYoungGen      total 37888K, used 5104K [0x00000000e0000000, 0x00000000e4a00000, 0x0000000100000000)
  eden space 32768K, 0% used [0x00000000e0000000,0x00000000e0000000,0x00000000e2000000)
  from space 5120K, 99% used [0x00000000e2500000,0x00000000e29fc050,0x00000000e2a00000)
  to   space 5120K, 0% used [0x00000000e2000000,0x00000000e2000000,0x00000000e2500000)
 ParOldGen       total 86016K, used 4796K [0x00000000a0000000, 0x00000000a5400000, 0x00000000e0000000)
  object space 86016K, 5% used [0x00000000a0000000,0x00000000a04af3c8,0x00000000a5400000)
 Metaspace       used 16067K, capacity 16540K, committed 16640K, reserved 1062912K
  class space    used 2350K, capacity 2492K, committed 2560K, reserved 1048576K
}

Deoptimization events (10 events):
Event: 3.759 Thread 0x0000000018f71000 Uncommon trap: reason=unstable_if action=reinterpret pc=0x0000000002b0456c method=java.util.concurrent.ConcurrentHashMap.putVal(Ljava/lang/Object;Ljava/lang/Object;Z)Ljava/lang/Object; @ 206
Event: 3.815 Thread 0x0000000018f71800 Uncommon trap: reason=bimorphic action=maybe_recompile pc=0x00000000029e53b0 method=java.util.HashMap.putVal(ILjava/lang/Object;Ljava/lang/Object;ZZ)Ljava/lang/Object; @ 253
Event: 3.816 Thread 0x0000000018f71800 Uncommon trap: reason=bimorphic action=maybe_recompile pc=0x00000000029e53b0 method=java.util.HashMap.putVal(ILjava/lang/Object;Ljava/lang/Object;ZZ)Ljava/lang/Object; @ 253
Event: 3.816 Thread 0x0000000018f71800 Uncommon trap: reason=bimorphic action=maybe_recompile pc=0x00000000029e53b0 method=java.util.HashMap.putVal(ILjava/lang/Object;Ljava/lang/Object;ZZ)Ljava/lang/Object; @ 253
Event: 3.816 Thread 0x0000000018f71800 Uncommon trap: reason=bimorphic action=maybe_recompile pc=0x00000000029e53b0 method=java.util.HashMap.putVal(ILjava/lang/Object;Ljava/lang/Object;ZZ)Ljava/lang/Object; @ 253
Event: 4.004 Thread 0x0000000018f71800 Uncommon trap: reason=class_check action=maybe_recompile pc=0x0000000002a2d898 method=java.util.regex.Matcher.match(II)Z @ 86
Event: 4.014 Thread 0x0000000018f71800 Uncommon trap: reason=class_check action=maybe_recompile pc=0x0000000002a2d898 method=java.util.regex.Matcher.match(II)Z @ 86
Event: 4.014 Thread 0x0000000018f71800 Uncommon trap: reason=class_check action=maybe_recompile pc=0x0000000002a2d898 method=java.util.regex.Matcher.match(II)Z @ 86
Event: 4.014 Thread 0x0000000018f71800 Uncommon trap: reason=class_check action=maybe_recompile pc=0x00000000029ecadc method=java.util.regex.Matcher.match(II)Z @ 86
Event: 4.223 Thread 0x0000000018f71800 Uncommon trap: reason=unstable_if action=reinterpret pc=0x0000000002af99f4 method=java.lang.String.lastIndexOf([CII[CIII)I @ 66

Internal exceptions (10 events):
Event: 3.761 Thread 0x0000000018f71000 Exception <a 'java/lang/NoSuchMethodError': <clinit>> (0x00000000e0aee9d0) thrown at [C:\re\workspace\8-2-build-windows-amd64-cygwin\jdk8u131\8869\hotspot\src\share\vm\prims\jni.cpp, line 1613]
Event: 3.762 Thread 0x0000000018f71000 Exception <a 'java/lang/NoSuchMethodError': <clinit>> (0x00000000e0b036a0) thrown at [C:\re\workspace\8-2-build-windows-amd64-cygwin\jdk8u131\8869\hotspot\src\share\vm\prims\jni.cpp, line 1613]
Event: 3.764 Thread 0x0000000018f71000 Exception <a 'java/lang/NoSuchMethodError': <clinit>> (0x00000000e0b16700) thrown at [C:\re\workspace\8-2-build-windows-amd64-cygwin\jdk8u131\8869\hotspot\src\share\vm\prims\jni.cpp, line 1613]
Event: 3.767 Thread 0x0000000018f71000 Exception <a 'java/lang/NoSuchMethodError': <clinit>> (0x00000000e0b3d4e0) thrown at [C:\re\workspace\8-2-build-windows-amd64-cygwin\jdk8u131\8869\hotspot\src\share\vm\prims\jni.cpp, line 1613]
Event: 3.769 Thread 0x0000000018f71000 Exception <a 'java/lang/NoSuchMethodError': <clinit>> (0x00000000e0b550d8) thrown at [C:\re\workspace\8-2-build-windows-amd64-cygwin\jdk8u131\8869\hotspot\src\share\vm\prims\jni.cpp, line 1613]
Event: 3.770 Thread 0x0000000018f71000 Exception <a 'java/lang/NoSuchMethodError': <clinit>> (0x00000000e0b5dba0) thrown at [C:\re\workspace\8-2-build-windows-amd64-cygwin\jdk8u131\8869\hotspot\src\share\vm\prims\jni.cpp, line 1613]
Event: 3.771 Thread 0x0000000018f71000 Exception <a 'java/lang/NoSuchMethodError': <clinit>> (0x00000000e0b73d58) thrown at [C:\re\workspace\8-2-build-windows-amd64-cygwin\jdk8u131\8869\hotspot\src\share\vm\prims\jni.cpp, line 1613]
Event: 3.782 Thread 0x0000000018f71000 Exception <a 'java/lang/NoSuchMethodError': <clinit>> (0x00000000e0bdb080) thrown at [C:\re\workspace\8-2-build-windows-amd64-cygwin\jdk8u131\8869\hotspot\src\share\vm\prims\jni.cpp, line 1613]
Event: 3.785 Thread 0x0000000018f71000 Exception <a 'java/lang/NoSuchMethodError': <clinit>> (0x00000000e0c070c8) thrown at [C:\re\workspace\8-2-build-windows-amd64-cygwin\jdk8u131\8869\hotspot\src\share\vm\prims\jni.cpp, line 1613]
Event: 3.792 Thread 0x0000000018f71000 Exception <a 'java/lang/NoSuchMethodError': <clinit>> (0x00000000e0c23aa0) thrown at [C:\re\workspace\8-2-build-windows-amd64-cygwin\jdk8u131\8869\hotspot\src\share\vm\prims\jni.cpp, line 1613]

Events (10 events):
Event: 4.414 loading class org/gradle/internal/resource/local/FileResourceConnector
Event: 4.414 loading class org/gradle/internal/resource/local/FileResourceConnector done
Event: 4.415 loading class org/gradle/internal/resource/local/LocallyAvailableExternalResource
Event: 4.415 loading class org/gradle/internal/resource/local/LocallyAvailableExternalResource done
Event: 4.415 loading class org/gradle/internal/resource/ExternalResource
Event: 4.415 loading class org/gradle/internal/resource/ExternalResource done
Event: 4.416 loading class org/gradle/internal/resource/LocalBinaryResource
Event: 4.416 loading class org/gradle/internal/resource/LocalBinaryResource done
Event: 4.417 loading class org/gradle/internal/resource/ReadableContent
Event: 4.417 loading class org/gradle/internal/resource/ReadableContent done


Dynamic libraries:
0x00007ff66e050000 - 0x00007ff66e087000 	C:\Program Files\Java\jdk1.8.0_131\bin\java.exe
0x00007ffea5fc0000 - 0x00007ffea61b0000 	C:\WINDOWS\SYSTEM32\ntdll.dll
0x00007ffea53e0000 - 0x00007ffea5492000 	C:\WINDOWS\System32\KERNEL32.DLL
0x00007ffea2f80000 - 0x00007ffea3223000 	C:\WINDOWS\System32\KERNELBASE.dll
0x00007ffea4bc0000 - 0x00007ffea4c63000 	C:\WINDOWS\System32\ADVAPI32.dll
0x00007ffea4b20000 - 0x00007ffea4bbe000 	C:\WINDOWS\System32\msvcrt.dll
0x00007ffea50e0000 - 0x00007ffea5177000 	C:\WINDOWS\System32\sechost.dll
0x00007ffea5cf0000 - 0x00007ffea5e10000 	C:\WINDOWS\System32\RPCRT4.dll
0x00007ffea4c70000 - 0x00007ffea4e04000 	C:\WINDOWS\System32\USER32.dll
0x00007ffea3ba0000 - 0x00007ffea3bc1000 	C:\WINDOWS\System32\win32u.dll
0x00007ffea4550000 - 0x00007ffea4576000 	C:\WINDOWS\System32\GDI32.dll
0x00007ffea3230000 - 0x00007ffea33c4000 	C:\WINDOWS\System32\gdi32full.dll
0x00007ffea3fa0000 - 0x00007ffea403e000 	C:\WINDOWS\System32\msvcp_win.dll
0x00007ffea3ea0000 - 0x00007ffea3f9a000 	C:\WINDOWS\System32\ucrtbase.dll
0x00007ffe8f260000 - 0x00007ffe8f4e5000 	C:\WINDOWS\WinSxS\amd64_microsoft.windows.common-controls_6595b64144ccf1df_6.0.18362.778_none_e6c6b761130d4fb8\COMCTL32.dll
0x00007ffea4710000 - 0x00007ffea4a46000 	C:\WINDOWS\System32\combase.dll
0x00007ffea3bd0000 - 0x00007ffea3c50000 	C:\WINDOWS\System32\bcryptPrimitives.dll
0x00007ffea5180000 - 0x00007ffea51ae000 	C:\WINDOWS\System32\IMM32.DLL
0x0000000050cb0000 - 0x0000000050d82000 	C:\Program Files\Java\jdk1.8.0_131\jre\bin\msvcr100.dll
0x0000000077070000 - 0x000000007790c000 	C:\Program Files\Java\jdk1.8.0_131\jre\bin\server\jvm.dll
0x00007ffea4520000 - 0x00007ffea4528000 	C:\WINDOWS\System32\PSAPI.DLL
0x00007ffe92480000 - 0x00007ffe9248a000 	C:\WINDOWS\SYSTEM32\VERSION.dll
0x00007ffe9fbd0000 - 0x00007ffe9fbf4000 	C:\WINDOWS\SYSTEM32\WINMM.dll
0x00007ffe9fc90000 - 0x00007ffe9fc99000 	C:\WINDOWS\SYSTEM32\WSOCK32.dll
0x00007ffea4ec0000 - 0x00007ffea4f2f000 	C:\WINDOWS\System32\WS2_32.dll
0x00007ffe9fba0000 - 0x00007ffe9fbcd000 	C:\WINDOWS\SYSTEM32\winmmbase.dll
0x00007ffea3b50000 - 0x00007ffea3b9a000 	C:\WINDOWS\System32\cfgmgr32.dll
0x0000000050ca0000 - 0x0000000050caf000 	C:\Program Files\Java\jdk1.8.0_131\jre\bin\verify.dll
0x0000000050c70000 - 0x0000000050c99000 	C:\Program Files\Java\jdk1.8.0_131\jre\bin\java.dll
0x0000000050c50000 - 0x0000000050c66000 	C:\Program Files\Java\jdk1.8.0_131\jre\bin\zip.dll
0x00007ffea5600000 - 0x00007ffea5ce5000 	C:\WINDOWS\System32\SHELL32.dll
0x00007ffea4e10000 - 0x00007ffea4eb9000 	C:\WINDOWS\System32\shcore.dll
0x00007ffea33d0000 - 0x00007ffea3b50000 	C:\WINDOWS\System32\windows.storage.dll
0x00007ffea2ef0000 - 0x00007ffea2f13000 	C:\WINDOWS\System32\profapi.dll
0x00007ffea2ea0000 - 0x00007ffea2eea000 	C:\WINDOWS\System32\powrprof.dll
0x00007ffea2e50000 - 0x00007ffea2e60000 	C:\WINDOWS\System32\UMPDC.dll
0x00007ffea4600000 - 0x00007ffea4652000 	C:\WINDOWS\System32\shlwapi.dll
0x00007ffea2e80000 - 0x00007ffea2e91000 	C:\WINDOWS\System32\kernel.appcore.dll
0x00007ffea3e80000 - 0x00007ffea3e97000 	C:\WINDOWS\System32\cryptsp.dll
0x0000000050c30000 - 0x0000000050c4a000 	C:\Program Files\Java\jdk1.8.0_131\jre\bin\net.dll
0x00007ffea26c0000 - 0x00007ffea2727000 	C:\WINDOWS\system32\mswsock.dll
0x0000000050c10000 - 0x0000000050c21000 	C:\Program Files\Java\jdk1.8.0_131\jre\bin\nio.dll
0x00007ffe95620000 - 0x00007ffe95646000 	C:\Users\Client\.gradle\native\29\windows-amd64\native-platform.dll
0x0000000050c00000 - 0x0000000050c0d000 	C:\Program Files\Java\jdk1.8.0_131\jre\bin\management.dll
0x00007ffea2230000 - 0x00007ffea2263000 	C:\WINDOWS\system32\rsaenh.dll
0x00007ffea3e50000 - 0x00007ffea3e76000 	C:\WINDOWS\System32\bcrypt.dll
0x00007ffea2d70000 - 0x00007ffea2d95000 	C:\WINDOWS\SYSTEM32\USERENV.dll
0x00007ffea2890000 - 0x00007ffea289c000 	C:\WINDOWS\SYSTEM32\CRYPTBASE.dll
0x00007ffea23d0000 - 0x00007ffea240a000 	C:\WINDOWS\SYSTEM32\IPHLPAPI.DLL
0x00007ffea4040000 - 0x00007ffea4048000 	C:\WINDOWS\System32\NSI.dll
0x00007ffe9b570000 - 0x00007ffe9b586000 	C:\WINDOWS\SYSTEM32\dhcpcsvc6.DLL
0x00007ffe9b4c0000 - 0x00007ffe9b4dc000 	C:\WINDOWS\SYSTEM32\dhcpcsvc.DLL
0x00007ffea2420000 - 0x00007ffea24ea000 	C:\WINDOWS\SYSTEM32\DNSAPI.dll

VM Arguments:
jvm_args: -Xmx1536m -Dfile.encoding=windows-1252 -Duser.country=FR -Duser.language=fr -Duser.variant 
java_command: org.gradle.launcher.daemon.bootstrap.GradleDaemon 5.4.1
java_class_path (initial): C:\Users\Client\.gradle\wrapper\dists\gradle-5.4.1-all\3221gyojl5jsh0helicew7rwx\gradle-5.4.1\lib\gradle-launcher-5.4.1.jar
Launcher Type: SUN_STANDARD

Environment Variables:
JAVA_HOME=C:\Program Files\Java\jdk1.8.0_131
USERNAME=Client
OS=Windows_NT
PROCESSOR_IDENTIFIER=Intel64 Family 6 Model 58 Stepping 9, GenuineIntel



---------------  S Y S T E M  ---------------

OS: Windows 10.0 , 64 bit Build 18362 (10.0.18362.778)

CPU:total 4 (initial active 4) (2 cores per cpu, 2 threads per core) family 6 model 58 stepping 9, cmov, cx8, fxsr, mmx, sse, sse2, sse3, ssse3, sse4.1, sse4.2, popcnt, avx, aes, clmul, erms, ht, tsc, tscinvbit, tscinv

Memory: 4k page, physical 8248880k(1494232k free), swap 8773168k(6120k free)

vm_info: Java HotSpot(TM) 64-Bit Server VM (25.131-b11) for windows-amd64 JRE (1.8.0_131-b11), built on Mar 15 2017 01:23:53 by "java_re" with MS VC++ 10.0 (VS2010)

time: Tue May 12 00:47:24 2020
elapsed time: 4 seconds (0d 0h 0m 4s)

