#
# There is insufficient memory for the Java Runtime Environment to continue.
# Native memory allocation (malloc) failed to allocate 2334256 bytes for Chunk::new
# Possible reasons:
#   The system is out of physical RAM or swap space
#   In 32 bit mode, the process size limit was hit
# Possible solutions:
#   Reduce memory load on the system
#   Increase physical memory or swap space
#   Check if swap backing store is full
#   Use 64 bit Java on a 64 bit OS
#   Decrease Java heap size (-Xmx/-Xms)
#   Decrease number of Java threads
#   Decrease Java thread stack sizes (-Xss)
#   Set larger code cache with -XX:ReservedCodeCacheSize=
# This output file may be truncated or incomplete.
#
#  Out of Memory Error (allocation.cpp:390), pid=6060, tid=0x0000000000003ccc
#
# JRE version: Java(TM) SE Runtime Environment (8.0_131-b11) (build 1.8.0_131-b11)
# Java VM: Java HotSpot(TM) 64-Bit Server VM (25.131-b11 mixed mode windows-amd64 compressed oops)
# Failed to write core dump. Minidumps are not enabled by default on client versions of Windows
#

---------------  T H R E A D  ---------------

Current thread (0x0000000015dcf000):  JavaThread "C2 CompilerThread0" daemon [_thread_in_native, id=15564, stack(0x0000000017460000,0x0000000017560000)]

Stack: [0x0000000017460000,0x0000000017560000]
[error occurred during error reporting (printing stack bounds), id 0xc0000005]

Native frames: (J=compiled Java code, j=interpreted, Vv=VM code, C=native code)


Current CompileTask:
C2:   4592 1404       4       java.net.URLClassLoader$1::run (5 bytes)


---------------  P R O C E S S  ---------------

Java Threads: ( => current thread )
  0x0000000018f26000 JavaThread "Cache worker for file hash cache (C:\Users\Client\Documents\TDM2\TP2\EXO2\.gradle\5.4.1\fileHashes)" [_thread_blocked, id=5128, stack(0x000000001e310000,0x000000001e410000)]
  0x0000000018f27800 JavaThread "Cache worker for journal cache (C:\Users\Client\.gradle\caches\journal-1)" [_thread_blocked, id=6556, stack(0x000000001a9e0000,0x000000001aae0000)]
  0x0000000018f25800 JavaThread "File lock request listener" [_thread_in_native, id=3864, stack(0x000000001a8e0000,0x000000001a9e0000)]
  0x0000000018f24800 JavaThread "Cache worker for file hash cache (C:\Users\Client\.gradle\caches\5.4.1\fileHashes)" [_thread_blocked, id=15024, stack(0x000000001a7e0000,0x000000001a8e0000)]
  0x0000000018c4c800 JavaThread "Thread-9" [_thread_blocked, id=14380, stack(0x000000001a6e0000,0x000000001a7e0000)]
  0x0000000018c4a000 JavaThread "Stdin handler" [_thread_blocked, id=748, stack(0x000000001a5e0000,0x000000001a6e0000)]
  0x0000000018c49000 JavaThread "Asynchronous log dispatcher for DefaultDaemonConnection: socket connection from /127.0.0.1:65179 to /127.0.0.1:65180" [_thread_blocked, id=9744, stack(0x000000001a4e0000,0x000000001a5e0000)]
  0x0000000018b7d800 JavaThread "Daemon worker" [_thread_in_native, id=11184, stack(0x000000001a3e0000,0x000000001a4e0000)]
  0x0000000018b7d000 JavaThread "Cancel handler" [_thread_blocked, id=16068, stack(0x000000001a2e0000,0x000000001a3e0000)]
  0x0000000018e05800 JavaThread "Handler for socket connection from /127.0.0.1:65179 to /127.0.0.1:65180" [_thread_in_native, id=16296, stack(0x0000000019fe0000,0x000000001a0e0000)]
  0x0000000018e02800 JavaThread "Daemon" [_thread_blocked, id=15228, stack(0x0000000019ee0000,0x0000000019fe0000)]
  0x0000000018d9b800 JavaThread "Daemon periodic checks" [_thread_blocked, id=16720, stack(0x0000000019de0000,0x0000000019ee0000)]
  0x0000000018d9a800 JavaThread "Incoming local TCP Connector on port 65179" [_thread_in_native, id=15988, stack(0x0000000019b70000,0x0000000019c70000)]
  0x0000000018d50800 JavaThread "Daemon health stats" [_thread_blocked, id=13044, stack(0x0000000019530000,0x0000000019630000)]
  0x0000000017788800 JavaThread "Service Thread" daemon [_thread_blocked, id=10596, stack(0x0000000017b60000,0x0000000017c60000)]
  0x0000000015dda000 JavaThread "C1 CompilerThread2" daemon [_thread_blocked, id=11800, stack(0x0000000017660000,0x0000000017760000)]
  0x0000000015dd6800 JavaThread "C2 CompilerThread1" daemon [_thread_in_native, id=16640, stack(0x0000000017560000,0x0000000017660000)]
=>0x0000000015dcf000 JavaThread "C2 CompilerThread0" daemon [_thread_in_native, id=15564, stack(0x0000000017460000,0x0000000017560000)]
  0x0000000015dcc000 JavaThread "Attach Listener" daemon [_thread_blocked, id=9108, stack(0x0000000017360000,0x0000000017460000)]
  0x0000000015dca800 JavaThread "Signal Dispatcher" daemon [_thread_blocked, id=16876, stack(0x0000000017260000,0x0000000017360000)]
  0x0000000015dba800 JavaThread "Finalizer" daemon [_thread_blocked, id=13432, stack(0x0000000017030000,0x0000000017130000)]
  0x0000000002450000 JavaThread "Reference Handler" daemon [_thread_blocked, id=12132, stack(0x0000000016f30000,0x0000000017030000)]
  0x000000000235e800 JavaThread "main" [_thread_blocked, id=5720, stack(0x00000000021d0000,0x00000000022d0000)]

Other Threads:
  0x0000000015d97800 VMThread [stack: 0x0000000016e30000,0x0000000016f30000] [id=10116]
  0x000000001778c000 WatcherThread [stack: 0x0000000017c60000,0x0000000017d60000] [id=10216]

VM state:not at safepoint (normal execution)

VM Mutex/Monitor currently owned by a thread: None

Heap:
 PSYoungGen      total 37888K, used 13909K [0x00000000e0000000, 0x00000000e2a00000, 0x0000000100000000)
  eden space 32768K, 26% used [0x00000000e0000000,0x00000000e0899520,0x00000000e2000000)
  from space 5120K, 99% used [0x00000000e2500000,0x00000000e29fc010,0x00000000e2a00000)
  to   space 5120K, 0% used [0x00000000e2000000,0x00000000e2000000,0x00000000e2500000)
 ParOldGen       total 86016K, used 4771K [0x00000000a0000000, 0x00000000a5400000, 0x00000000e0000000)
  object space 86016K, 5% used [0x00000000a0000000,0x00000000a04a8ea8,0x00000000a5400000)
 Metaspace       used 16700K, capacity 17116K, committed 17280K, reserved 1064960K
  class space    used 2461K, capacity 2620K, committed 2688K, reserved 1048576K

Card table byte_map: [0x0000000011820000,0x0000000011b30000] byte_map_base: 0x0000000011320000

Marking Bits: (ParMarkBitMap*) 0x000000007788c720
 Begin Bits: [0x0000000012130000, 0x0000000013930000)
 End Bits:   [0x0000000013930000, 0x0000000015130000)

Polling page: 0x0000000000480000

CodeCache: size=245760Kb used=5155Kb max_used=5155Kb free=240604Kb
 bounds [0x0000000002460000, 0x0000000002970000, 0x0000000011460000]
 total_blobs=1916 nmethods=1519 adapters=310
 compilation: enabled

Compilation events (10 events):
Event: 4.502 Thread 0x0000000015dda000 1521       3       java.io.ByteArrayOutputStream::<init> (7 bytes)
Event: 4.502 Thread 0x0000000015dda000 nmethod 1521 0x0000000002968a10 code [0x0000000002968b80, 0x0000000002968d08]
Event: 4.503 Thread 0x0000000015dda000 1522   !   3       java.lang.ClassLoader::definePackage (77 bytes)
Event: 4.503 Thread 0x0000000015dda000 nmethod 1522 0x0000000002968d90 code [0x0000000002968f40, 0x00000000029695d8]
Event: 4.563 Thread 0x0000000015dda000 1523       3       org.gradle.internal.service.DefaultServiceRegistry$ManagedObjectServiceProvider::requiredBy (20 bytes)
Event: 4.563 Thread 0x0000000015dda000 nmethod 1523 0x0000000002969990 code [0x0000000002969b20, 0x000000000296a048]
Event: 4.564 Thread 0x0000000015dda000 1524       3       org.gradle.internal.service.DefaultServiceRegistry$ParentServices::getService (11 bytes)
Event: 4.564 Thread 0x0000000015dda000 nmethod 1524 0x000000000296a190 code [0x000000000296a300, 0x000000000296a528]
Event: 4.584 Thread 0x0000000015dda000 1525       3       org.gradle.internal.logging.slf4j.OutputEventListenerBackedLogger::isDebugEnabled (8 bytes)
Event: 4.584 Thread 0x0000000015dda000 nmethod 1525 0x000000000296a610 code [0x000000000296a7a0, 0x000000000296ac68]

GC Heap History (8 events):
Event: 0.776 GC heap before
{Heap before GC invocations=1 (full 0):
 PSYoungGen      total 37888K, used 32768K [0x00000000e0000000, 0x00000000e2a00000, 0x0000000100000000)
  eden space 32768K, 100% used [0x00000000e0000000,0x00000000e2000000,0x00000000e2000000)
  from space 5120K, 0% used [0x00000000e2500000,0x00000000e2500000,0x00000000e2a00000)
  to   space 5120K, 0% used [0x00000000e2000000,0x00000000e2000000,0x00000000e2500000)
 ParOldGen       total 86016K, used 0K [0x00000000a0000000, 0x00000000a5400000, 0x00000000e0000000)
  object space 86016K, 0% used [0x00000000a0000000,0x00000000a0000000,0x00000000a5400000)
 Metaspace       used 6920K, capacity 7162K, committed 7424K, reserved 1056768K
  class space    used 873K, capacity 943K, committed 1024K, reserved 1048576K
Event: 0.781 GC heap after
Heap after GC invocations=1 (full 0):
 PSYoungGen      total 37888K, used 4195K [0x00000000e0000000, 0x00000000e2a00000, 0x0000000100000000)
  eden space 32768K, 0% used [0x00000000e0000000,0x00000000e0000000,0x00000000e2000000)
  from space 5120K, 81% used [0x00000000e2000000,0x00000000e2418fc8,0x00000000e2500000)
  to   space 5120K, 0% used [0x00000000e2500000,0x00000000e2500000,0x00000000e2a00000)
 ParOldGen       total 86016K, used 8K [0x00000000a0000000, 0x00000000a5400000, 0x00000000e0000000)
  object space 86016K, 0% used [0x00000000a0000000,0x00000000a0002000,0x00000000a5400000)
 Metaspace       used 6920K, capacity 7162K, committed 7424K, reserved 1056768K
  class space    used 873K, capacity 943K, committed 1024K, reserved 1048576K
}
Event: 1.163 GC heap before
{Heap before GC invocations=2 (full 0):
 PSYoungGen      total 37888K, used 36963K [0x00000000e0000000, 0x00000000e2a00000, 0x0000000100000000)
  eden space 32768K, 100% used [0x00000000e0000000,0x00000000e2000000,0x00000000e2000000)
  from space 5120K, 81% used [0x00000000e2000000,0x00000000e2418fc8,0x00000000e2500000)
  to   space 5120K, 0% used [0x00000000e2500000,0x00000000e2500000,0x00000000e2a00000)
 ParOldGen       total 86016K, used 8K [0x00000000a0000000, 0x00000000a5400000, 0x00000000e0000000)
  object space 86016K, 0% used [0x00000000a0000000,0x00000000a0002000,0x00000000a5400000)
 Metaspace       used 8741K, capacity 9018K, committed 9216K, reserved 1056768K
  class space    used 1165K, capacity 1243K, committed 1280K, reserved 1048576K
Event: 1.168 GC heap after
Heap after GC invocations=2 (full 0):
 PSYoungGen      total 37888K, used 4429K [0x00000000e0000000, 0x00000000e2a00000, 0x0000000100000000)
  eden space 32768K, 0% used [0x00000000e0000000,0x00000000e0000000,0x00000000e2000000)
  from space 5120K, 86% used [0x00000000e2500000,0x00000000e29537a0,0x00000000e2a00000)
  to   space 5120K, 0% used [0x00000000e2000000,0x00000000e2000000,0x00000000e2500000)
 ParOldGen       total 86016K, used 16K [0x00000000a0000000, 0x00000000a5400000, 0x00000000e0000000)
  object space 86016K, 0% used [0x00000000a0000000,0x00000000a0004000,0x00000000a5400000)
 Metaspace       used 8741K, capacity 9018K, committed 9216K, reserved 1056768K
  class space    used 1165K, capacity 1243K, committed 1280K, reserved 1048576K
}
Event: 3.939 GC heap before
{Heap before GC invocations=3 (full 0):
 PSYoungGen      total 37888K, used 37197K [0x00000000e0000000, 0x00000000e2a00000, 0x0000000100000000)
  eden space 32768K, 100% used [0x00000000e0000000,0x00000000e2000000,0x00000000e2000000)
  from space 5120K, 86% used [0x00000000e2500000,0x00000000e29537a0,0x00000000e2a00000)
  to   space 5120K, 0% used [0x00000000e2000000,0x00000000e2000000,0x00000000e2500000)
 ParOldGen       total 86016K, used 16K [0x00000000a0000000, 0x00000000a5400000, 0x00000000e0000000)
  object space 86016K, 0% used [0x00000000a0000000,0x00000000a0004000,0x00000000a5400000)
 Metaspace       used 13285K, capacity 13772K, committed 13824K, reserved 1060864K
  class space    used 1881K, capacity 2034K, committed 2048K, reserved 1048576K
Event: 3.950 GC heap after
Heap after GC invocations=3 (full 0):
 PSYoungGen      total 37888K, used 5110K [0x00000000e0000000, 0x00000000e2a00000, 0x0000000100000000)
  eden space 32768K, 0% used [0x00000000e0000000,0x00000000e0000000,0x00000000e2000000)
  from space 5120K, 99% used [0x00000000e2000000,0x00000000e24fdbe0,0x00000000e2500000)
  to   space 5120K, 0% used [0x00000000e2500000,0x00000000e2500000,0x00000000e2a00000)
 ParOldGen       total 86016K, used 1751K [0x00000000a0000000, 0x00000000a5400000, 0x00000000e0000000)
  object space 86016K, 2% used [0x00000000a0000000,0x00000000a01b5e98,0x00000000a5400000)
 Metaspace       used 13285K, capacity 13772K, committed 13824K, reserved 1060864K
  class space    used 1881K, capacity 2034K, committed 2048K, reserved 1048576K
}
Event: 4.378 GC heap before
{Heap before GC invocations=4 (full 0):
 PSYoungGen      total 37888K, used 37878K [0x00000000e0000000, 0x00000000e2a00000, 0x0000000100000000)
  eden space 32768K, 100% used [0x00000000e0000000,0x00000000e2000000,0x00000000e2000000)
  from space 5120K, 99% used [0x00000000e2000000,0x00000000e24fdbe0,0x00000000e2500000)
  to   space 5120K, 0% used [0x00000000e2500000,0x00000000e2500000,0x00000000e2a00000)
 ParOldGen       total 86016K, used 1751K [0x00000000a0000000, 0x00000000a5400000, 0x00000000e0000000)
  object space 86016K, 2% used [0x00000000a0000000,0x00000000a01b5e98,0x00000000a5400000)
 Metaspace       used 16051K, capacity 16540K, committed 16640K, reserved 1062912K
  class space    used 2346K, capacity 2492K, committed 2560K, reserved 1048576K
Event: 4.392 GC heap after
Heap after GC invocations=4 (full 0):
 PSYoungGen      total 37888K, used 5104K [0x00000000e0000000, 0x00000000e2a00000, 0x0000000100000000)
  eden space 32768K, 0% used [0x00000000e0000000,0x00000000e0000000,0x00000000e2000000)
  from space 5120K, 99% used [0x00000000e2500000,0x00000000e29fc010,0x00000000e2a00000)
  to   space 5120K, 0% used [0x00000000e2000000,0x00000000e2000000,0x00000000e2500000)
 ParOldGen       total 86016K, used 4771K [0x00000000a0000000, 0x00000000a5400000, 0x00000000e0000000)
  object space 86016K, 5% used [0x00000000a0000000,0x00000000a04a8ea8,0x00000000a5400000)
 Metaspace       used 16051K, capacity 16540K, committed 16640K, reserved 1062912K
  class space    used 2346K, capacity 2492K, committed 2560K, reserved 1048576K
}

Deoptimization events (10 events):
Event: 3.663 Thread 0x0000000018e05800 Uncommon trap: reason=unstable_if action=reinterpret pc=0x0000000002804d6c method=java.util.concurrent.ConcurrentHashMap.putVal(Ljava/lang/Object;Ljava/lang/Object;Z)Ljava/lang/Object; @ 206
Event: 3.719 Thread 0x0000000018b7d800 Uncommon trap: reason=bimorphic action=maybe_recompile pc=0x00000000026e7db4 method=java.util.HashMap.putVal(ILjava/lang/Object;Ljava/lang/Object;ZZ)Ljava/lang/Object; @ 253
Event: 3.719 Thread 0x0000000018b7d800 Uncommon trap: reason=bimorphic action=maybe_recompile pc=0x00000000026e7db4 method=java.util.HashMap.putVal(ILjava/lang/Object;Ljava/lang/Object;ZZ)Ljava/lang/Object; @ 253
Event: 3.719 Thread 0x0000000018b7d800 Uncommon trap: reason=bimorphic action=maybe_recompile pc=0x00000000026e7db4 method=java.util.HashMap.putVal(ILjava/lang/Object;Ljava/lang/Object;ZZ)Ljava/lang/Object; @ 253
Event: 3.719 Thread 0x0000000018b7d800 Uncommon trap: reason=bimorphic action=maybe_recompile pc=0x00000000026e7db4 method=java.util.HashMap.putVal(ILjava/lang/Object;Ljava/lang/Object;ZZ)Ljava/lang/Object; @ 253
Event: 3.964 Thread 0x0000000018b7d800 Uncommon trap: reason=class_check action=maybe_recompile pc=0x000000000272f6d8 method=java.util.regex.Matcher.match(II)Z @ 86
Event: 3.978 Thread 0x0000000018b7d800 Uncommon trap: reason=class_check action=maybe_recompile pc=0x000000000272f6d8 method=java.util.regex.Matcher.match(II)Z @ 86
Event: 3.978 Thread 0x0000000018b7d800 Uncommon trap: reason=class_check action=maybe_recompile pc=0x000000000272f6d8 method=java.util.regex.Matcher.match(II)Z @ 86
Event: 3.978 Thread 0x0000000018b7d800 Uncommon trap: reason=class_check action=maybe_recompile pc=0x00000000026e5a9c method=java.util.regex.Matcher.match(II)Z @ 86
Event: 4.216 Thread 0x0000000018b7d800 Uncommon trap: reason=unstable_if action=reinterpret pc=0x00000000027fa8b4 method=java.lang.String.lastIndexOf([CII[CIII)I @ 66

Internal exceptions (10 events):
Event: 3.664 Thread 0x0000000018e05800 Exception <a 'java/lang/NoSuchMethodError': <clinit>> (0x00000000e0aee4d0) thrown at [C:\re\workspace\8-2-build-windows-amd64-cygwin\jdk8u131\8869\hotspot\src\share\vm\prims\jni.cpp, line 1613]
Event: 3.666 Thread 0x0000000018e05800 Exception <a 'java/lang/NoSuchMethodError': <clinit>> (0x00000000e0b031a0) thrown at [C:\re\workspace\8-2-build-windows-amd64-cygwin\jdk8u131\8869\hotspot\src\share\vm\prims\jni.cpp, line 1613]
Event: 3.668 Thread 0x0000000018e05800 Exception <a 'java/lang/NoSuchMethodError': <clinit>> (0x00000000e0b16200) thrown at [C:\re\workspace\8-2-build-windows-amd64-cygwin\jdk8u131\8869\hotspot\src\share\vm\prims\jni.cpp, line 1613]
Event: 3.672 Thread 0x0000000018e05800 Exception <a 'java/lang/NoSuchMethodError': <clinit>> (0x00000000e0b3d030) thrown at [C:\re\workspace\8-2-build-windows-amd64-cygwin\jdk8u131\8869\hotspot\src\share\vm\prims\jni.cpp, line 1613]
Event: 3.674 Thread 0x0000000018e05800 Exception <a 'java/lang/NoSuchMethodError': <clinit>> (0x00000000e0b54c28) thrown at [C:\re\workspace\8-2-build-windows-amd64-cygwin\jdk8u131\8869\hotspot\src\share\vm\prims\jni.cpp, line 1613]
Event: 3.675 Thread 0x0000000018e05800 Exception <a 'java/lang/NoSuchMethodError': <clinit>> (0x00000000e0b5d6f0) thrown at [C:\re\workspace\8-2-build-windows-amd64-cygwin\jdk8u131\8869\hotspot\src\share\vm\prims\jni.cpp, line 1613]
Event: 3.677 Thread 0x0000000018e05800 Exception <a 'java/lang/NoSuchMethodError': <clinit>> (0x00000000e0b73890) thrown at [C:\re\workspace\8-2-build-windows-amd64-cygwin\jdk8u131\8869\hotspot\src\share\vm\prims\jni.cpp, line 1613]
Event: 3.686 Thread 0x0000000018e05800 Exception <a 'java/lang/NoSuchMethodError': <clinit>> (0x00000000e0bdab60) thrown at [C:\re\workspace\8-2-build-windows-amd64-cygwin\jdk8u131\8869\hotspot\src\share\vm\prims\jni.cpp, line 1613]
Event: 3.690 Thread 0x0000000018e05800 Exception <a 'java/lang/NoSuchMethodError': <clinit>> (0x00000000e0c06ba8) thrown at [C:\re\workspace\8-2-build-windows-amd64-cygwin\jdk8u131\8869\hotspot\src\share\vm\prims\jni.cpp, line 1613]
Event: 3.694 Thread 0x0000000018e05800 Exception <a 'java/lang/NoSuchMethodError': <clinit>> (0x00000000e0c23580) thrown at [C:\re\workspace\8-2-build-windows-amd64-cygwin\jdk8u131\8869\hotspot\src\share\vm\prims\jni.cpp, line 1613]

Events (10 events):
Event: 4.566 loading class org/gradle/internal/scripts/ScriptingLanguages done
Event: 4.566 loading class org/gradle/scripts/ScriptingLanguage
Event: 4.566 loading class org/gradle/scripts/ScriptingLanguage done
Event: 4.567 loading class org/gradle/internal/scripts/ScriptingLanguages$1
Event: 4.567 loading class org/gradle/internal/scripts/ScriptingLanguages$1 done
Event: 4.567 loading class org/gradle/initialization/layout/BuildLayout
Event: 4.567 loading class org/gradle/initialization/layout/BuildLayout done
Event: 4.568 loading class org/gradle/initialization/SettingsLocation
Event: 4.568 loading class org/gradle/initialization/SettingsLocation done
Event: 4.584 Thread 0x0000000018f26000 Thread added: 0x0000000018f26000


Dynamic libraries:
0x00007ff66e050000 - 0x00007ff66e087000 	C:\Program Files\Java\jdk1.8.0_131\bin\java.exe
0x00007ffea5fc0000 - 0x00007ffea61b0000 	C:\WINDOWS\SYSTEM32\ntdll.dll
0x00007ffea53e0000 - 0x00007ffea5492000 	C:\WINDOWS\System32\KERNEL32.DLL
0x00007ffea2f80000 - 0x00007ffea3223000 	C:\WINDOWS\System32\KERNELBASE.dll
0x00007ffea4bc0000 - 0x00007ffea4c63000 	C:\WINDOWS\System32\ADVAPI32.dll
0x00007ffea4b20000 - 0x00007ffea4bbe000 	C:\WINDOWS\System32\msvcrt.dll
0x00007ffea50e0000 - 0x00007ffea5177000 	C:\WINDOWS\System32\sechost.dll
0x00007ffea5cf0000 - 0x00007ffea5e10000 	C:\WINDOWS\System32\RPCRT4.dll
0x00007ffea4c70000 - 0x00007ffea4e04000 	C:\WINDOWS\System32\USER32.dll
0x00007ffea3ba0000 - 0x00007ffea3bc1000 	C:\WINDOWS\System32\win32u.dll
0x00007ffea4550000 - 0x00007ffea4576000 	C:\WINDOWS\System32\GDI32.dll
0x00007ffea3230000 - 0x00007ffea33c4000 	C:\WINDOWS\System32\gdi32full.dll
0x00007ffea3fa0000 - 0x00007ffea403e000 	C:\WINDOWS\System32\msvcp_win.dll
0x00007ffea3ea0000 - 0x00007ffea3f9a000 	C:\WINDOWS\System32\ucrtbase.dll
0x00007ffe8f260000 - 0x00007ffe8f4e5000 	C:\WINDOWS\WinSxS\amd64_microsoft.windows.common-controls_6595b64144ccf1df_6.0.18362.778_none_e6c6b761130d4fb8\COMCTL32.dll
0x00007ffea4710000 - 0x00007ffea4a46000 	C:\WINDOWS\System32\combase.dll
0x00007ffea3bd0000 - 0x00007ffea3c50000 	C:\WINDOWS\System32\bcryptPrimitives.dll
0x00007ffea5180000 - 0x00007ffea51ae000 	C:\WINDOWS\System32\IMM32.DLL
0x0000000050cb0000 - 0x0000000050d82000 	C:\Program Files\Java\jdk1.8.0_131\jre\bin\msvcr100.dll
0x0000000077070000 - 0x000000007790c000 	C:\Program Files\Java\jdk1.8.0_131\jre\bin\server\jvm.dll
0x00007ffea4520000 - 0x00007ffea4528000 	C:\WINDOWS\System32\PSAPI.DLL
0x00007ffe9fbd0000 - 0x00007ffe9fbf4000 	C:\WINDOWS\SYSTEM32\WINMM.dll
0x00007ffe9fc90000 - 0x00007ffe9fc99000 	C:\WINDOWS\SYSTEM32\WSOCK32.dll
0x00007ffe92480000 - 0x00007ffe9248a000 	C:\WINDOWS\SYSTEM32\VERSION.dll
0x00007ffea4ec0000 - 0x00007ffea4f2f000 	C:\WINDOWS\System32\WS2_32.dll
0x00007ffe9fba0000 - 0x00007ffe9fbcd000 	C:\WINDOWS\SYSTEM32\winmmbase.dll
0x00007ffea3b50000 - 0x00007ffea3b9a000 	C:\WINDOWS\System32\cfgmgr32.dll
0x0000000050ca0000 - 0x0000000050caf000 	C:\Program Files\Java\jdk1.8.0_131\jre\bin\verify.dll
0x0000000050c70000 - 0x0000000050c99000 	C:\Program Files\Java\jdk1.8.0_131\jre\bin\java.dll
0x0000000050c50000 - 0x0000000050c66000 	C:\Program Files\Java\jdk1.8.0_131\jre\bin\zip.dll
0x00007ffea5600000 - 0x00007ffea5ce5000 	C:\WINDOWS\System32\SHELL32.dll
0x00007ffea4e10000 - 0x00007ffea4eb9000 	C:\WINDOWS\System32\shcore.dll
0x00007ffea33d0000 - 0x00007ffea3b50000 	C:\WINDOWS\System32\windows.storage.dll
0x00007ffea2ef0000 - 0x00007ffea2f13000 	C:\WINDOWS\System32\profapi.dll
0x00007ffea2ea0000 - 0x00007ffea2eea000 	C:\WINDOWS\System32\powrprof.dll
0x00007ffea2e50000 - 0x00007ffea2e60000 	C:\WINDOWS\System32\UMPDC.dll
0x00007ffea4600000 - 0x00007ffea4652000 	C:\WINDOWS\System32\shlwapi.dll
0x00007ffea2e80000 - 0x00007ffea2e91000 	C:\WINDOWS\System32\kernel.appcore.dll
0x00007ffea3e80000 - 0x00007ffea3e97000 	C:\WINDOWS\System32\cryptsp.dll
0x0000000050c30000 - 0x0000000050c4a000 	C:\Program Files\Java\jdk1.8.0_131\jre\bin\net.dll
0x00007ffea26c0000 - 0x00007ffea2727000 	C:\WINDOWS\system32\mswsock.dll
0x0000000050c10000 - 0x0000000050c21000 	C:\Program Files\Java\jdk1.8.0_131\jre\bin\nio.dll
0x00007ffe95620000 - 0x00007ffe95646000 	C:\Users\Client\.gradle\native\29\windows-amd64\native-platform.dll
0x0000000050c00000 - 0x0000000050c0d000 	C:\Program Files\Java\jdk1.8.0_131\jre\bin\management.dll
0x00007ffea2230000 - 0x00007ffea2263000 	C:\WINDOWS\system32\rsaenh.dll
0x00007ffea3e50000 - 0x00007ffea3e76000 	C:\WINDOWS\System32\bcrypt.dll
0x00007ffea2d70000 - 0x00007ffea2d95000 	C:\WINDOWS\SYSTEM32\USERENV.dll
0x00007ffea2890000 - 0x00007ffea289c000 	C:\WINDOWS\SYSTEM32\CRYPTBASE.dll
0x00007ffea23d0000 - 0x00007ffea240a000 	C:\WINDOWS\SYSTEM32\IPHLPAPI.DLL
0x00007ffea4040000 - 0x00007ffea4048000 	C:\WINDOWS\System32\NSI.dll
0x00007ffe9b570000 - 0x00007ffe9b586000 	C:\WINDOWS\SYSTEM32\dhcpcsvc6.DLL
0x00007ffe9b4c0000 - 0x00007ffe9b4dc000 	C:\WINDOWS\SYSTEM32\dhcpcsvc.DLL
0x00007ffea2420000 - 0x00007ffea24ea000 	C:\WINDOWS\SYSTEM32\DNSAPI.dll

VM Arguments:
jvm_args: -Xmx1536m -Dfile.encoding=windows-1252 -Duser.country=FR -Duser.language=fr -Duser.variant 
java_command: org.gradle.launcher.daemon.bootstrap.GradleDaemon 5.4.1
java_class_path (initial): C:\Users\Client\.gradle\wrapper\dists\gradle-5.4.1-all\3221gyojl5jsh0helicew7rwx\gradle-5.4.1\lib\gradle-launcher-5.4.1.jar
Launcher Type: SUN_STANDARD

Environment Variables:
JAVA_HOME=C:\Program Files\Java\jdk1.8.0_131
USERNAME=Client
OS=Windows_NT
PROCESSOR_IDENTIFIER=Intel64 Family 6 Model 58 Stepping 9, GenuineIntel



---------------  S Y S T E M  ---------------

OS: Windows 10.0 , 64 bit Build 18362 (10.0.18362.778)

CPU:total 4 (initial active 4) (2 cores per cpu, 2 threads per core) family 6 model 58 stepping 9, cmov, cx8, fxsr, mmx, sse, sse2, sse3, ssse3, sse4.1, sse4.2, popcnt, avx, aes, clmul, erms, ht, tsc, tscinvbit, tscinv

Memory: 4k page, physical 8248880k(1456924k free), swap 8773168k(5872k free)

vm_info: Java HotSpot(TM) 64-Bit Server VM (25.131-b11) for windows-amd64 JRE (1.8.0_131-b11), built on Mar 15 2017 01:23:53 by "java_re" with MS VC++ 10.0 (VS2010)

time: Tue May 12 00:47:05 2020
elapsed time: 4 seconds (0d 0h 0m 4s)

