#
# There is insufficient memory for the Java Runtime Environment to continue.
# Native memory allocation (malloc) failed to allocate 306096 bytes for Chunk::new
# Possible reasons:
#   The system is out of physical RAM or swap space
#   In 32 bit mode, the process size limit was hit
# Possible solutions:
#   Reduce memory load on the system
#   Increase physical memory or swap space
#   Check if swap backing store is full
#   Use 64 bit Java on a 64 bit OS
#   Decrease Java heap size (-Xmx/-Xms)
#   Decrease number of Java threads
#   Decrease Java thread stack sizes (-Xss)
#   Set larger code cache with -XX:ReservedCodeCacheSize=
# This output file may be truncated or incomplete.
#
#  Out of Memory Error (allocation.cpp:390), pid=14808, tid=0x0000000000002d4c
#
# JRE version: Java(TM) SE Runtime Environment (8.0_131-b11) (build 1.8.0_131-b11)
# Java VM: Java HotSpot(TM) 64-Bit Server VM (25.131-b11 mixed mode windows-amd64 compressed oops)
# Failed to write core dump. Minidumps are not enabled by default on client versions of Windows
#

---------------  T H R E A D  ---------------

Current thread (0x0000000015f32000):  JavaThread "C2 CompilerThread0" daemon [_thread_in_native, id=11596, stack(0x00000000175b0000,0x00000000176b0000)]

Stack: [0x00000000175b0000,0x00000000176b0000]
[error occurred during error reporting (printing stack bounds), id 0xc0000005]

Native frames: (J=compiled Java code, j=interpreted, Vv=VM code, C=native code)


Current CompileTask:
C2:  11460 5560       4       sun.reflect.generics.parser.SignatureParser::parsePackageNameAndSimpleClassTypeSignature (139 bytes)


---------------  P R O C E S S  ---------------

Java Threads: ( => current thread )
  0x000000001beca800 JavaThread "Memory manager" [_thread_blocked, id=17312, stack(0x00000000239d0000,0x0000000023ad0000)]
  0x000000001becf800 JavaThread "Cache worker for Build Output Cleanup Cache (C:\Users\Client\Documents\TDM2\TP2\EXO2\.gradle\buildOutputCleanup)" [_thread_blocked, id=13112, stack(0x00000000211b0000,0x00000000212b0000)]
  0x000000001becf000 JavaThread "Build operations Thread 4" [_thread_blocked, id=13264, stack(0x0000000021850000,0x0000000021950000)]
  0x000000001bed1000 JavaThread "Build operations Thread 3" [_thread_blocked, id=8312, stack(0x0000000021750000,0x0000000021850000)]
  0x000000001bece000 JavaThread "Build operations Thread 2" [_thread_blocked, id=9756, stack(0x00000000213d0000,0x00000000214d0000)]
  0x000000001becc800 JavaThread "Build operations" [_thread_blocked, id=15896, stack(0x00000000212d0000,0x00000000213d0000)]
  0x00000000190a4000 JavaThread "Cache worker for execution history cache (C:\Users\Client\.gradle\caches\5.4.1\executionHistory)" [_thread_blocked, id=10228, stack(0x000000001fa20000,0x000000001fb20000)]
  0x00000000190a3000 JavaThread "Cache worker for cache directory md-rule (C:\Users\Client\.gradle\caches\5.4.1\md-rule)" [_thread_blocked, id=5380, stack(0x000000001f920000,0x000000001fa20000)]
  0x00000000190aa000 JavaThread "Cache worker for cache directory md-supplier (C:\Users\Client\.gradle\caches\5.4.1\md-supplier)" [_thread_blocked, id=14496, stack(0x000000001f820000,0x000000001f920000)]
  0x00000000190a8800 JavaThread "Cache worker for file hash cache (C:\Users\Client\Documents\TDM2\TP2\EXO2\.gradle\5.4.1\fileHashes)" [_thread_blocked, id=16508, stack(0x000000001d0d0000,0x000000001d1d0000)]
  0x00000000190a6000 JavaThread "Cache worker for journal cache (C:\Users\Client\.gradle\caches\journal-1)" [_thread_blocked, id=16564, stack(0x000000001ab30000,0x000000001ac30000)]
  0x00000000190a4800 JavaThread "File lock request listener" [_thread_in_native, id=15920, stack(0x000000001aa30000,0x000000001ab30000)]
  0x00000000190a7800 JavaThread "Cache worker for file hash cache (C:\Users\Client\.gradle\caches\5.4.1\fileHashes)" [_thread_blocked, id=7792, stack(0x000000001a930000,0x000000001aa30000)]
  0x0000000018ed7800 JavaThread "Thread-9" [_thread_blocked, id=4488, stack(0x000000001a830000,0x000000001a930000)]
  0x0000000018eb4000 JavaThread "Stdin handler" [_thread_blocked, id=16160, stack(0x000000001a730000,0x000000001a830000)]
  0x0000000018eb2000 JavaThread "Asynchronous log dispatcher for DefaultDaemonConnection: socket connection from /127.0.0.1:65432 to /127.0.0.1:65433" [_thread_blocked, id=7340, stack(0x000000001a630000,0x000000001a730000)]
  0x0000000018eae000 JavaThread "Daemon worker" [_thread_in_vm, id=15180, stack(0x000000001a530000,0x000000001a630000)]
  0x0000000018ead000 JavaThread "Cancel handler" [_thread_blocked, id=11684, stack(0x000000001a430000,0x000000001a530000)]
  0x0000000018ea2800 JavaThread "Handler for socket connection from /127.0.0.1:65432 to /127.0.0.1:65433" [_thread_in_native, id=1284, stack(0x000000001a130000,0x000000001a230000)]
  0x0000000018e9d800 JavaThread "Daemon" [_thread_blocked, id=15948, stack(0x000000001a030000,0x000000001a130000)]
  0x0000000018c4e000 JavaThread "Daemon periodic checks" [_thread_blocked, id=15432, stack(0x0000000019f30000,0x000000001a030000)]
  0x0000000018c4c800 JavaThread "Incoming local TCP Connector on port 65432" [_thread_in_native, id=6076, stack(0x0000000019cc0000,0x0000000019dc0000)]
  0x0000000018d8b000 JavaThread "Daemon health stats" [_thread_blocked, id=7988, stack(0x0000000019680000,0x0000000019780000)]
  0x00000000178e0800 JavaThread "Service Thread" daemon [_thread_blocked, id=4596, stack(0x0000000017cb0000,0x0000000017db0000)]
  0x0000000015f42800 JavaThread "C1 CompilerThread2" daemon [_thread_blocked, id=14316, stack(0x00000000177b0000,0x00000000178b0000)]
  0x0000000015f36000 JavaThread "C2 CompilerThread1" daemon [_thread_in_native, id=12524, stack(0x00000000176b0000,0x00000000177b0000)]
=>0x0000000015f32000 JavaThread "C2 CompilerThread0" daemon [_thread_in_native, id=11596, stack(0x00000000175b0000,0x00000000176b0000)]
  0x0000000015f2f000 JavaThread "Attach Listener" daemon [_thread_blocked, id=4700, stack(0x00000000174b0000,0x00000000175b0000)]
  0x0000000015f2e000 JavaThread "Signal Dispatcher" daemon [_thread_blocked, id=1592, stack(0x00000000173b0000,0x00000000174b0000)]
  0x0000000015f1a000 JavaThread "Finalizer" daemon [_thread_blocked, id=14540, stack(0x0000000017180000,0x0000000017280000)]
  0x0000000015ef8800 JavaThread "Reference Handler" daemon [_thread_blocked, id=11772, stack(0x0000000017080000,0x0000000017180000)]
  0x00000000024be800 JavaThread "main" [_thread_blocked, id=12764, stack(0x0000000002380000,0x0000000002480000)]

Other Threads:
  0x0000000015ef7800 VMThread [stack: 0x0000000016f80000,0x0000000017080000] [id=14600]
  0x0000000015f8e800 WatcherThread [stack: 0x0000000017db0000,0x0000000017eb0000] [id=10656]

VM state:not at safepoint (normal execution)

VM Mutex/Monitor currently owned by a thread: None

Heap:
 PSYoungGen      total 179200K, used 12353K [0x00000000e0000000, 0x00000000ed900000, 0x0000000100000000)
  eden space 160256K, 7% used [0x00000000e0000000,0x00000000e0c10548,0x00000000e9c80000)
  from space 18944K, 0% used [0x00000000ec680000,0x00000000ec680000,0x00000000ed900000)
  to   space 14336K, 0% used [0x00000000e9c80000,0x00000000e9c80000,0x00000000eaa80000)
 ParOldGen       total 82944K, used 28706K [0x00000000a0000000, 0x00000000a5100000, 0x00000000e0000000)
  object space 82944K, 34% used [0x00000000a0000000,0x00000000a1c08828,0x00000000a5100000)
 Metaspace       used 58086K, capacity 59716K, committed 59904K, reserved 1101824K
  class space    used 8050K, capacity 8415K, committed 8448K, reserved 1048576K

Card table byte_map: [0x0000000011980000,0x0000000011c90000] byte_map_base: 0x0000000011480000

Marking Bits: (ParMarkBitMap*) 0x000000007788c720
 Begin Bits: [0x0000000012290000, 0x0000000013a90000)
 End Bits:   [0x0000000013a90000, 0x0000000015290000)

Polling page: 0x00000000006b0000

CodeCache: size=245760Kb used=17541Kb max_used=17541Kb free=228218Kb
 bounds [0x00000000025c0000, 0x00000000036f0000, 0x00000000115c0000]
 total_blobs=6026 nmethods=5243 adapters=694
 compilation: enabled

Compilation events (10 events):
Event: 11.447 Thread 0x0000000015f42800 5630       3       com.sun.org.apache.xerces.internal.util.FeatureState::is (12 bytes)
Event: 11.448 Thread 0x0000000015f42800 nmethod 5630 0x00000000036e3250 code [0x00000000036e33c0, 0x00000000036e3630]
Event: 11.450 Thread 0x0000000015f42800 5631       3       java.lang.String::replaceAll (13 bytes)
Event: 11.451 Thread 0x0000000015f42800 nmethod 5631 0x00000000036e2b90 code [0x00000000036e2d20, 0x00000000036e30e8]
Event: 11.451 Thread 0x0000000015f42800 5632       3       com.sun.org.apache.xerces.internal.impl.XMLEntityScanner::scanContent (690 bytes)
Event: 11.453 Thread 0x0000000015f42800 nmethod 5632 0x00000000036e77d0 code [0x00000000036e7a80, 0x00000000036e8ea8]
Event: 11.453 Thread 0x0000000015f42800 5633       3       java.util.regex.Pattern$Behind::match (137 bytes)
Event: 11.454 Thread 0x0000000015f42800 nmethod 5633 0x00000000036e99d0 code [0x00000000036e9b80, 0x00000000036ea1d8]
Event: 11.454 Thread 0x0000000015f42800 5634       3       java.util.regex.Pattern$4::match (14 bytes)
Event: 11.454 Thread 0x0000000015f42800 nmethod 5634 0x00000000036e27d0 code [0x00000000036e2920, 0x00000000036e2ad0]

GC Heap History (10 events):
Event: 7.137 GC heap before
{Heap before GC invocations=11 (full 2):
 PSYoungGen      total 124416K, used 10750K [0x00000000e0000000, 0x00000000eb880000, 0x0000000100000000)
  eden space 113664K, 0% used [0x00000000e0000000,0x00000000e0000000,0x00000000e6f00000)
  from space 10752K, 99% used [0x00000000e6f00000,0x00000000e797fbf8,0x00000000e7980000)
  to   space 11776K, 0% used [0x00000000ead00000,0x00000000ead00000,0x00000000eb880000)
 ParOldGen       total 53248K, used 7858K [0x00000000a0000000, 0x00000000a3400000, 0x00000000e0000000)
  object space 53248K, 14% used [0x00000000a0000000,0x00000000a07ac990,0x00000000a3400000)
 Metaspace       used 34663K, capacity 35410K, committed 35496K, reserved 1079296K
  class space    used 4875K, capacity 5068K, committed 5120K, reserved 1048576K
Event: 7.230 GC heap after
Heap after GC invocations=11 (full 2):
 PSYoungGen      total 124416K, used 0K [0x00000000e0000000, 0x00000000eb880000, 0x0000000100000000)
  eden space 113664K, 0% used [0x00000000e0000000,0x00000000e0000000,0x00000000e6f00000)
  from space 10752K, 0% used [0x00000000e6f00000,0x00000000e6f00000,0x00000000e7980000)
  to   space 11776K, 0% used [0x00000000ead00000,0x00000000ead00000,0x00000000eb880000)
 ParOldGen       total 82944K, used 17522K [0x00000000a0000000, 0x00000000a5100000, 0x00000000e0000000)
  object space 82944K, 21% used [0x00000000a0000000,0x00000000a111cae0,0x00000000a5100000)
 Metaspace       used 34658K, capacity 35392K, committed 35496K, reserved 1079296K
  class space    used 4873K, capacity 5065K, committed 5120K, reserved 1048576K
}
Event: 8.901 GC heap before
{Heap before GC invocations=12 (full 2):
 PSYoungGen      total 124416K, used 113664K [0x00000000e0000000, 0x00000000eb880000, 0x0000000100000000)
  eden space 113664K, 100% used [0x00000000e0000000,0x00000000e6f00000,0x00000000e6f00000)
  from space 10752K, 0% used [0x00000000e6f00000,0x00000000e6f00000,0x00000000e7980000)
  to   space 11776K, 0% used [0x00000000ead00000,0x00000000ead00000,0x00000000eb880000)
 ParOldGen       total 82944K, used 17522K [0x00000000a0000000, 0x00000000a5100000, 0x00000000e0000000)
  object space 82944K, 21% used [0x00000000a0000000,0x00000000a111cae0,0x00000000a5100000)
 Metaspace       used 46097K, capacity 47042K, committed 47360K, reserved 1089536K
  class space    used 6330K, capacity 6614K, committed 6656K, reserved 1048576K
Event: 8.915 GC heap after
Heap after GC invocations=12 (full 2):
 PSYoungGen      total 157696K, used 11754K [0x00000000e0000000, 0x00000000eb880000, 0x0000000100000000)
  eden space 145920K, 0% used [0x00000000e0000000,0x00000000e0000000,0x00000000e8e80000)
  from space 11776K, 99% used [0x00000000ead00000,0x00000000eb87a9d8,0x00000000eb880000)
  to   space 14336K, 0% used [0x00000000e9c80000,0x00000000e9c80000,0x00000000eaa80000)
 ParOldGen       total 82944K, used 21066K [0x00000000a0000000, 0x00000000a5100000, 0x00000000e0000000)
  object space 82944K, 25% used [0x00000000a0000000,0x00000000a1492b98,0x00000000a5100000)
 Metaspace       used 46097K, capacity 47042K, committed 47360K, reserved 1089536K
  class space    used 6330K, capacity 6614K, committed 6656K, reserved 1048576K
}
Event: 11.040 GC heap before
{Heap before GC invocations=13 (full 2):
 PSYoungGen      total 157696K, used 157674K [0x00000000e0000000, 0x00000000eb880000, 0x0000000100000000)
  eden space 145920K, 100% used [0x00000000e0000000,0x00000000e8e80000,0x00000000e8e80000)
  from space 11776K, 99% used [0x00000000ead00000,0x00000000eb87a9d8,0x00000000eb880000)
  to   space 14336K, 0% used [0x00000000e9c80000,0x00000000e9c80000,0x00000000eaa80000)
 ParOldGen       total 82944K, used 21066K [0x00000000a0000000, 0x00000000a5100000, 0x00000000e0000000)
  object space 82944K, 25% used [0x00000000a0000000,0x00000000a1492b98,0x00000000a5100000)
 Metaspace       used 57339K, capacity 58942K, committed 59160K, reserved 1099776K
  class space    used 7925K, capacity 8248K, committed 8320K, reserved 1048576K
Event: 11.061 GC heap after
Heap after GC invocations=13 (full 2):
 PSYoungGen      total 174592K, used 14324K [0x00000000e0000000, 0x00000000ed900000, 0x0000000100000000)
  eden space 160256K, 0% used [0x00000000e0000000,0x00000000e0000000,0x00000000e9c80000)
  from space 14336K, 99% used [0x00000000e9c80000,0x00000000eaa7d2e8,0x00000000eaa80000)
  to   space 18944K, 0% used [0x00000000ec680000,0x00000000ec680000,0x00000000ed900000)
 ParOldGen       total 82944K, used 29308K [0x00000000a0000000, 0x00000000a5100000, 0x00000000e0000000)
  object space 82944K, 35% used [0x00000000a0000000,0x00000000a1c9f290,0x00000000a5100000)
 Metaspace       used 57339K, capacity 58942K, committed 59160K, reserved 1099776K
  class space    used 7925K, capacity 8248K, committed 8320K, reserved 1048576K
}
Event: 11.100 GC heap before
{Heap before GC invocations=14 (full 2):
 PSYoungGen      total 174592K, used 20634K [0x00000000e0000000, 0x00000000ed900000, 0x0000000100000000)
  eden space 160256K, 3% used [0x00000000e0000000,0x00000000e0629838,0x00000000e9c80000)
  from space 14336K, 99% used [0x00000000e9c80000,0x00000000eaa7d2e8,0x00000000eaa80000)
  to   space 18944K, 0% used [0x00000000ec680000,0x00000000ec680000,0x00000000ed900000)
 ParOldGen       total 82944K, used 29308K [0x00000000a0000000, 0x00000000a5100000, 0x00000000e0000000)
  object space 82944K, 35% used [0x00000000a0000000,0x00000000a1c9f290,0x00000000a5100000)
 Metaspace       used 57522K, capacity 59108K, committed 59160K, reserved 1099776K
  class space    used 7953K, capacity 8281K, committed 8320K, reserved 1048576K
Event: 11.110 GC heap after
Heap after GC invocations=14 (full 2):
 PSYoungGen      total 179200K, used 384K [0x00000000e0000000, 0x00000000ed900000, 0x0000000100000000)
  eden space 160256K, 0% used [0x00000000e0000000,0x00000000e0000000,0x00000000e9c80000)
  from space 18944K, 2% used [0x00000000ec680000,0x00000000ec6e0000,0x00000000ed900000)
  to   space 14336K, 0% used [0x00000000e9c80000,0x00000000e9c80000,0x00000000eaa80000)
 ParOldGen       total 82944K, used 36418K [0x00000000a0000000, 0x00000000a5100000, 0x00000000e0000000)
  object space 82944K, 43% used [0x00000000a0000000,0x00000000a2390a88,0x00000000a5100000)
 Metaspace       used 57522K, capacity 59108K, committed 59160K, reserved 1099776K
  class space    used 7953K, capacity 8281K, committed 8320K, reserved 1048576K
}
Event: 11.110 GC heap before
{Heap before GC invocations=15 (full 3):
 PSYoungGen      total 179200K, used 384K [0x00000000e0000000, 0x00000000ed900000, 0x0000000100000000)
  eden space 160256K, 0% used [0x00000000e0000000,0x00000000e0000000,0x00000000e9c80000)
  from space 18944K, 2% used [0x00000000ec680000,0x00000000ec6e0000,0x00000000ed900000)
  to   space 14336K, 0% used [0x00000000e9c80000,0x00000000e9c80000,0x00000000eaa80000)
 ParOldGen       total 82944K, used 36418K [0x00000000a0000000, 0x00000000a5100000, 0x00000000e0000000)
  object space 82944K, 43% used [0x00000000a0000000,0x00000000a2390a88,0x00000000a5100000)
 Metaspace       used 57522K, capacity 59108K, committed 59160K, reserved 1099776K
  class space    used 7953K, capacity 8281K, committed 8320K, reserved 1048576K
Event: 11.332 GC heap after
Heap after GC invocations=15 (full 3):
 PSYoungGen      total 179200K, used 0K [0x00000000e0000000, 0x00000000ed900000, 0x0000000100000000)
  eden space 160256K, 0% used [0x00000000e0000000,0x00000000e0000000,0x00000000e9c80000)
  from space 18944K, 0% used [0x00000000ec680000,0x00000000ec680000,0x00000000ed900000)
  to   space 14336K, 0% used [0x00000000e9c80000,0x00000000e9c80000,0x00000000eaa80000)
 ParOldGen       total 82944K, used 28706K [0x00000000a0000000, 0x00000000a5100000, 0x00000000e0000000)
  object space 82944K, 34% used [0x00000000a0000000,0x00000000a1c08828,0x00000000a5100000)
 Metaspace       used 57522K, capacity 59108K, committed 59160K, reserved 1099776K
  class space    used 7953K, capacity 8281K, committed 8320K, reserved 1048576K
}

Deoptimization events (10 events):
Event: 10.473 Thread 0x0000000018eae000 Uncommon trap: reason=unstable_if action=reinterpret pc=0x00000000032211a0 method=java.util.TreeMap.put(Ljava/lang/Object;Ljava/lang/Object;)Ljava/lang/Object; @ 163
Event: 10.604 Thread 0x0000000018eae000 Uncommon trap: reason=unstable_if action=reinterpret pc=0x0000000003394544 method=java.lang.String.lastIndexOf([CII[CIII)I @ 118
Event: 10.774 Thread 0x0000000018eae000 Uncommon trap: reason=unstable_if action=reinterpret pc=0x0000000002f9e754 method=java.util.ArrayDeque.addLast(Ljava/lang/Object;)V @ 45
Event: 10.814 Thread 0x0000000018eae000 Uncommon trap: reason=bimorphic action=maybe_recompile pc=0x00000000032b7900 method=java.util.regex.Pattern$5.isSatisfiedBy(I)Z @ 16
Event: 10.814 Thread 0x0000000018eae000 Uncommon trap: reason=bimorphic action=maybe_recompile pc=0x00000000032b7900 method=java.util.regex.Pattern$5.isSatisfiedBy(I)Z @ 16
Event: 10.814 Thread 0x0000000018eae000 Uncommon trap: reason=bimorphic action=maybe_recompile pc=0x00000000032b7900 method=java.util.regex.Pattern$5.isSatisfiedBy(I)Z @ 16
Event: 10.814 Thread 0x0000000018eae000 Uncommon trap: reason=bimorphic action=maybe_recompile pc=0x00000000032b7900 method=java.util.regex.Pattern$5.isSatisfiedBy(I)Z @ 16
Event: 11.443 Thread 0x0000000018eae000 Uncommon trap: reason=unstable_if action=reinterpret pc=0x0000000002bb6d28 method=java.util.regex.Pattern$BmpCharProperty.match(Ljava/util/regex/Matcher;ILjava/lang/CharSequence;)Z @ 34
Event: 11.448 Thread 0x0000000018eae000 Uncommon trap: reason=unstable_if action=reinterpret pc=0x00000000034c495c method=com.sun.org.apache.xerces.internal.impl.XMLEntityScanner.scanLiteral(ILcom/sun/org/apache/xerces/internal/xni/XMLString;Z)I @ 660
Event: 11.452 Thread 0x0000000018eae000 Uncommon trap: reason=unstable_if action=reinterpret pc=0x0000000003536e78 method=com.sun.org.apache.xerces.internal.impl.XMLEntityScanner.peekChar()I @ 14

Internal exceptions (10 events):
Event: 9.239 Thread 0x0000000018eae000 Exception <a 'java/lang/NoSuchMethodError': java.lang.Object.lambda$thenComparing$36697e65$1(Ljava/util/Comparator;Ljava/lang/Object;Ljava/lang/Object;)I> (0x00000000e196d3f8) thrown at [C:\re\workspace\8-2-build-windows-amd64-cygwin\jdk8u131\8869\hotspot
Event: 9.240 Thread 0x0000000018eae000 Exception <a 'java/lang/NoSuchMethodError': java.lang.Object.lambda$comparing$ea9a8b3a$1(Ljava/util/Comparator;Ljava/util/function/Function;Ljava/lang/Object;Ljava/lang/Object;)I> (0x00000000e197aea8) thrown at [C:\re\workspace\8-2-build-windows-amd64-cyg
Event: 9.950 Thread 0x0000000018eae000 Exception <a 'java/lang/ClassNotFoundException': com/android/build/gradle/internal/api/ApkVariantOutputImpl_DecoratedBeanInfo> (0x00000000e4eae380) thrown at [C:\re\workspace\8-2-build-windows-amd64-cygwin\jdk8u131\8869\hotspot\src\share\vm\classfile\syst
Event: 9.951 Thread 0x0000000018eae000 Exception <a 'java/lang/ClassNotFoundException': com/android/build/gradle/internal/api/ApkVariantOutputImplBeanInfo> (0x00000000e4ecafc8) thrown at [C:\re\workspace\8-2-build-windows-amd64-cygwin\jdk8u131\8869\hotspot\src\share\vm\classfile\systemDictiona
Event: 9.952 Thread 0x0000000018eae000 Exception <a 'java/lang/ClassNotFoundException': com/android/build/gradle/internal/api/BaseVariantOutputImplBeanInfo> (0x00000000e4ee8de8) thrown at [C:\re\workspace\8-2-build-windows-amd64-cygwin\jdk8u131\8869\hotspot\src\share\vm\classfile\systemDiction
Event: 9.952 Thread 0x0000000018eae000 Exception <a 'java/lang/ClassNotFoundException': com/android/build/gradle/internal/api/BaseVariantOutputImplCustomizer> (0x00000000e4f07158) thrown at [C:\re\workspace\8-2-build-windows-amd64-cygwin\jdk8u131\8869\hotspot\src\share\vm\classfile\systemDicti
Event: 9.954 Thread 0x0000000018eae000 Exception <a 'java/lang/ClassNotFoundException': com/android/build/gradle/internal/api/ApkVariantOutputImplCustomizer> (0x00000000e4f3f2f8) thrown at [C:\re\workspace\8-2-build-windows-amd64-cygwin\jdk8u131\8869\hotspot\src\share\vm\classfile\systemDictio
Event: 9.955 Thread 0x0000000018eae000 Exception <a 'java/lang/ClassNotFoundException': com/android/build/gradle/internal/api/ApkVariantOutputImpl_DecoratedCustomizer> (0x00000000e4f72a20) thrown at [C:\re\workspace\8-2-build-windows-amd64-cygwin\jdk8u131\8869\hotspot\src\share\vm\classfile\sy
Event: 10.851 Thread 0x0000000018eae000 Exception <a 'java/lang/ClassNotFoundException': com/sun/org/glassfish/hk2/osgiresourcelocator/ServiceLoader> (0x00000000e7cd35e0) thrown at [C:\re\workspace\8-2-build-windows-amd64-cygwin\jdk8u131\8869\hotspot\src\share\vm\classfile\systemDictionary.cpp,
Event: 10.901 Thread 0x0000000018eae000 Exception <a 'java/lang/NullPointerException'> (0x00000000e8261d18) thrown at [C:\re\workspace\8-2-build-windows-amd64-cygwin\jdk8u131\8869\hotspot\src\share\vm\interpreter\linkResolver.cpp, line 1299]

Events (10 events):
Event: 11.448 Thread 0x0000000018eae000 DEOPT UNPACKING pc=0x000000000260582a sp=0x000000001a62ab30 mode 2
Event: 11.449 loading class org/xml/sax/helpers/AttributesImpl
Event: 11.449 loading class org/xml/sax/helpers/AttributesImpl done
Event: 11.450 loading class java/util/regex/Pattern$Behind
Event: 11.450 loading class java/util/regex/Pattern$Behind done
Event: 11.451 loading class java/util/regex/Pattern$Neg
Event: 11.451 loading class java/util/regex/Pattern$Neg done
Event: 11.452 Thread 0x0000000018eae000 Uncommon trap: trap_request=0xffffff65 fr.pc=0x0000000003536e78
Event: 11.452 Thread 0x0000000018eae000 DEOPT PACKING pc=0x0000000003536e78 sp=0x000000001a62af70
Event: 11.452 Thread 0x0000000018eae000 DEOPT UNPACKING pc=0x000000000260582a sp=0x000000001a62af00 mode 2


Dynamic libraries:
0x00007ff66e050000 - 0x00007ff66e087000 	C:\Program Files\Java\jdk1.8.0_131\bin\java.exe
0x00007ffea5fc0000 - 0x00007ffea61b0000 	C:\WINDOWS\SYSTEM32\ntdll.dll
0x00007ffea53e0000 - 0x00007ffea5492000 	C:\WINDOWS\System32\KERNEL32.DLL
0x00007ffea2f80000 - 0x00007ffea3223000 	C:\WINDOWS\System32\KERNELBASE.dll
0x00007ffea4bc0000 - 0x00007ffea4c63000 	C:\WINDOWS\System32\ADVAPI32.dll
0x00007ffea4b20000 - 0x00007ffea4bbe000 	C:\WINDOWS\System32\msvcrt.dll
0x00007ffea50e0000 - 0x00007ffea5177000 	C:\WINDOWS\System32\sechost.dll
0x00007ffea5cf0000 - 0x00007ffea5e10000 	C:\WINDOWS\System32\RPCRT4.dll
0x00007ffea4c70000 - 0x00007ffea4e04000 	C:\WINDOWS\System32\USER32.dll
0x00007ffea3ba0000 - 0x00007ffea3bc1000 	C:\WINDOWS\System32\win32u.dll
0x00007ffea4550000 - 0x00007ffea4576000 	C:\WINDOWS\System32\GDI32.dll
0x00007ffea3230000 - 0x00007ffea33c4000 	C:\WINDOWS\System32\gdi32full.dll
0x00007ffea3fa0000 - 0x00007ffea403e000 	C:\WINDOWS\System32\msvcp_win.dll
0x00007ffea3ea0000 - 0x00007ffea3f9a000 	C:\WINDOWS\System32\ucrtbase.dll
0x00007ffe8f260000 - 0x00007ffe8f4e5000 	C:\WINDOWS\WinSxS\amd64_microsoft.windows.common-controls_6595b64144ccf1df_6.0.18362.778_none_e6c6b761130d4fb8\COMCTL32.dll
0x00007ffea4710000 - 0x00007ffea4a46000 	C:\WINDOWS\System32\combase.dll
0x00007ffea3bd0000 - 0x00007ffea3c50000 	C:\WINDOWS\System32\bcryptPrimitives.dll
0x00007ffea5180000 - 0x00007ffea51ae000 	C:\WINDOWS\System32\IMM32.DLL
0x0000000050cb0000 - 0x0000000050d82000 	C:\Program Files\Java\jdk1.8.0_131\jre\bin\msvcr100.dll
0x0000000077070000 - 0x000000007790c000 	C:\Program Files\Java\jdk1.8.0_131\jre\bin\server\jvm.dll
0x00007ffea4520000 - 0x00007ffea4528000 	C:\WINDOWS\System32\PSAPI.DLL
0x00007ffe92480000 - 0x00007ffe9248a000 	C:\WINDOWS\SYSTEM32\VERSION.dll
0x00007ffe9fbd0000 - 0x00007ffe9fbf4000 	C:\WINDOWS\SYSTEM32\WINMM.dll
0x00007ffe9fc90000 - 0x00007ffe9fc99000 	C:\WINDOWS\SYSTEM32\WSOCK32.dll
0x00007ffea4ec0000 - 0x00007ffea4f2f000 	C:\WINDOWS\System32\WS2_32.dll
0x00007ffe9fba0000 - 0x00007ffe9fbcd000 	C:\WINDOWS\SYSTEM32\WINMMBASE.dll
0x00007ffea3b50000 - 0x00007ffea3b9a000 	C:\WINDOWS\System32\cfgmgr32.dll
0x0000000050ca0000 - 0x0000000050caf000 	C:\Program Files\Java\jdk1.8.0_131\jre\bin\verify.dll
0x0000000050c70000 - 0x0000000050c99000 	C:\Program Files\Java\jdk1.8.0_131\jre\bin\java.dll
0x0000000050c50000 - 0x0000000050c66000 	C:\Program Files\Java\jdk1.8.0_131\jre\bin\zip.dll
0x00007ffea5600000 - 0x00007ffea5ce5000 	C:\WINDOWS\System32\SHELL32.dll
0x00007ffea4e10000 - 0x00007ffea4eb9000 	C:\WINDOWS\System32\shcore.dll
0x00007ffea33d0000 - 0x00007ffea3b50000 	C:\WINDOWS\System32\windows.storage.dll
0x00007ffea2ef0000 - 0x00007ffea2f13000 	C:\WINDOWS\System32\profapi.dll
0x00007ffea2ea0000 - 0x00007ffea2eea000 	C:\WINDOWS\System32\powrprof.dll
0x00007ffea2e50000 - 0x00007ffea2e60000 	C:\WINDOWS\System32\UMPDC.dll
0x00007ffea4600000 - 0x00007ffea4652000 	C:\WINDOWS\System32\shlwapi.dll
0x00007ffea2e80000 - 0x00007ffea2e91000 	C:\WINDOWS\System32\kernel.appcore.dll
0x00007ffea3e80000 - 0x00007ffea3e97000 	C:\WINDOWS\System32\cryptsp.dll
0x0000000050c30000 - 0x0000000050c4a000 	C:\Program Files\Java\jdk1.8.0_131\jre\bin\net.dll
0x00007ffea26c0000 - 0x00007ffea2727000 	C:\WINDOWS\system32\mswsock.dll
0x0000000050c10000 - 0x0000000050c21000 	C:\Program Files\Java\jdk1.8.0_131\jre\bin\nio.dll
0x00007ffe95620000 - 0x00007ffe95646000 	C:\Users\Client\.gradle\native\29\windows-amd64\native-platform.dll
0x0000000050c00000 - 0x0000000050c0d000 	C:\Program Files\Java\jdk1.8.0_131\jre\bin\management.dll
0x00007ffea2230000 - 0x00007ffea2263000 	C:\WINDOWS\system32\rsaenh.dll
0x00007ffea3e50000 - 0x00007ffea3e76000 	C:\WINDOWS\System32\bcrypt.dll
0x00007ffea2d70000 - 0x00007ffea2d95000 	C:\WINDOWS\SYSTEM32\USERENV.dll
0x00007ffea2890000 - 0x00007ffea289c000 	C:\WINDOWS\SYSTEM32\CRYPTBASE.dll
0x00007ffea23d0000 - 0x00007ffea240a000 	C:\WINDOWS\SYSTEM32\IPHLPAPI.DLL
0x00007ffea4040000 - 0x00007ffea4048000 	C:\WINDOWS\System32\NSI.dll
0x00007ffe9b570000 - 0x00007ffe9b586000 	C:\WINDOWS\SYSTEM32\dhcpcsvc6.DLL
0x00007ffe9b4c0000 - 0x00007ffe9b4dc000 	C:\WINDOWS\SYSTEM32\dhcpcsvc.DLL
0x00007ffea2420000 - 0x00007ffea24ea000 	C:\WINDOWS\SYSTEM32\DNSAPI.dll

VM Arguments:
jvm_args: -Xmx1536m -Dfile.encoding=windows-1252 -Duser.country=FR -Duser.language=fr -Duser.variant 
java_command: org.gradle.launcher.daemon.bootstrap.GradleDaemon 5.4.1
java_class_path (initial): C:\Users\Client\.gradle\wrapper\dists\gradle-5.4.1-all\3221gyojl5jsh0helicew7rwx\gradle-5.4.1\lib\gradle-launcher-5.4.1.jar
Launcher Type: SUN_STANDARD

Environment Variables:
JAVA_HOME=C:\Program Files\Java\jdk1.8.0_131
USERNAME=Client
OS=Windows_NT
PROCESSOR_IDENTIFIER=Intel64 Family 6 Model 58 Stepping 9, GenuineIntel



---------------  S Y S T E M  ---------------

OS: Windows 10.0 , 64 bit Build 18362 (10.0.18362.778)

CPU:total 4 (initial active 4) (2 cores per cpu, 2 threads per core) family 6 model 58 stepping 9, cmov, cx8, fxsr, mmx, sse, sse2, sse3, ssse3, sse4.1, sse4.2, popcnt, avx, aes, clmul, erms, ht, tsc, tscinvbit, tscinv

Memory: 4k page, physical 8248880k(1321980k free), swap 8773168k(5428k free)

vm_info: Java HotSpot(TM) 64-Bit Server VM (25.131-b11) for windows-amd64 JRE (1.8.0_131-b11), built on Mar 15 2017 01:23:53 by "java_re" with MS VC++ 10.0 (VS2010)

time: Tue May 12 00:51:43 2020
elapsed time: 11 seconds (0d 0h 0m 11s)

