#
# There is insufficient memory for the Java Runtime Environment to continue.
# Native memory allocation (malloc) failed to allocate 837856 bytes for Chunk::new
# Possible reasons:
#   The system is out of physical RAM or swap space
#   In 32 bit mode, the process size limit was hit
# Possible solutions:
#   Reduce memory load on the system
#   Increase physical memory or swap space
#   Check if swap backing store is full
#   Use 64 bit Java on a 64 bit OS
#   Decrease Java heap size (-Xmx/-Xms)
#   Decrease number of Java threads
#   Decrease Java thread stack sizes (-Xss)
#   Set larger code cache with -XX:ReservedCodeCacheSize=
# This output file may be truncated or incomplete.
#
#  Out of Memory Error (allocation.cpp:390), pid=16776, tid=0x00000000000030f4
#
# JRE version: Java(TM) SE Runtime Environment (8.0_131-b11) (build 1.8.0_131-b11)
# Java VM: Java HotSpot(TM) 64-Bit Server VM (25.131-b11 mixed mode windows-amd64 compressed oops)
# Failed to write core dump. Minidumps are not enabled by default on client versions of Windows
#

---------------  T H R E A D  ---------------

Current thread (0x0000000017057800):  JavaThread "C2 CompilerThread1" daemon [_thread_in_native, id=12532, stack(0x00000000187e0000,0x00000000188e0000)]

Stack: [0x00000000187e0000,0x00000000188e0000]
[error occurred during error reporting (printing stack bounds), id 0xc0000005]

Native frames: (J=compiled Java code, j=interpreted, Vv=VM code, C=native code)


Current CompileTask:
C2:   6417 3937       4       org.jetbrains.kotlin.load.java.structure.impl.classFiles.BinaryJavaMethodBase$Companion::create (492 bytes)


---------------  P R O C E S S  ---------------

Java Threads: ( => current thread )
  0x00000000170ad800 JavaThread "Service Thread" daemon [_thread_blocked, id=13088, stack(0x0000000018de0000,0x0000000018ee0000)]
  0x0000000017065000 JavaThread "C1 CompilerThread2" daemon [_thread_in_native, id=13368, stack(0x00000000188e0000,0x00000000189e0000)]
=>0x0000000017057800 JavaThread "C2 CompilerThread1" daemon [_thread_in_native, id=12532, stack(0x00000000187e0000,0x00000000188e0000)]
  0x0000000017053000 JavaThread "C2 CompilerThread0" daemon [_thread_in_native, id=13380, stack(0x00000000186e0000,0x00000000187e0000)]
  0x0000000017050800 JavaThread "Attach Listener" daemon [_thread_blocked, id=11072, stack(0x00000000185e0000,0x00000000186e0000)]
  0x000000001704f000 JavaThread "Signal Dispatcher" daemon [_thread_blocked, id=12616, stack(0x00000000184e0000,0x00000000185e0000)]
  0x000000001703a800 JavaThread "Finalizer" daemon [_thread_blocked, id=14792, stack(0x00000000182b0000,0x00000000183b0000)]
  0x0000000002574000 JavaThread "Reference Handler" daemon [_thread_blocked, id=120, stack(0x00000000181b0000,0x00000000182b0000)]
  0x0000000002485800 JavaThread "main" [_thread_in_Java, id=9668, stack(0x00000000022d0000,0x00000000023d0000)]

Other Threads:
  0x0000000017017800 VMThread [stack: 0x00000000180b0000,0x00000000181b0000] [id=13768]
  0x0000000018a31000 WatcherThread [stack: 0x0000000018ee0000,0x0000000018fe0000] [id=14232]

VM state:not at safepoint (normal execution)

VM Mutex/Monitor currently owned by a thread: None

Heap:
 PSYoungGen      total 147456K, used 33574K [0x00000000d6100000, 0x00000000e0780000, 0x0000000100000000)
  eden space 131072K, 13% used [0x00000000d6100000,0x00000000d71d10d8,0x00000000de100000)
  from space 16384K, 99% used [0x00000000df780000,0x00000000e07789d0,0x00000000e0780000)
  to   space 5120K, 0% used [0x00000000de100000,0x00000000de100000,0x00000000de600000)
 ParOldGen       total 120320K, used 39141K [0x0000000082200000, 0x0000000089780000, 0x00000000d6100000)
  object space 120320K, 32% used [0x0000000082200000,0x0000000084839650,0x0000000089780000)
 Metaspace       used 47578K, capacity 48406K, committed 48680K, reserved 1095680K
  class space    used 6179K, capacity 6430K, committed 6440K, reserved 1048576K

Card table byte_map: [0x0000000011940000,0x0000000011d30000] byte_map_base: 0x000000001152f000

Marking Bits: (ParMarkBitMap*) 0x000000007788c720
 Begin Bits: [0x00000000123d0000, 0x0000000014348000)
 End Bits:   [0x0000000014348000, 0x00000000162c0000)

Polling page: 0x00000000001f0000

CodeCache: size=245760Kb used=13044Kb max_used=13044Kb free=232715Kb
 bounds [0x0000000002580000, 0x0000000003250000, 0x0000000011580000]
 total_blobs=4813 nmethods=4349 adapters=375
 compilation: enabled

Compilation events (10 events):
Event: 6.383 Thread 0x0000000017065000 nmethod 4318 0x00000000032180d0 code [0x0000000003218240, 0x00000000032184b8]
Event: 6.383 Thread 0x0000000017065000 4319       2       kotlin.collections.IndexingIterator::<init> (16 bytes)
Event: 6.383 Thread 0x0000000017065000 nmethod 4319 0x00000000032185d0 code [0x0000000003218740, 0x00000000032188e8]
Event: 6.383 Thread 0x0000000017065000 4320       1       org.jetbrains.kotlin.serialization.deserialization.TypeDeserializer::access$getC$p (5 bytes)
Event: 6.383 Thread 0x0000000017065000 nmethod 4320 0x0000000003218990 code [0x0000000003218ae0, 0x0000000003218bd0]
Event: 6.383 Thread 0x0000000017065000 4312       2       org.jetbrains.kotlin.metadata.deserialization.TypeTable::<init> (233 bytes)
Event: 6.384 Thread 0x0000000017065000 nmethod 4312 0x0000000003218c50 code [0x0000000003218ea0, 0x0000000003219688]
Event: 6.384 Thread 0x0000000017065000 4321       2       org.jetbrains.kotlin.serialization.deserialization.descriptors.DeserializedMemberScope::getFunctionNames (5 bytes)
Event: 6.385 Thread 0x0000000017065000 nmethod 4321 0x000000000321a410 code [0x000000000321a5a0, 0x000000000321a828]
Event: 6.385 Thread 0x0000000017065000 4322       2       org.jetbrains.kotlin.serialization.deserialization.descriptors.DeserializedMemberScope::getFunctionNamesLazy (17 bytes)

GC Heap History (10 events):
Event: 1.517 GC heap before
{Heap before GC invocations=4 (full 1):
 PSYoungGen      total 70656K, used 5104K [0x00000000d6100000, 0x00000000deb00000, 0x0000000100000000)
  eden space 65536K, 0% used [0x00000000d6100000,0x00000000d6100000,0x00000000da100000)
  from space 5120K, 99% used [0x00000000da100000,0x00000000da5fc020,0x00000000da600000)
  to   space 5120K, 0% used [0x00000000de600000,0x00000000de600000,0x00000000deb00000)
 ParOldGen       total 86016K, used 11046K [0x0000000082200000, 0x0000000087600000, 0x00000000d6100000)
  object space 86016K, 12% used [0x0000000082200000,0x0000000082cc9978,0x0000000087600000)
 Metaspace       used 20789K, capacity 21186K, committed 21296K, reserved 1069056K
  class space    used 2528K, capacity 2663K, committed 2688K, reserved 1048576K
Event: 1.554 GC heap after
Heap after GC invocations=4 (full 1):
 PSYoungGen      total 70656K, used 0K [0x00000000d6100000, 0x00000000deb00000, 0x0000000100000000)
  eden space 65536K, 0% used [0x00000000d6100000,0x00000000d6100000,0x00000000da100000)
  from space 5120K, 0% used [0x00000000da100000,0x00000000da100000,0x00000000da600000)
  to   space 5120K, 0% used [0x00000000de600000,0x00000000de600000,0x00000000deb00000)
 ParOldGen       total 64512K, used 8264K [0x0000000082200000, 0x0000000086100000, 0x00000000d6100000)
  object space 64512K, 12% used [0x0000000082200000,0x0000000082a121c8,0x0000000086100000)
 Metaspace       used 20789K, capacity 21186K, committed 21296K, reserved 1069056K
  class space    used 2528K, capacity 2663K, committed 2688K, reserved 1048576K
}
Event: 2.778 GC heap before
{Heap before GC invocations=5 (full 1):
 PSYoungGen      total 70656K, used 65536K [0x00000000d6100000, 0x00000000deb00000, 0x0000000100000000)
  eden space 65536K, 100% used [0x00000000d6100000,0x00000000da100000,0x00000000da100000)
  from space 5120K, 0% used [0x00000000da100000,0x00000000da100000,0x00000000da600000)
  to   space 5120K, 0% used [0x00000000de600000,0x00000000de600000,0x00000000deb00000)
 ParOldGen       total 64512K, used 8264K [0x0000000082200000, 0x0000000086100000, 0x00000000d6100000)
  object space 64512K, 12% used [0x0000000082200000,0x0000000082a121c8,0x0000000086100000)
 Metaspace       used 30526K, capacity 31042K, committed 31360K, reserved 1077248K
  class space    used 4006K, capacity 4157K, committed 4224K, reserved 1048576K
Event: 2.799 GC heap after
Heap after GC invocations=5 (full 1):
 PSYoungGen      total 100352K, used 5090K [0x00000000d6100000, 0x00000000deb00000, 0x0000000100000000)
  eden space 95232K, 0% used [0x00000000d6100000,0x00000000d6100000,0x00000000dbe00000)
  from space 5120K, 99% used [0x00000000de600000,0x00000000deaf8918,0x00000000deb00000)
  to   space 5120K, 0% used [0x00000000de100000,0x00000000de100000,0x00000000de600000)
 ParOldGen       total 64512K, used 20676K [0x0000000082200000, 0x0000000086100000, 0x00000000d6100000)
  object space 64512K, 32% used [0x0000000082200000,0x0000000083631378,0x0000000086100000)
 Metaspace       used 30526K, capacity 31042K, committed 31360K, reserved 1077248K
  class space    used 4006K, capacity 4157K, committed 4224K, reserved 1048576K
}
Event: 3.256 GC heap before
{Heap before GC invocations=6 (full 1):
 PSYoungGen      total 100352K, used 28311K [0x00000000d6100000, 0x00000000deb00000, 0x0000000100000000)
  eden space 95232K, 24% used [0x00000000d6100000,0x00000000d77ad670,0x00000000dbe00000)
  from space 5120K, 99% used [0x00000000de600000,0x00000000deaf8918,0x00000000deb00000)
  to   space 5120K, 0% used [0x00000000de100000,0x00000000de100000,0x00000000de600000)
 ParOldGen       total 64512K, used 20676K [0x0000000082200000, 0x0000000086100000, 0x00000000d6100000)
  object space 64512K, 32% used [0x0000000082200000,0x0000000083631378,0x0000000086100000)
 Metaspace       used 34827K, capacity 35412K, committed 35496K, reserved 1079296K
  class space    used 4605K, capacity 4764K, committed 4776K, reserved 1048576K
Event: 3.265 GC heap after
Heap after GC invocations=6 (full 1):
 PSYoungGen      total 136192K, used 5090K [0x00000000d6100000, 0x00000000e0780000, 0x0000000100000000)
  eden space 131072K, 0% used [0x00000000d6100000,0x00000000d6100000,0x00000000de100000)
  from space 5120K, 99% used [0x00000000de100000,0x00000000de5f8918,0x00000000de600000)
  to   space 16384K, 0% used [0x00000000df780000,0x00000000df780000,0x00000000e0780000)
 ParOldGen       total 64512K, used 26316K [0x0000000082200000, 0x0000000086100000, 0x00000000d6100000)
  object space 64512K, 40% used [0x0000000082200000,0x0000000083bb3048,0x0000000086100000)
 Metaspace       used 34827K, capacity 35412K, committed 35496K, reserved 1079296K
  class space    used 4605K, capacity 4764K, committed 4776K, reserved 1048576K
}
Event: 3.265 GC heap before
{Heap before GC invocations=7 (full 2):
 PSYoungGen      total 136192K, used 5090K [0x00000000d6100000, 0x00000000e0780000, 0x0000000100000000)
  eden space 131072K, 0% used [0x00000000d6100000,0x00000000d6100000,0x00000000de100000)
  from space 5120K, 99% used [0x00000000de100000,0x00000000de5f8918,0x00000000de600000)
  to   space 16384K, 0% used [0x00000000df780000,0x00000000df780000,0x00000000e0780000)
 ParOldGen       total 64512K, used 26316K [0x0000000082200000, 0x0000000086100000, 0x00000000d6100000)
  object space 64512K, 40% used [0x0000000082200000,0x0000000083bb3048,0x0000000086100000)
 Metaspace       used 34827K, capacity 35412K, committed 35496K, reserved 1079296K
  class space    used 4605K, capacity 4764K, committed 4776K, reserved 1048576K
Event: 3.336 GC heap after
Heap after GC invocations=7 (full 2):
 PSYoungGen      total 136192K, used 0K [0x00000000d6100000, 0x00000000e0780000, 0x0000000100000000)
  eden space 131072K, 0% used [0x00000000d6100000,0x00000000d6100000,0x00000000de100000)
  from space 5120K, 0% used [0x00000000de100000,0x00000000de100000,0x00000000de600000)
  to   space 16384K, 0% used [0x00000000df780000,0x00000000df780000,0x00000000e0780000)
 ParOldGen       total 120320K, used 27018K [0x0000000082200000, 0x0000000089780000, 0x00000000d6100000)
  object space 120320K, 22% used [0x0000000082200000,0x0000000083c62be0,0x0000000089780000)
 Metaspace       used 34827K, capacity 35412K, committed 35496K, reserved 1079296K
  class space    used 4605K, capacity 4764K, committed 4776K, reserved 1048576K
}
Event: 5.863 GC heap before
{Heap before GC invocations=8 (full 2):
 PSYoungGen      total 136192K, used 131072K [0x00000000d6100000, 0x00000000e0780000, 0x0000000100000000)
  eden space 131072K, 100% used [0x00000000d6100000,0x00000000de100000,0x00000000de100000)
  from space 5120K, 0% used [0x00000000de100000,0x00000000de100000,0x00000000de600000)
  to   space 16384K, 0% used [0x00000000df780000,0x00000000df780000,0x00000000e0780000)
 ParOldGen       total 120320K, used 27018K [0x0000000082200000, 0x0000000089780000, 0x00000000d6100000)
  object space 120320K, 22% used [0x0000000082200000,0x0000000083c62be0,0x0000000089780000)
 Metaspace       used 44860K, capacity 45694K, committed 45992K, reserved 1091584K
  class space    used 5796K, capacity 6032K, committed 6056K, reserved 1048576K
Event: 5.902 GC heap after
Heap after GC invocations=8 (full 2):
 PSYoungGen      total 147456K, used 16354K [0x00000000d6100000, 0x00000000e0780000, 0x0000000100000000)
  eden space 131072K, 0% used [0x00000000d6100000,0x00000000d6100000,0x00000000de100000)
  from space 16384K, 99% used [0x00000000df780000,0x00000000e07789d0,0x00000000e0780000)
  to   space 5120K, 0% used [0x00000000de100000,0x00000000de100000,0x00000000de600000)
 ParOldGen       total 120320K, used 39141K [0x0000000082200000, 0x0000000089780000, 0x00000000d6100000)
  object space 120320K, 32% used [0x0000000082200000,0x0000000084839650,0x0000000089780000)
 Metaspace       used 44860K, capacity 45694K, committed 45992K, reserved 1091584K
  class space    used 5796K, capacity 6032K, committed 6056K, reserved 1048576K
}

Deoptimization events (10 events):
Event: 5.745 Thread 0x0000000002485800 Uncommon trap: reason=class_check action=maybe_recompile pc=0x0000000002f34d7c method=org.jetbrains.kotlin.com.intellij.util.text.CharSequenceSubSequence.<init>(Ljava/lang/CharSequence;II)V @ 18
Event: 6.167 Thread 0x0000000002485800 Uncommon trap: reason=predicate action=maybe_recompile pc=0x00000000030a6370 method=org.jetbrains.kotlin.com.intellij.psi.impl.source.CharTableImpl$StringHashToCharSequencesMap.charSequenceSubSequenceEquals(Ljava/lang/CharSequence;Ljava/lang/CharSequence;
Event: 6.192 Thread 0x0000000002485800 Uncommon trap: reason=unstable_if action=reinterpret pc=0x0000000003146c24 method=org.jetbrains.kotlin.types.KotlinTypeKt.isError(Lorg/jetbrains/kotlin/types/KotlinType;)Z @ 26
Event: 6.200 Thread 0x0000000002485800 Uncommon trap: reason=unstable_if action=reinterpret pc=0x000000000314ee18 method=org.jetbrains.kotlin.types.KotlinTypeKt.isError(Lorg/jetbrains/kotlin/types/KotlinType;)Z @ 26
Event: 6.213 Thread 0x0000000002485800 Uncommon trap: reason=bimorphic action=maybe_recompile pc=0x00000000030927dc method=gnu.trove.TIntObjectHashMap.index(I)I @ 28
Event: 6.213 Thread 0x0000000002485800 Uncommon trap: reason=bimorphic action=maybe_recompile pc=0x00000000030927dc method=gnu.trove.TIntObjectHashMap.index(I)I @ 28
Event: 6.213 Thread 0x0000000002485800 Uncommon trap: reason=bimorphic action=maybe_recompile pc=0x00000000030927dc method=gnu.trove.TIntObjectHashMap.index(I)I @ 28
Event: 6.213 Thread 0x0000000002485800 Uncommon trap: reason=bimorphic action=maybe_recompile pc=0x00000000030927dc method=gnu.trove.TIntObjectHashMap.index(I)I @ 28
Event: 6.259 Thread 0x0000000002485800 Uncommon trap: reason=unstable_if action=reinterpret pc=0x0000000002ee6910 method=org.jetbrains.kotlin.metadata.ProtoBuf$Type.getSerializedSize()I @ 176
Event: 6.334 Thread 0x0000000002485800 Uncommon trap: reason=bimorphic action=maybe_recompile pc=0x0000000002965fc4 method=java.util.HashMap.putVal(ILjava/lang/Object;Ljava/lang/Object;ZZ)Ljava/lang/Object; @ 203

Internal exceptions (10 events):
Event: 3.193 Thread 0x0000000002485800 Exception <a 'java/lang/NoSuchMethodError': java.lang.Object.lambda$static$0(I)[Lorg/jetbrains/kotlin/psi/KtTypeElement;> (0x00000000d731e620) thrown at [C:\re\workspace\8-2-build-windows-amd64-cygwin\jdk8u131\8869\hotspot\src\share\vm\interpreter\linkRes
Event: 3.338 Thread 0x000000001703a800 Implicit null exception at 0x0000000002d12e57 to 0x0000000002d139cd
Event: 3.921 Thread 0x0000000002485800 Exception <a 'java/lang/NoSuchMethodError': java.lang.Object.lambda$static$0(I)[Lorg/jetbrains/kotlin/com/intellij/psi/PsiClass;> (0x00000000d8d81ae8) thrown at [C:\re\workspace\8-2-build-windows-amd64-cygwin\jdk8u131\8869\hotspot\src\share\vm\interpreter
Event: 4.264 Thread 0x0000000002485800 Implicit null exception at 0x0000000002ce36cc to 0x0000000002ce37a9
Event: 5.786 Thread 0x0000000002485800 Exception <a 'java/lang/NoSuchMethodError': java.lang.Object.lambda$static$0(I)[Lorg/jetbrains/kotlin/com/intellij/psi/PsiReference;> (0x00000000dddde950) thrown at [C:\re\workspace\8-2-build-windows-amd64-cygwin\jdk8u131\8869\hotspot\src\share\vm\interpr
Event: 5.796 Thread 0x0000000002485800 Exception <a 'java/lang/NoSuchMethodError': java.lang.Object.lambda$static$0(I)[Lorg/jetbrains/kotlin/com/intellij/psi/PsiTypeElement;> (0x00000000dde16328) thrown at [C:\re\workspace\8-2-build-windows-amd64-cygwin\jdk8u131\8869\hotspot\src\share\vm\inter
Event: 5.941 Thread 0x0000000002485800 Exception <a 'java/lang/NoSuchMethodError': java.lang.Object.lambda$static$0(I)[Lorg/jetbrains/kotlin/com/intellij/psi/PsiTypeParameter;> (0x00000000d61fa080) thrown at [C:\re\workspace\8-2-build-windows-amd64-cygwin\jdk8u131\8869\hotspot\src\share\vm\int
Event: 5.959 Thread 0x0000000002485800 Exception <a 'java/lang/NoSuchMethodError': java.lang.Object.lambda$static$0(I)[Lorg/jetbrains/kotlin/com/intellij/psi/PsiMethod;> (0x00000000d6260ca0) thrown at [C:\re\workspace\8-2-build-windows-amd64-cygwin\jdk8u131\8869\hotspot\src\share\vm\interprete
Event: 5.961 Thread 0x0000000002485800 Exception <a 'java/lang/NoSuchMethodError': java.lang.Object.lambda$static$0(I)[Lorg/jetbrains/kotlin/com/intellij/psi/PsiField;> (0x00000000d626b608) thrown at [C:\re\workspace\8-2-build-windows-amd64-cygwin\jdk8u131\8869\hotspot\src\share\vm\interpreter
Event: 5.984 Thread 0x0000000002485800 Exception <a 'java/lang/NoSuchMethodError': java.lang.Object.lambda$static$0(I)[Lorg/jetbrains/kotlin/com/intellij/psi/PsiJavaCodeReferenceElement;> (0x00000000d62eaf10) thrown at [C:\re\workspace\8-2-build-windows-amd64-cygwin\jdk8u131\8869\hotspot\src\s

Events (10 events):
Event: 6.379 loading class org/jetbrains/kotlin/load/java/BuiltinMethodsWithDifferentJvmName$isBuiltinFunctionWithDifferentNameInJvm$1
Event: 6.379 loading class org/jetbrains/kotlin/load/java/BuiltinMethodsWithDifferentJvmName$isBuiltinFunctionWithDifferentNameInJvm$1 done
Event: 6.380 loading class org/jetbrains/kotlin/load/java/lazy/descriptors/LazyJavaClassMemberScope$computeNonDeclaredFunctions$4
Event: 6.380 loading class org/jetbrains/kotlin/load/java/lazy/descriptors/LazyJavaClassMemberScope$computeNonDeclaredFunctions$4 done
Event: 6.383 loading class org/jetbrains/kotlin/resolve/DescriptorEquivalenceForOverrides
Event: 6.383 loading class org/jetbrains/kotlin/resolve/DescriptorEquivalenceForOverrides done
Event: 6.384 loading class org/jetbrains/kotlin/resolve/DescriptorEquivalenceForOverrides$areCallableDescriptorsEquivalent$1
Event: 6.384 loading class org/jetbrains/kotlin/resolve/DescriptorEquivalenceForOverrides$areCallableDescriptorsEquivalent$1 done
Event: 6.385 loading class org/jetbrains/kotlin/resolve/DescriptorEquivalenceForOverrides$areCallableDescriptorsEquivalent$overridingUtil$1
Event: 6.385 loading class org/jetbrains/kotlin/resolve/DescriptorEquivalenceForOverrides$areCallableDescriptorsEquivalent$overridingUtil$1 done


Dynamic libraries:
0x00007ff67eaf0000 - 0x00007ff67eb27000 	C:\Program Files\Java\jdk1.8.0_131\jre\bin\java.exe
0x00007ffea5fc0000 - 0x00007ffea61b0000 	C:\WINDOWS\SYSTEM32\ntdll.dll
0x00007ffea53e0000 - 0x00007ffea5492000 	C:\WINDOWS\System32\KERNEL32.DLL
0x00007ffea2f80000 - 0x00007ffea3223000 	C:\WINDOWS\System32\KERNELBASE.dll
0x00007ffea4bc0000 - 0x00007ffea4c63000 	C:\WINDOWS\System32\ADVAPI32.dll
0x00007ffea4b20000 - 0x00007ffea4bbe000 	C:\WINDOWS\System32\msvcrt.dll
0x00007ffea50e0000 - 0x00007ffea5177000 	C:\WINDOWS\System32\sechost.dll
0x00007ffea5cf0000 - 0x00007ffea5e10000 	C:\WINDOWS\System32\RPCRT4.dll
0x00007ffea4c70000 - 0x00007ffea4e04000 	C:\WINDOWS\System32\USER32.dll
0x00007ffea3ba0000 - 0x00007ffea3bc1000 	C:\WINDOWS\System32\win32u.dll
0x00007ffea4550000 - 0x00007ffea4576000 	C:\WINDOWS\System32\GDI32.dll
0x00007ffea3230000 - 0x00007ffea33c4000 	C:\WINDOWS\System32\gdi32full.dll
0x00007ffea3fa0000 - 0x00007ffea403e000 	C:\WINDOWS\System32\msvcp_win.dll
0x00007ffea3ea0000 - 0x00007ffea3f9a000 	C:\WINDOWS\System32\ucrtbase.dll
0x00007ffe8f260000 - 0x00007ffe8f4e5000 	C:\WINDOWS\WinSxS\amd64_microsoft.windows.common-controls_6595b64144ccf1df_6.0.18362.778_none_e6c6b761130d4fb8\COMCTL32.dll
0x00007ffea4710000 - 0x00007ffea4a46000 	C:\WINDOWS\System32\combase.dll
0x00007ffea3bd0000 - 0x00007ffea3c50000 	C:\WINDOWS\System32\bcryptPrimitives.dll
0x00007ffea5180000 - 0x00007ffea51ae000 	C:\WINDOWS\System32\IMM32.DLL
0x0000000050cb0000 - 0x0000000050d82000 	C:\Program Files\Java\jdk1.8.0_131\jre\bin\msvcr100.dll
0x0000000077070000 - 0x000000007790c000 	C:\Program Files\Java\jdk1.8.0_131\jre\bin\server\jvm.dll
0x00007ffea4520000 - 0x00007ffea4528000 	C:\WINDOWS\System32\PSAPI.DLL
0x00007ffe9fc90000 - 0x00007ffe9fc99000 	C:\WINDOWS\SYSTEM32\WSOCK32.dll
0x00007ffe9fbd0000 - 0x00007ffe9fbf4000 	C:\WINDOWS\SYSTEM32\WINMM.dll
0x00007ffe92480000 - 0x00007ffe9248a000 	C:\WINDOWS\SYSTEM32\VERSION.dll
0x00007ffea4ec0000 - 0x00007ffea4f2f000 	C:\WINDOWS\System32\WS2_32.dll
0x00007ffe9fba0000 - 0x00007ffe9fbcd000 	C:\WINDOWS\SYSTEM32\winmmbase.dll
0x00007ffea3b50000 - 0x00007ffea3b9a000 	C:\WINDOWS\System32\cfgmgr32.dll
0x0000000050ca0000 - 0x0000000050caf000 	C:\Program Files\Java\jdk1.8.0_131\jre\bin\verify.dll
0x0000000050c70000 - 0x0000000050c99000 	C:\Program Files\Java\jdk1.8.0_131\jre\bin\java.dll
0x0000000050c50000 - 0x0000000050c66000 	C:\Program Files\Java\jdk1.8.0_131\jre\bin\zip.dll
0x00007ffea5600000 - 0x00007ffea5ce5000 	C:\WINDOWS\System32\SHELL32.dll
0x00007ffea4e10000 - 0x00007ffea4eb9000 	C:\WINDOWS\System32\shcore.dll
0x00007ffea33d0000 - 0x00007ffea3b50000 	C:\WINDOWS\System32\windows.storage.dll
0x00007ffea2ef0000 - 0x00007ffea2f13000 	C:\WINDOWS\System32\profapi.dll
0x00007ffea2ea0000 - 0x00007ffea2eea000 	C:\WINDOWS\System32\powrprof.dll
0x00007ffea2e50000 - 0x00007ffea2e60000 	C:\WINDOWS\System32\UMPDC.dll
0x00007ffea4600000 - 0x00007ffea4652000 	C:\WINDOWS\System32\shlwapi.dll
0x00007ffea2e80000 - 0x00007ffea2e91000 	C:\WINDOWS\System32\kernel.appcore.dll
0x00007ffea3e80000 - 0x00007ffea3e97000 	C:\WINDOWS\System32\cryptsp.dll
0x0000000050c30000 - 0x0000000050c4a000 	C:\Program Files\Java\jdk1.8.0_131\jre\bin\net.dll
0x00007ffea26c0000 - 0x00007ffea2727000 	C:\WINDOWS\system32\mswsock.dll
0x0000000050c10000 - 0x0000000050c21000 	C:\Program Files\Java\jdk1.8.0_131\jre\bin\nio.dll

VM Arguments:
java_command: org.jetbrains.kotlin.cli.jvm.K2JVMCompiler -Xallow-no-source-files -classpath C:\Users\Client\.gradle\caches\modules-2\files-2.1\org.jetbrains.kotlin\kotlin-android-extensions-runtime\1.3.50\bec16087637a7cafe54894e73d38037977cb30d2\kotlin-android-extensions-runtime-1.3.50.jar;C:\Users\Client\.gradle\caches\modules-2\files-2.1\org.jetbrains.kotlin\kotlin-stdlib-jdk7\1.3.50\50ad05ea1c2595fb31b800e76db464d08d599af3\kotlin-stdlib-jdk7-1.3.50.jar;C:\Users\Client\.gradle\caches\transforms-2\files-2.1\baf6a09ea1fab5ebe94dc18f73e6f547\core-ktx-1.0.2-api.jar;C:\Users\Client\.gradle\caches\modules-2\files-2.1\org.jetbrains.kotlin\kotlin-stdlib\1.3.50\b529d1738c7e98bbfa36a4134039528f2ce78ebf\kotlin-stdlib-1.3.50.jar;C:\Users\Client\.gradle\caches\modules-2\files-2.1\org.jetbrains.kotlin\kotlin-stdlib-common\1.3.50\3d9cd3e1bc7b92e95f43d45be3bfbcf38e36ab87\kotlin-stdlib-common-1.3.50.jar;C:\Users\Client\.gradle\caches\modules-2\files-2.1\org.jetbrains\annotations\13.0\919f0dfe192fb4e063e7dacadee7f8bb9a2672a9\annotations-13.0.jar;C:\Users\Client\.gradle\caches\transforms-2\files-2.1\fff8a16dfb870bc1af7fdeab1f555e65\appcompat-1.0.2-api.jar;C:\Users\Client\.gradle\caches\transforms-2\files-2.1\1c760db8877a49bfa7232ddd9f01bb32\fragment-1.0.0-api.jar;C:\Users\Client\.gradle\caches\transforms-2\files-2.1\f8352427d5deb2bae3695048fb509031\vectordrawable-animated-1.0.0-api.jar;C:\Users\Client\.gradle\caches\transforms-2\files-2.1\5b087043fcd079bb93a09c246576294e\legacy-support-core-ui-1.0.0-api.jar;C:\Users\Client\.gradle\caches\transforms-2\files-2.1\e0b37d9403497232bc7ad39171c5ce93\legacy-support-core-utils-1.0.0-api.jar;C:\Users\Client\.gradle\caches\transforms-2\files-2.1\a6a2130e9caa9ebfd566f5d75cb4e491\vectordrawable-1.0.1-api.jar;C:\Users\Client\.gradle\caches\transforms-2\files-2.1\45f8209ee39e13f3cab9d7b0e8f651dd\loader-1.0.0-api.jar;C:\Users\Client\.gradle\caches\transforms-2\files-2.1\030ed8ffbf8d3c58633260185d89ea67\viewpager-1.0.0-api.jar;C:\Users\Client\.gra
java_class_path (initial): C:\Users\Client\.gradle\caches\modules-2\files-2.1\org.jetbrains.kotlin\kotlin-compiler-embeddable\1.3.50\1251c1768e5769b06c2487d6f6cf8acf6efb8960\kotlin-compiler-embeddable-1.3.50.jar;C:\Users\Client\.gradle\caches\modules-2\files-2.1\org.jetbrains.kotlin\kotlin-reflect\1.3.50\b499f22fd7c3e9c2e5b6c4005221fa47fc7f9a7a\kotlin-reflect-1.3.50.jar;C:\Users\Client\.gradle\caches\modules-2\files-2.1\org.jetbrains.kotlin\kotlin-stdlib\1.3.50\b529d1738c7e98bbfa36a4134039528f2ce78ebf\kotlin-stdlib-1.3.50.jar;C:\Users\Client\.gradle\caches\modules-2\files-2.1\org.jetbrains.kotlin\kotlin-script-runtime\1.3.50\59492b8dfb92522ba0ddb5dd1c4d0ef0a4fca1af\kotlin-script-runtime-1.3.50.jar;C:\Users\Client\.gradle\caches\modules-2\files-2.1\org.jetbrains.kotlin\kotlin-daemon-embeddable\1.3.50\5cb93bb33f4c6f833ead0beca4c831668e00cf52\kotlin-daemon-embeddable-1.3.50.jar;C:\Users\Client\.gradle\caches\modules-2\files-2.1\org.jetbrains.intellij.deps\trove4j\1.0.20181211\216c2e14b070f334479d800987affe4054cd563f\trove4j-1.0.20181211.jar;C:\Users\Client\.gradle\caches\modules-2\files-2.1\org.jetbrains.kotlin\kotlin-stdlib-common\1.3.50\3d9cd3e1bc7b92e95f43d45be3bfbcf38e36ab87\kotlin-stdlib-common-1.3.50.jar;C:\Users\Client\.gradle\caches\modules-2\files-2.1\org.jetbrains\annotations\13.0\919f0dfe192fb4e063e7dacadee7f8bb9a2672a9\annotations-13.0.jar;C:\Program Files\Java\jdk1.8.0_131\lib\tools.jar
Launcher Type: SUN_STANDARD

Environment Variables:
JAVA_HOME=C:\Program Files\Java\jdk1.8.0_131
USERNAME=Client
OS=Windows_NT
PROCESSOR_IDENTIFIER=Intel64 Family 6 Model 58 Stepping 9, GenuineIntel



---------------  S Y S T E M  ---------------

OS: Windows 10.0 , 64 bit Build 18362 (10.0.18362.778)

CPU:total 4 (initial active 4) (2 cores per cpu, 2 threads per core) family 6 model 58 stepping 9, cmov, cx8, fxsr, mmx, sse, sse2, sse3, ssse3, sse4.1, sse4.2, popcnt, avx, aes, clmul, erms, ht, tsc, tscinvbit, tscinv

Memory: 4k page, physical 8248880k(1465268k free), swap 8773168k(9684k free)

vm_info: Java HotSpot(TM) 64-Bit Server VM (25.131-b11) for windows-amd64 JRE (1.8.0_131-b11), built on Mar 15 2017 01:23:53 by "java_re" with MS VC++ 10.0 (VS2010)

time: Tue May 12 00:43:42 2020
elapsed time: 6 seconds (0d 0h 0m 6s)

