#
# There is insufficient memory for the Java Runtime Environment to continue.
# Native memory allocation (malloc) failed to allocate 1588512 bytes for Chunk::new
# Possible reasons:
#   The system is out of physical RAM or swap space
#   In 32 bit mode, the process size limit was hit
# Possible solutions:
#   Reduce memory load on the system
#   Increase physical memory or swap space
#   Check if swap backing store is full
#   Use 64 bit Java on a 64 bit OS
#   Decrease Java heap size (-Xmx/-Xms)
#   Decrease number of Java threads
#   Decrease Java thread stack sizes (-Xss)
#   Set larger code cache with -XX:ReservedCodeCacheSize=
# This output file may be truncated or incomplete.
#
#  Out of Memory Error (allocation.cpp:390), pid=9544, tid=0x00000000000005dc
#
# JRE version: Java(TM) SE Runtime Environment (8.0_131-b11) (build 1.8.0_131-b11)
# Java VM: Java HotSpot(TM) 64-Bit Server VM (25.131-b11 mixed mode windows-amd64 compressed oops)
# Failed to write core dump. Minidumps are not enabled by default on client versions of Windows
#

---------------  T H R E A D  ---------------

Current thread (0x0000000015cf4000):  JavaThread "C2 CompilerThread1" daemon [_thread_in_native, id=1500, stack(0x0000000017470000,0x0000000017570000)]

Stack: [0x0000000017470000,0x0000000017570000]
[error occurred during error reporting (printing stack bounds), id 0xc0000005]

Native frames: (J=compiled Java code, j=interpreted, Vv=VM code, C=native code)


Current CompileTask:
C2:  20966 8656 %     4       groovy.lang.MetaClassImpl$MethodIndexAction::iterate @ 76 (119 bytes)


---------------  P R O C E S S  ---------------

Java Threads: ( => current thread )
  0x000000001b8f6800 JavaThread "Memory manager" [_thread_blocked, id=3740, stack(0x0000000021f20000,0x0000000022020000)]
  0x000000001b8f2000 JavaThread "Cache worker for Build Output Cleanup Cache (C:\Users\Client\Documents\TDM2\TP2\EXO2\.gradle\buildOutputCleanup)" [_thread_blocked, id=2080, stack(0x000000001f6e0000,0x000000001f7e0000)]
  0x000000001b8ed000 JavaThread "Build operations Thread 4" [_thread_in_Java, id=14096, stack(0x0000000021820000,0x0000000021920000)]
  0x000000001b8ec000 JavaThread "Build operations Thread 3" [_thread_in_native, id=9704, stack(0x0000000021720000,0x0000000021820000)]
  0x000000001b8ed800 JavaThread "Build operations Thread 2" [_thread_blocked, id=11468, stack(0x0000000021620000,0x0000000021720000)]
  0x000000001b8ee800 JavaThread "Build operations" [_thread_in_native, id=1260, stack(0x0000000020c60000,0x0000000020d60000)]
  0x00000000190eb800 JavaThread "Cache worker for execution history cache (C:\Users\Client\.gradle\caches\5.4.1\executionHistory)" [_thread_blocked, id=4968, stack(0x000000001f5e0000,0x000000001f6e0000)]
  0x00000000190f1000 JavaThread "Cache worker for cache directory md-rule (C:\Users\Client\.gradle\caches\5.4.1\md-rule)" [_thread_blocked, id=32, stack(0x000000001f4e0000,0x000000001f5e0000)]
  0x00000000190ee000 JavaThread "Cache worker for cache directory md-supplier (C:\Users\Client\.gradle\caches\5.4.1\md-supplier)" [_thread_blocked, id=10368, stack(0x000000001f3e0000,0x000000001f4e0000)]
  0x00000000190f0000 JavaThread "Cache worker for file hash cache (C:\Users\Client\Documents\TDM2\TP2\EXO2\.gradle\5.4.1\fileHashes)" [_thread_blocked, id=11460, stack(0x000000001ce90000,0x000000001cf90000)]
  0x00000000190eb000 JavaThread "Cache worker for journal cache (C:\Users\Client\.gradle\caches\journal-1)" [_thread_blocked, id=6164, stack(0x000000001aaf0000,0x000000001abf0000)]
  0x00000000190ef800 JavaThread "File lock request listener" [_thread_in_native, id=13420, stack(0x000000001a7f0000,0x000000001a8f0000)]
  0x00000000190ee800 JavaThread "Cache worker for file hash cache (C:\Users\Client\.gradle\caches\5.4.1\fileHashes)" [_thread_blocked, id=116, stack(0x000000001a6f0000,0x000000001a7f0000)]
  0x0000000018f1b800 JavaThread "Thread-9" [_thread_blocked, id=13660, stack(0x000000001a5f0000,0x000000001a6f0000)]
  0x0000000018f28000 JavaThread "Stdin handler" [_thread_blocked, id=6552, stack(0x000000001a4f0000,0x000000001a5f0000)]
  0x0000000018f12000 JavaThread "Asynchronous log dispatcher for DefaultDaemonConnection: socket connection from /127.0.0.1:64351 to /127.0.0.1:64352" [_thread_blocked, id=5184, stack(0x000000001a3f0000,0x000000001a4f0000)]
  0x0000000018ddf000 JavaThread "Daemon worker" [_thread_in_vm, id=14388, stack(0x000000001a2f0000,0x000000001a3f0000)]
  0x0000000018dde000 JavaThread "Cancel handler" [_thread_blocked, id=12264, stack(0x000000001a1f0000,0x000000001a2f0000)]
  0x0000000018dd5000 JavaThread "Handler for socket connection from /127.0.0.1:64351 to /127.0.0.1:64352" [_thread_in_native, id=8616, stack(0x0000000019ef0000,0x0000000019ff0000)]
  0x0000000018dd4800 JavaThread "Daemon" [_thread_blocked, id=3700, stack(0x0000000019df0000,0x0000000019ef0000)]
  0x0000000018d72000 JavaThread "Daemon periodic checks" [_thread_blocked, id=1572, stack(0x0000000019cf0000,0x0000000019df0000)]
  0x0000000018d6e000 JavaThread "Incoming local TCP Connector on port 64351" [_thread_in_native, id=16488, stack(0x0000000019a80000,0x0000000019b80000)]
  0x0000000018878800 JavaThread "Daemon health stats" [_thread_blocked, id=15032, stack(0x0000000019440000,0x0000000019540000)]
  0x000000001769a800 JavaThread "Service Thread" daemon [_thread_blocked, id=13792, stack(0x0000000017a70000,0x0000000017b70000)]
  0x0000000015d02000 JavaThread "C1 CompilerThread2" daemon [_thread_blocked, id=15912, stack(0x0000000017570000,0x0000000017670000)]
=>0x0000000015cf4000 JavaThread "C2 CompilerThread1" daemon [_thread_in_native, id=1500, stack(0x0000000017470000,0x0000000017570000)]
  0x0000000015cf0000 JavaThread "C2 CompilerThread0" daemon [_thread_blocked, id=17216, stack(0x0000000017370000,0x0000000017470000)]
  0x0000000015ced000 JavaThread "Attach Listener" daemon [_thread_blocked, id=15492, stack(0x0000000017270000,0x0000000017370000)]
  0x0000000015ceb800 JavaThread "Signal Dispatcher" daemon [_thread_blocked, id=6500, stack(0x0000000017170000,0x0000000017270000)]
  0x0000000015cda800 JavaThread "Finalizer" daemon [_thread_blocked, id=13172, stack(0x0000000016f40000,0x0000000017040000)]
  0x0000000002370000 JavaThread "Reference Handler" daemon [_thread_blocked, id=888, stack(0x0000000016e40000,0x0000000016f40000)]
  0x00000000021fe800 JavaThread "main" [_thread_blocked, id=4740, stack(0x00000000020e0000,0x00000000021e0000)]

Other Threads:
  0x0000000015cb7800 VMThread [stack: 0x0000000016d40000,0x0000000016e40000] [id=16440]
  0x00000000176a5000 WatcherThread [stack: 0x0000000017b70000,0x0000000017c70000] [id=1584]

VM state:not at safepoint (normal execution)

VM Mutex/Monitor currently owned by a thread: None

Heap:
 PSYoungGen      total 207872K, used 65194K [0x00000000e0000000, 0x00000000ee180000, 0x0000000100000000)
  eden space 188928K, 27% used [0x00000000e0000000,0x00000000e3217e78,0x00000000eb880000)
  from space 18944K, 73% used [0x00000000ecf00000,0x00000000edc92a70,0x00000000ee180000)
  to   space 20992K, 0% used [0x00000000eb880000,0x00000000eb880000,0x00000000ecd00000)
 ParOldGen       total 84480K, used 43232K [0x00000000a0000000, 0x00000000a5280000, 0x00000000e0000000)
  object space 84480K, 51% used [0x00000000a0000000,0x00000000a2a381e8,0x00000000a5280000)
 Metaspace       used 68061K, capacity 70580K, committed 70656K, reserved 1110016K
  class space    used 9446K, capacity 9956K, committed 9984K, reserved 1048576K

Card table byte_map: [0x0000000011740000,0x0000000011a50000] byte_map_base: 0x0000000011240000

Marking Bits: (ParMarkBitMap*) 0x000000007788c720
 Begin Bits: [0x0000000012050000, 0x0000000013850000)
 End Bits:   [0x0000000013850000, 0x0000000015050000)

Polling page: 0x0000000000920000

CodeCache: size=245760Kb used=25961Kb max_used=25961Kb free=219798Kb
 bounds [0x0000000002380000, 0x0000000003cf0000, 0x0000000011380000]
 total_blobs=8714 nmethods=7910 adapters=715
 compilation: enabled

Compilation events (10 events):
Event: 20.848 Thread 0x0000000015d02000 8775   !   3       sun.nio.fs.WindowsDirectoryStream::iterator (66 bytes)
Event: 20.849 Thread 0x0000000015d02000 nmethod 8775 0x0000000003ccf2d0 code [0x0000000003ccf480, 0x0000000003ccfa48]
Event: 20.849 Thread 0x0000000015d02000 8776       3       sun.nio.fs.WindowsDirectoryStream$WindowsDirectoryIterator::<init> (73 bytes)
Event: 20.850 Thread 0x0000000015d02000 nmethod 8776 0x0000000003ccded0 code [0x0000000003cce0c0, 0x0000000003cceb38]
Event: 20.850 Thread 0x0000000015d02000 8777       3       sun.nio.fs.WindowsPath::needsSlashWhenResolving (37 bytes)
Event: 20.850 Thread 0x0000000015d02000 nmethod 8777 0x0000000003cd0690 code [0x0000000003cd0820, 0x0000000003cd0de8]
Event: 20.850 Thread 0x0000000015d02000 8778       3       sun.nio.fs.WindowsNativeDispatcher$FirstFile::<init> (5 bytes)
Event: 20.851 Thread 0x0000000015d02000 nmethod 8778 0x0000000003ccda50 code [0x0000000003ccdbc0, 0x0000000003ccddd0]
Event: 20.851 Thread 0x0000000015d02000 8779       3       sun.nio.fs.WindowsNativeDispatcher$FirstFile::<init> (5 bytes)
Event: 20.851 Thread 0x0000000015d02000 nmethod 8779 0x0000000003ccd650 code [0x0000000003ccd7a0, 0x0000000003ccd950]

GC Heap History (10 events):
Event: 13.818 GC heap before
{Heap before GC invocations=13 (full 2):
 PSYoungGen      total 153088K, used 153082K [0x00000000e0000000, 0x00000000eb100000, 0x0000000100000000)
  eden space 141312K, 100% used [0x00000000e0000000,0x00000000e8a00000,0x00000000e8a00000)
  from space 11776K, 99% used [0x00000000ea580000,0x00000000eb0feb78,0x00000000eb100000)
  to   space 13824K, 0% used [0x00000000e9600000,0x00000000e9600000,0x00000000ea380000)
 ParOldGen       total 84480K, used 19305K [0x00000000a0000000, 0x00000000a5280000, 0x00000000e0000000)
  object space 84480K, 22% used [0x00000000a0000000,0x00000000a12da500,0x00000000a5280000)
 Metaspace       used 55936K, capacity 57576K, committed 57856K, reserved 1099776K
  class space    used 7699K, capacity 8081K, committed 8192K, reserved 1048576K
Event: 13.855 GC heap after
Heap after GC invocations=13 (full 2):
 PSYoungGen      total 167424K, used 13804K [0x00000000e0000000, 0x00000000ed680000, 0x0000000100000000)
  eden space 153600K, 0% used [0x00000000e0000000,0x00000000e0000000,0x00000000e9600000)
  from space 13824K, 99% used [0x00000000e9600000,0x00000000ea37b3a8,0x00000000ea380000)
  to   space 18944K, 0% used [0x00000000ec400000,0x00000000ec400000,0x00000000ed680000)
 ParOldGen       total 84480K, used 29480K [0x00000000a0000000, 0x00000000a5280000, 0x00000000e0000000)
  object space 84480K, 34% used [0x00000000a0000000,0x00000000a1cca3f0,0x00000000a5280000)
 Metaspace       used 55936K, capacity 57576K, committed 57856K, reserved 1099776K
  class space    used 7699K, capacity 8081K, committed 8192K, reserved 1048576K
}
Event: 14.345 GC heap before
{Heap before GC invocations=14 (full 2):
 PSYoungGen      total 167424K, used 46346K [0x00000000e0000000, 0x00000000ed680000, 0x0000000100000000)
  eden space 153600K, 21% used [0x00000000e0000000,0x00000000e1fc7498,0x00000000e9600000)
  from space 13824K, 99% used [0x00000000e9600000,0x00000000ea37b3a8,0x00000000ea380000)
  to   space 18944K, 0% used [0x00000000ec400000,0x00000000ec400000,0x00000000ed680000)
 ParOldGen       total 84480K, used 29480K [0x00000000a0000000, 0x00000000a5280000, 0x00000000e0000000)
  object space 84480K, 34% used [0x00000000a0000000,0x00000000a1cca3f0,0x00000000a5280000)
 Metaspace       used 57203K, capacity 58922K, committed 59008K, reserved 1099776K
  class space    used 7895K, capacity 8289K, committed 8320K, reserved 1048576K
Event: 14.369 GC heap after
Heap after GC invocations=14 (full 2):
 PSYoungGen      total 172544K, used 2277K [0x00000000e0000000, 0x00000000ed680000, 0x0000000100000000)
  eden space 153600K, 0% used [0x00000000e0000000,0x00000000e0000000,0x00000000e9600000)
  from space 18944K, 12% used [0x00000000ec400000,0x00000000ec6394b8,0x00000000ed680000)
  to   space 13824K, 0% used [0x00000000e9600000,0x00000000e9600000,0x00000000ea380000)
 ParOldGen       total 84480K, used 36618K [0x00000000a0000000, 0x00000000a5280000, 0x00000000e0000000)
  object space 84480K, 43% used [0x00000000a0000000,0x00000000a23c2908,0x00000000a5280000)
 Metaspace       used 57203K, capacity 58922K, committed 59008K, reserved 1099776K
  class space    used 7895K, capacity 8289K, committed 8320K, reserved 1048576K
}
Event: 14.369 GC heap before
{Heap before GC invocations=15 (full 3):
 PSYoungGen      total 172544K, used 2277K [0x00000000e0000000, 0x00000000ed680000, 0x0000000100000000)
  eden space 153600K, 0% used [0x00000000e0000000,0x00000000e0000000,0x00000000e9600000)
  from space 18944K, 12% used [0x00000000ec400000,0x00000000ec6394b8,0x00000000ed680000)
  to   space 13824K, 0% used [0x00000000e9600000,0x00000000e9600000,0x00000000ea380000)
 ParOldGen       total 84480K, used 36618K [0x00000000a0000000, 0x00000000a5280000, 0x00000000e0000000)
  object space 84480K, 43% used [0x00000000a0000000,0x00000000a23c2908,0x00000000a5280000)
 Metaspace       used 57203K, capacity 58922K, committed 59008K, reserved 1099776K
  class space    used 7895K, capacity 8289K, committed 8320K, reserved 1048576K
Event: 14.651 GC heap after
Heap after GC invocations=15 (full 3):
 PSYoungGen      total 172544K, used 0K [0x00000000e0000000, 0x00000000ed680000, 0x0000000100000000)
  eden space 153600K, 0% used [0x00000000e0000000,0x00000000e0000000,0x00000000e9600000)
  from space 18944K, 0% used [0x00000000ec400000,0x00000000ec400000,0x00000000ed680000)
  to   space 13824K, 0% used [0x00000000e9600000,0x00000000e9600000,0x00000000ea380000)
 ParOldGen       total 84480K, used 30791K [0x00000000a0000000, 0x00000000a5280000, 0x00000000e0000000)
  object space 84480K, 36% used [0x00000000a0000000,0x00000000a1e11ff0,0x00000000a5280000)
 Metaspace       used 57203K, capacity 58922K, committed 59008K, reserved 1099776K
  class space    used 7895K, capacity 8289K, committed 8320K, reserved 1048576K
}
Event: 16.808 GC heap before
{Heap before GC invocations=16 (full 3):
 PSYoungGen      total 172544K, used 153600K [0x00000000e0000000, 0x00000000ed680000, 0x0000000100000000)
  eden space 153600K, 100% used [0x00000000e0000000,0x00000000e9600000,0x00000000e9600000)
  from space 18944K, 0% used [0x00000000ec400000,0x00000000ec400000,0x00000000ed680000)
  to   space 13824K, 0% used [0x00000000e9600000,0x00000000e9600000,0x00000000ea380000)
 ParOldGen       total 84480K, used 30791K [0x00000000a0000000, 0x00000000a5280000, 0x00000000e0000000)
  object space 84480K, 36% used [0x00000000a0000000,0x00000000a1e11ff0,0x00000000a5280000)
 Metaspace       used 60541K, capacity 62634K, committed 62976K, reserved 1103872K
  class space    used 8403K, capacity 8847K, committed 8960K, reserved 1048576K
Event: 16.842 GC heap after
Heap after GC invocations=16 (full 3):
 PSYoungGen      total 167424K, used 13806K [0x00000000e0000000, 0x00000000ee300000, 0x0000000100000000)
  eden space 153600K, 0% used [0x00000000e0000000,0x00000000e0000000,0x00000000e9600000)
  from space 13824K, 99% used [0x00000000e9600000,0x00000000ea37b950,0x00000000ea380000)
  to   space 20480K, 0% used [0x00000000ecf00000,0x00000000ecf00000,0x00000000ee300000)
 ParOldGen       total 84480K, used 30900K [0x00000000a0000000, 0x00000000a5280000, 0x00000000e0000000)
  object space 84480K, 36% used [0x00000000a0000000,0x00000000a1e2d0d8,0x00000000a5280000)
 Metaspace       used 60541K, capacity 62634K, committed 62976K, reserved 1103872K
  class space    used 8403K, capacity 8847K, committed 8960K, reserved 1048576K
}
Event: 19.581 GC heap before
{Heap before GC invocations=17 (full 3):
 PSYoungGen      total 167424K, used 167406K [0x00000000e0000000, 0x00000000ee300000, 0x0000000100000000)
  eden space 153600K, 100% used [0x00000000e0000000,0x00000000e9600000,0x00000000e9600000)
  from space 13824K, 99% used [0x00000000e9600000,0x00000000ea37b950,0x00000000ea380000)
  to   space 20480K, 0% used [0x00000000ecf00000,0x00000000ecf00000,0x00000000ee300000)
 ParOldGen       total 84480K, used 30900K [0x00000000a0000000, 0x00000000a5280000, 0x00000000e0000000)
  object space 84480K, 36% used [0x00000000a0000000,0x00000000a1e2d0d8,0x00000000a5280000)
 Metaspace       used 65955K, capacity 68130K, committed 68352K, reserved 1107968K
  class space    used 9192K, capacity 9651K, committed 9728K, reserved 1048576K
Event: 19.614 GC heap after
Heap after GC invocations=17 (full 3):
 PSYoungGen      total 207872K, used 13898K [0x00000000e0000000, 0x00000000ee180000, 0x0000000100000000)
  eden space 188928K, 0% used [0x00000000e0000000,0x00000000e0000000,0x00000000eb880000)
  from space 18944K, 73% used [0x00000000ecf00000,0x00000000edc92a70,0x00000000ee180000)
  to   space 20992K, 0% used [0x00000000eb880000,0x00000000eb880000,0x00000000ecd00000)
 ParOldGen       total 84480K, used 43232K [0x00000000a0000000, 0x00000000a5280000, 0x00000000e0000000)
  object space 84480K, 51% used [0x00000000a0000000,0x00000000a2a381e8,0x00000000a5280000)
 Metaspace       used 65955K, capacity 68130K, committed 68352K, reserved 1107968K
  class space    used 9192K, capacity 9651K, committed 9728K, reserved 1048576K
}

Deoptimization events (10 events):
Event: 20.115 Thread 0x000000001b8ee800 Uncommon trap: reason=unstable_if action=reinterpret pc=0x0000000003a9d8d0 method=java.util.concurrent.ConcurrentHashMap.addCount(JI)V @ 110
Event: 20.308 Thread 0x0000000018ddf000 Uncommon trap: reason=bimorphic action=maybe_recompile pc=0x00000000033b3cb8 method=java.util.Hashtable.get(Ljava/lang/Object;)Ljava/lang/Object; @ 6
Event: 20.308 Thread 0x0000000018ddf000 Uncommon trap: reason=bimorphic action=maybe_recompile pc=0x00000000033b3cb8 method=java.util.Hashtable.get(Ljava/lang/Object;)Ljava/lang/Object; @ 6
Event: 20.308 Thread 0x0000000018ddf000 Uncommon trap: reason=bimorphic action=maybe_recompile pc=0x00000000033b3cb8 method=java.util.Hashtable.get(Ljava/lang/Object;)Ljava/lang/Object; @ 6
Event: 20.308 Thread 0x0000000018ddf000 Uncommon trap: reason=bimorphic action=maybe_recompile pc=0x00000000033b3cb8 method=java.util.Hashtable.get(Ljava/lang/Object;)Ljava/lang/Object; @ 6
Event: 20.334 Thread 0x0000000018ddf000 Uncommon trap: reason=unstable_if action=reinterpret pc=0x0000000002537328 method=java.lang.String.replace(CC)Ljava/lang/String; @ 2
Event: 20.339 Thread 0x0000000018ddf000 Uncommon trap: reason=unstable_if action=reinterpret pc=0x00000000036eb6cc method=groovy.lang.MetaClassImpl.checkIfStdMethod(Lgroovy/lang/MetaMethod;)V @ 78
Event: 20.339 Thread 0x0000000018ddf000 Uncommon trap: reason=bimorphic action=maybe_recompile pc=0x0000000003787a5c method=org.codehaus.groovy.runtime.metaclass.MetaMethodIndex.addMethodToList(Ljava/lang/Object;Lgroovy/lang/MetaMethod;)Ljava/lang/Object; @ 102
Event: 20.339 Thread 0x0000000018ddf000 Uncommon trap: reason=unstable_if action=reinterpret pc=0x0000000003117148 method=org.codehaus.groovy.runtime.metaclass.MetaMethodIndex.copyNonPrivateNonNewMetaMethods(Lorg/codehaus/groovy/runtime/metaclass/MetaMethodIndex$Entry;Lorg/codehaus/groovy/runti
Event: 20.339 Thread 0x0000000018ddf000 Uncommon trap: reason=unstable_if action=reinterpret pc=0x0000000002ebe488 method=groovy.lang.MetaClassImpl$1MOPIter.methodNameAction(Ljava/lang/Class;Lorg/codehaus/groovy/runtime/metaclass/MetaMethodIndex$Entry;)V @ 182

Internal exceptions (10 events):
Event: 20.346 Thread 0x0000000018ddf000 Exception <a 'java/security/PrivilegedActionException'> (0x00000000e23a0288) thrown at [C:\re\workspace\8-2-build-windows-amd64-cygwin\jdk8u131\8869\hotspot\src\share\vm\prims\jvm.cpp, line 1390]
Event: 20.346 Thread 0x0000000018ddf000 Exception <a 'java/lang/ClassNotFoundException': groovy/util/BuilderSupportCustomizer> (0x00000000e23a43d8) thrown at [C:\re\workspace\8-2-build-windows-amd64-cygwin\jdk8u131\8869\hotspot\src\share\vm\classfile\systemDictionary.cpp, line 210]
Event: 20.347 Thread 0x0000000018ddf000 Exception <a 'java/security/PrivilegedActionException'> (0x00000000e23af0e8) thrown at [C:\re\workspace\8-2-build-windows-amd64-cygwin\jdk8u131\8869\hotspot\src\share\vm\prims\jvm.cpp, line 1390]
Event: 20.347 Thread 0x0000000018ddf000 Exception <a 'java/security/PrivilegedActionException'> (0x00000000e23afc80) thrown at [C:\re\workspace\8-2-build-windows-amd64-cygwin\jdk8u131\8869\hotspot\src\share\vm\prims\jvm.cpp, line 1390]
Event: 20.347 Thread 0x0000000018ddf000 Exception <a 'java/security/PrivilegedActionException'> (0x00000000e23bae18) thrown at [C:\re\workspace\8-2-build-windows-amd64-cygwin\jdk8u131\8869\hotspot\src\share\vm\prims\jvm.cpp, line 1390]
Event: 20.347 Thread 0x0000000018ddf000 Exception <a 'java/security/PrivilegedActionException'> (0x00000000e23bbb98) thrown at [C:\re\workspace\8-2-build-windows-amd64-cygwin\jdk8u131\8869\hotspot\src\share\vm\prims\jvm.cpp, line 1390]
Event: 20.348 Thread 0x0000000018ddf000 Exception <a 'java/lang/ClassNotFoundException': groovy/util/AntBuilderCustomizer> (0x00000000e23bf9b0) thrown at [C:\re\workspace\8-2-build-windows-amd64-cygwin\jdk8u131\8869\hotspot\src\share\vm\classfile\systemDictionary.cpp, line 210]
Event: 20.349 Thread 0x0000000018ddf000 Exception <a 'java/lang/ClassNotFoundException': org/gradle/api/AntBuilderCustomizer> (0x00000000e23d77d0) thrown at [C:\re\workspace\8-2-build-windows-amd64-cygwin\jdk8u131\8869\hotspot\src\share\vm\classfile\systemDictionary.cpp, line 210]
Event: 20.350 Thread 0x0000000018ddf000 Exception <a 'java/lang/ClassNotFoundException': org/gradle/api/internal/project/ant/BasicAntBuilderCustomizer> (0x00000000e23fc460) thrown at [C:\re\workspace\8-2-build-windows-amd64-cygwin\jdk8u131\8869\hotspot\src\share\vm\classfile\systemDictionary.cp
Event: 20.350 Thread 0x0000000018ddf000 Exception <a 'java/lang/ClassNotFoundException': org/gradle/api/internal/project/DefaultAntBuilderCustomizer> (0x00000000e2428af8) thrown at [C:\re\workspace\8-2-build-windows-amd64-cygwin\jdk8u131\8869\hotspot\src\share\vm\classfile\systemDictionary.cpp,

Events (10 events):
Event: 20.356 loading class org/gradle/normalization/internal/DefaultInputNormalizationHandler
Event: 20.356 loading class org/gradle/normalization/internal/DefaultInputNormalizationHandler done
Event: 20.358 loading class org/gradle/internal/service/scopes/ProjectScopeServices$4
Event: 20.358 loading class org/gradle/internal/service/scopes/ProjectScopeServices$4 done
Event: 20.358 loading class org/gradle/api/internal/artifacts/dsl/DefaultArtifactHandler
Event: 20.358 loading class org/gradle/api/internal/artifacts/dsl/DefaultArtifactHandler done
Event: 20.359 loading class org/gradle/api/internal/artifacts/dsl/DefaultArtifactHandler$DynamicMethods
Event: 20.359 loading class org/gradle/api/internal/artifacts/dsl/DefaultArtifactHandler$DynamicMethods done
Event: 20.833 Thread 0x0000000018ddf000 DEOPT PACKING pc=0x0000000003cabde9 sp=0x000000001a3e90f0
Event: 20.833 Thread 0x0000000018ddf000 DEOPT UNPACKING pc=0x00000000023c787f sp=0x000000001a3e8e30 mode 0


Dynamic libraries:
0x00007ff66e050000 - 0x00007ff66e087000 	C:\Program Files\Java\jdk1.8.0_131\bin\java.exe
0x00007ffea5fc0000 - 0x00007ffea61b0000 	C:\WINDOWS\SYSTEM32\ntdll.dll
0x00007ffea53e0000 - 0x00007ffea5492000 	C:\WINDOWS\System32\KERNEL32.DLL
0x00007ffea2f80000 - 0x00007ffea3223000 	C:\WINDOWS\System32\KERNELBASE.dll
0x00007ffea4bc0000 - 0x00007ffea4c63000 	C:\WINDOWS\System32\ADVAPI32.dll
0x00007ffea4b20000 - 0x00007ffea4bbe000 	C:\WINDOWS\System32\msvcrt.dll
0x00007ffea50e0000 - 0x00007ffea5177000 	C:\WINDOWS\System32\sechost.dll
0x00007ffea5cf0000 - 0x00007ffea5e10000 	C:\WINDOWS\System32\RPCRT4.dll
0x00007ffea4c70000 - 0x00007ffea4e04000 	C:\WINDOWS\System32\USER32.dll
0x00007ffea3ba0000 - 0x00007ffea3bc1000 	C:\WINDOWS\System32\win32u.dll
0x00007ffea4550000 - 0x00007ffea4576000 	C:\WINDOWS\System32\GDI32.dll
0x00007ffea3230000 - 0x00007ffea33c4000 	C:\WINDOWS\System32\gdi32full.dll
0x00007ffea3fa0000 - 0x00007ffea403e000 	C:\WINDOWS\System32\msvcp_win.dll
0x00007ffea3ea0000 - 0x00007ffea3f9a000 	C:\WINDOWS\System32\ucrtbase.dll
0x00007ffe8f260000 - 0x00007ffe8f4e5000 	C:\WINDOWS\WinSxS\amd64_microsoft.windows.common-controls_6595b64144ccf1df_6.0.18362.778_none_e6c6b761130d4fb8\COMCTL32.dll
0x00007ffea4710000 - 0x00007ffea4a46000 	C:\WINDOWS\System32\combase.dll
0x00007ffea3bd0000 - 0x00007ffea3c50000 	C:\WINDOWS\System32\bcryptPrimitives.dll
0x00007ffea5180000 - 0x00007ffea51ae000 	C:\WINDOWS\System32\IMM32.DLL
0x0000000050bd0000 - 0x0000000050ca2000 	C:\Program Files\Java\jdk1.8.0_131\jre\bin\msvcr100.dll
0x0000000077070000 - 0x000000007790c000 	C:\Program Files\Java\jdk1.8.0_131\jre\bin\server\jvm.dll
0x00007ffea4520000 - 0x00007ffea4528000 	C:\WINDOWS\System32\PSAPI.DLL
0x00007ffe9f960000 - 0x00007ffe9f969000 	C:\WINDOWS\SYSTEM32\WSOCK32.dll
0x00007ffe9fbd0000 - 0x00007ffe9fbf4000 	C:\WINDOWS\SYSTEM32\WINMM.dll
0x00007ffe92480000 - 0x00007ffe9248a000 	C:\WINDOWS\SYSTEM32\VERSION.dll
0x00007ffea4ec0000 - 0x00007ffea4f2f000 	C:\WINDOWS\System32\WS2_32.dll
0x00007ffe9fba0000 - 0x00007ffe9fbcd000 	C:\WINDOWS\SYSTEM32\winmmbase.dll
0x00007ffea3b50000 - 0x00007ffea3b9a000 	C:\WINDOWS\System32\cfgmgr32.dll
0x0000000050bc0000 - 0x0000000050bcf000 	C:\Program Files\Java\jdk1.8.0_131\jre\bin\verify.dll
0x0000000050b90000 - 0x0000000050bb9000 	C:\Program Files\Java\jdk1.8.0_131\jre\bin\java.dll
0x0000000050b70000 - 0x0000000050b86000 	C:\Program Files\Java\jdk1.8.0_131\jre\bin\zip.dll
0x00007ffea5600000 - 0x00007ffea5ce5000 	C:\WINDOWS\System32\SHELL32.dll
0x00007ffea4e10000 - 0x00007ffea4eb9000 	C:\WINDOWS\System32\shcore.dll
0x00007ffea33d0000 - 0x00007ffea3b50000 	C:\WINDOWS\System32\windows.storage.dll
0x00007ffea2ef0000 - 0x00007ffea2f13000 	C:\WINDOWS\System32\profapi.dll
0x00007ffea2ea0000 - 0x00007ffea2eea000 	C:\WINDOWS\System32\powrprof.dll
0x00007ffea2e50000 - 0x00007ffea2e60000 	C:\WINDOWS\System32\UMPDC.dll
0x00007ffea4600000 - 0x00007ffea4652000 	C:\WINDOWS\System32\shlwapi.dll
0x00007ffea2e80000 - 0x00007ffea2e91000 	C:\WINDOWS\System32\kernel.appcore.dll
0x00007ffea3e80000 - 0x00007ffea3e97000 	C:\WINDOWS\System32\cryptsp.dll
0x0000000050b50000 - 0x0000000050b6a000 	C:\Program Files\Java\jdk1.8.0_131\jre\bin\net.dll
0x00007ffea26c0000 - 0x00007ffea2727000 	C:\WINDOWS\system32\mswsock.dll
0x0000000050b30000 - 0x0000000050b41000 	C:\Program Files\Java\jdk1.8.0_131\jre\bin\nio.dll
0x00007ffe75860000 - 0x00007ffe75886000 	C:\Users\Client\.gradle\native\29\windows-amd64\native-platform.dll
0x0000000050b20000 - 0x0000000050b2d000 	C:\Program Files\Java\jdk1.8.0_131\jre\bin\management.dll
0x00007ffea2230000 - 0x00007ffea2263000 	C:\WINDOWS\system32\rsaenh.dll
0x00007ffea3e50000 - 0x00007ffea3e76000 	C:\WINDOWS\System32\bcrypt.dll
0x00007ffea2d70000 - 0x00007ffea2d95000 	C:\WINDOWS\SYSTEM32\USERENV.dll
0x00007ffea2890000 - 0x00007ffea289c000 	C:\WINDOWS\SYSTEM32\CRYPTBASE.dll
0x00007ffea23d0000 - 0x00007ffea240a000 	C:\WINDOWS\SYSTEM32\IPHLPAPI.DLL
0x00007ffea4040000 - 0x00007ffea4048000 	C:\WINDOWS\System32\NSI.dll
0x00007ffe9b570000 - 0x00007ffe9b586000 	C:\WINDOWS\SYSTEM32\dhcpcsvc6.DLL
0x00007ffe9b4c0000 - 0x00007ffe9b4dc000 	C:\WINDOWS\SYSTEM32\dhcpcsvc.DLL
0x00007ffea2420000 - 0x00007ffea24ea000 	C:\WINDOWS\SYSTEM32\DNSAPI.dll

VM Arguments:
jvm_args: -Xmx1536m -Dfile.encoding=windows-1252 -Duser.country=FR -Duser.language=fr -Duser.variant 
java_command: org.gradle.launcher.daemon.bootstrap.GradleDaemon 5.4.1
java_class_path (initial): C:\Users\Client\.gradle\wrapper\dists\gradle-5.4.1-all\3221gyojl5jsh0helicew7rwx\gradle-5.4.1\lib\gradle-launcher-5.4.1.jar
Launcher Type: SUN_STANDARD

Environment Variables:
JAVA_HOME=C:\Program Files\Java\jdk1.8.0_131
USERNAME=Client
OS=Windows_NT
PROCESSOR_IDENTIFIER=Intel64 Family 6 Model 58 Stepping 9, GenuineIntel



---------------  S Y S T E M  ---------------

OS: Windows 10.0 , 64 bit Build 18362 (10.0.18362.778)

CPU:total 4 (initial active 4) (2 cores per cpu, 2 threads per core) family 6 model 58 stepping 9, cmov, cx8, fxsr, mmx, sse, sse2, sse3, ssse3, sse4.1, sse4.2, popcnt, avx, aes, clmul, erms, ht, tsc, tscinvbit, tscinv

Memory: 4k page, physical 8248880k(1071496k free), swap 8773168k(4140k free)

vm_info: Java HotSpot(TM) 64-Bit Server VM (25.131-b11) for windows-amd64 JRE (1.8.0_131-b11), built on Mar 15 2017 01:23:53 by "java_re" with MS VC++ 10.0 (VS2010)

time: Tue May 12 00:02:52 2020
elapsed time: 20 seconds (0d 0h 0m 20s)

